[INFO] [2018-03-19 15:27:06 +0800] views 8084 6164 custom logging
[INFO] [2018-03-19 15:27:06 +0800] views 8084 6164 temppage successfully
[INFO] [2018-03-19 15:27:06 +0800] basehttp 8084 6164 "GET /demo/ HTTP/1.1" 200 5888
[INFO] [2018-03-19 15:27:09 +0800] views 8084 7616 custom logging
[INFO] [2018-03-19 15:27:09 +0800] views 8084 7616 temppage successfully
[INFO] [2018-03-19 15:27:09 +0800] basehttp 8084 7616 "GET /demo/ HTTP/1.1" 200 5888
[INFO] [2018-03-19 15:35:03 +0800] basehttp 7288 2948 "GET /userauth/ HTTP/1.1" 200 4558
[INFO] [2018-03-19 15:35:04 +0800] views 7288 7636 custom logging
[INFO] [2018-03-19 15:35:04 +0800] views 7288 7636 temppage successfully
[INFO] [2018-03-19 15:35:04 +0800] basehttp 7288 7636 "GET /demo/ HTTP/1.1" 200 5888
[INFO] [2018-03-19 15:36:10 +0800] views 3256 6400 custom logging
[INFO] [2018-03-19 15:36:10 +0800] views 3256 6400 temppage successfully
[INFO] [2018-03-19 15:36:12 +0800] views 3256 3960 custom logging
[INFO] [2018-03-19 15:36:12 +0800] views 3256 3960 temppage successfully
[INFO] [2018-03-19 16:33:03 +0800] views 4744 2600 custom logging
[INFO] [2018-03-19 16:33:10 +0800] views 4744 6748 temppage successfully
[INFO] [2018-03-19 16:36:06 +0800] views 4744 7744 temppage successfully
[INFO] [2018-03-19 16:37:54 +0800] views 3496 7456 custom logging
[INFO] [2018-03-19 16:37:54 +0800] views 3496 7456 load context successfully
[INFO] [2018-03-19 16:49:49 +0800] views 7796 7688 custom logging
[INFO] [2018-03-19 16:49:49 +0800] views 7796 7688 load context successfully
[INFO] [2018-03-19 17:18:28 +0800] views 7492 6496 custom logging
[INFO] [2018-03-19 17:18:28 +0800] views 7492 6496 load context successfully
[INFO] [2018-03-19 17:21:52 +0800] views 6648 3328 custom logging
[INFO] [2018-03-19 17:21:52 +0800] views 6648 3328 load context successfully
[INFO] [2018-03-19 17:22:02 +0800] views 6648 3620 custom logging
[INFO] [2018-03-19 17:22:02 +0800] views 6648 3620 load context successfully
[INFO] [2018-03-19 17:22:09 +0800] views 6648 3144 custom logging
[INFO] [2018-03-19 17:22:09 +0800] views 6648 3144 load context successfully
[INFO] [2018-03-19 17:22:16 +0800] views 6648 4864 custom logging
[INFO] [2018-03-19 17:22:16 +0800] views 6648 4864 load context successfully
[INFO] [2018-03-19 17:22:32 +0800] views 6648 7560 custom logging
[INFO] [2018-03-19 17:22:32 +0800] views 6648 7560 load context successfully
[INFO] [2018-03-20 10:29:04 +0800] views 752 4772 custom logging
[INFO] [2018-03-20 10:29:04 +0800] views 752 4772 load context successfully
[INFO] [2018-03-20 10:29:50 +0800] views 752 5140 custom logging
[INFO] [2018-03-20 10:29:50 +0800] views 752 5140 load context successfully
[INFO] [2018-03-20 10:30:06 +0800] views 752 6660 custom logging
[INFO] [2018-03-20 10:30:06 +0800] views 752 6660 load context successfully
[INFO] [2018-03-20 11:24:11 +0800] views 8036 8068 custom logging
[INFO] [2018-03-20 11:24:11 +0800] views 8036 8068 load context successfully
[INFO] [2018-03-20 11:24:16 +0800] views 8036 8116 custom logging
[INFO] [2018-03-20 11:24:16 +0800] views 8036 8116 load context successfully
[INFO] [2018-03-20 11:29:42 +0800] views 7836 7768 custom logging
[INFO] [2018-03-20 11:29:42 +0800] views 7836 7768 load context successfully
[INFO] [2018-03-20 11:33:37 +0800] views 7796 2708 custom logging
[INFO] [2018-03-20 11:33:37 +0800] views 7796 2708 load context successfully
[INFO] [2018-03-20 11:34:40 +0800] views 8116 6616 custom logging
[INFO] [2018-03-20 11:34:40 +0800] views 8116 6616 load context successfully
[INFO] [2018-03-20 11:34:49 +0800] views 8116 6316 custom logging
[INFO] [2018-03-20 11:34:49 +0800] views 8116 6316 load context successfully
[INFO] [2018-03-20 15:36:18 +0800] views 4772 7984 custom logging
[INFO] [2018-03-20 15:36:18 +0800] views 4772 7984 load context successfully
[INFO] [2018-03-20 16:32:15 +0800] views 7544 7140 custom logging
[INFO] [2018-03-20 16:32:15 +0800] views 7544 7140 load context successfully
[INFO] [2018-03-20 16:32:19 +0800] views 7544 7120 custom logging
[INFO] [2018-03-20 16:32:19 +0800] views 7544 7120 load context successfully
[INFO] [2018-03-21 10:43:23 +0800] views 6748 6628 custom logging
[INFO] [2018-03-21 10:43:23 +0800] views 6748 6628 load context successfully
[INFO] [2018-03-21 10:47:07 +0800] views 3220 836 custom logging
[INFO] [2018-03-21 10:47:07 +0800] views 3220 836 load context successfully
[INFO] [2018-03-21 10:47:35 +0800] views 3220 6704 custom logging
[INFO] [2018-03-21 10:47:35 +0800] views 3220 6704 load context successfully
[INFO] [2018-03-21 11:05:12 +0800] views 3220 7572 custom logging
[INFO] [2018-03-21 11:05:12 +0800] views 3220 7572 load context successfully
