INFO 2018-03-18 11:29:01,850 basehttp 3312 984 "GET /info/ HTTP/1.1" 200 5796
INFO 2018-03-18 11:30:50,702 basehttp 6968 6492 "GET /info/ HTTP/1.1" 200 5796
INFO 2018-03-18 11:30:51,009 basehttp 6968 6764 "GET /static/icon/favicon.ico HTTP/1.1" 200 5430
INFO 2018-03-18 11:32:11,256 basehttp 6976 4400 "GET /userauth/ HTTP/1.1" 200 4553
INFO 2018-03-18 11:33:14,355 basehttp 4848 3980 "GET /demo/ HTTP/1.1" 200 5874
INFO 2018-03-18 11:35:22,763 basehttp 6104 3684 "GET /userauth/ HTTP/1.1" 200 4553
WARNING 2018-03-18 11:37:45,614 base 6104 4964 Not Found: /dasdsa
WARNING 2018-03-18 11:37:45,616 basehttp 6104 4964 "GET /dasdsa HTTP/1.1" 404 4389
WARNING 2018-03-18 11:37:46,011 base 6104 1048 Not Found: /favicon.ico
WARNING 2018-03-18 11:37:46,014 basehttp 6104 1048 "GET /favicon.ico HTTP/1.1" 404 4404
INFO 2018-03-18 11:39:53,588 basehttp 6104 2324 "GET /demo/ HTTP/1.1" 200 5874
INFO 2018-03-18 11:39:56,871 basehttp 6104 644 "GET /userauth/ HTTP/1.1" 200 4553
INFO 2018-03-18 11:45:01,538 basehttp 1372 5888 "GET /userauth/ HTTP/1.1" 200 4550
INFO 2018-03-18 11:45:01,743 basehttp 1372 2936 "GET /static/icon/demo.ico HTTP/1.1" 200 4286
INFO 2018-03-18 11:45:02,779 basehttp 1372 5304 "GET /userauth/ HTTP/1.1" 200 4550
INFO 2018-03-18 11:45:02,921 basehttp 1372 4844 "GET /static/icon/demo.ico HTTP/1.1" 200 4286
INFO 2018-03-18 11:45:03,590 basehttp 1372 6392 "GET /userauth/ HTTP/1.1" 200 4550
INFO 2018-03-18 11:45:03,754 basehttp 1372 4736 "GET /static/icon/demo.ico HTTP/1.1" 200 4286
INFO 2018-03-18 11:45:10,757 basehttp 1372 1144 "GET /userauth/ HTTP/1.1" 200 4550
INFO 2018-03-18 11:47:10,333 basehttp 5636 6684 "GET /demo/ HTTP/1.1" 200 5871
INFO 2018-03-18 11:52:35,343 basehttp 4748 6596 "GET /demo/ HTTP/1.1" 200 5871
INFO 2018-03-18 11:52:35,600 basehttp 4748 6460 "GET /static/icon/demo.ico HTTP/1.1" 200 4286
INFO 2018-03-18 11:52:39,422 basehttp 4748 4616 "GET /demo/ HTTP/1.1" 200 5871
INFO 2018-03-18 11:57:09,952 basehttp 3680 1036 "GET /demo/ HTTP/1.1" 200 5871
[INFO] 2018-03-18 12:00:14,634 basehttp 6984 7016 "GET /demo/ HTTP/1.1" 200 5871
[INFO] 2018-03-18 12:01:40,867 basehttp 3512 2800 "GET /demo/ HTTP/1.1" 200 5871
[INFO] 2018-03-18 12:01:41,147 basehttp 3512 1876 "GET /static/icon/demo.ico HTTP/1.1" 200 4286
[INFO] 2018-03-18 12:03:04,245 views 1760 4008 temppage successfully
[INFO] 2018-03-18 12:03:04,292 basehttp 1760 4008 "GET /demo/ HTTP/1.1" 200 5871
[INFO] 2018-03-18 12:03:29,917 views 1760 2996 temppage successfully
[INFO] 2018-03-18 12:03:29,922 basehttp 1760 2996 "GET /demo/ HTTP/1.1" 200 5871
[INFO] 2018-03-18 12:03:30,177 basehttp 1760 6856 "GET /static/icon/demo.ico HTTP/1.1" 200 4286
[INFO] 2018-03-18 12:09:12,117 basehttp 1760 6976 "GET /userauth/ HTTP/1.1" 200 4553
[INFO] 2018-03-18 12:49:10,307 basehttp 6536 Thread-2 "GET /userauth/ HTTP/1.1" 200 4553
[INFO] 2018-03-18-12:53:45 basehttp 2632 6308 "GET /userauth/ HTTP/1.1" 200 4553
[INFO] 2018-03-18 12:58:08 +0800 basehttp 6728 1308 "GET /userauth/ HTTP/1.1" 200 4553
[INFO] 2018-03-18 12:58:08 +0800 basehttp 6728 5408 "GET /static/icon/favicon.ico HTTP/1.1" 200 5430
[INFO] [2018-03-19 10:09:18 +0800] basehttp 6592 5012 "GET / HTTP/1.1" 200 4698
[INFO] [2018-03-19 10:09:18 +0800] basehttp 6592 2452 "GET /static/bootstrap-3.3.7/css/sticky-footer-navbar.css HTTP/1.1" 304 0
[INFO] [2018-03-19 10:09:20 +0800] basehttp 6592 4784 "GET /test/ HTTP/1.1" 200 11628
[WARNING] [2018-03-19 10:13:14 +0800] base 6592 4304 Not Found: /favicon.ico
[WARNING] [2018-03-19 10:13:14 +0800] basehttp 6592 4304 "GET /favicon.ico HTTP/1.1" 404 4406
[INFO] [2018-03-19 10:15:50 +0800] basehttp 6592 5760 "GET / HTTP/1.1" 200 4701
[INFO] [2018-03-19 10:15:53 +0800] basehttp 6592 3756 "GET /userauth/ HTTP/1.1" 200 4556
[INFO] [2018-03-19 10:16:50 +0800] basehttp 6592 5700 "GET /userauth/ HTTP/1.1" 200 4553
[INFO] [2018-03-19 10:16:51 +0800] basehttp 6592 5976 "GET /static/icon/favicon.ico HTTP/1.1" 200 5430
[INFO] [2018-03-19 10:16:59 +0800] basehttp 6592 5484 "GET /userauth/ HTTP/1.1" 200 4589
[INFO] [2018-03-19 10:16:59 +0800] basehttp 6592 6424 "GET /static/icon/favicon.ico HTTP/1.1" 200 5430
[INFO] [2018-03-19 10:17:06 +0800] basehttp 6592 4420 "GET /userauth/ HTTP/1.1" 200 4553
[INFO] [2018-03-19 10:17:06 +0800] basehttp 6592 1124 "GET /static/icon/favicon.ico HTTP/1.1" 200 5430
[INFO] [2018-03-19 10:25:26 +0800] basehttp 6592 3184 "GET / HTTP/1.1" 200 4698
[INFO] [2018-03-19 10:27:43 +0800] basehttp 6592 4124 "GET /test/ HTTP/1.1" 200 11628
[WARNING] [2018-03-19 10:28:14 +0800] base 2900 3148 Not Found: /test/
[WARNING] [2018-03-19 10:28:14 +0800] basehttp 2900 3148 "GET /test/ HTTP/1.1" 404 4393
[INFO] [2018-03-19 10:28:20 +0800] basehttp 2900 6880 "GET / HTTP/1.1" 200 4703
[INFO] [2018-03-19 10:28:22 +0800] basehttp 2900 6900 "GET /blogindex/ HTTP/1.1" 200 11638
[INFO] [2018-03-19 10:28:24 +0800] basehttp 2900 6460 "GET /blogindex/ HTTP/1.1" 200 11638
[INFO] [2018-03-19 10:28:27 +0800] basehttp 2900 904 "GET /post/3/ HTTP/1.1" 200 10587
[INFO] [2018-03-19 10:28:29 +0800] basehttp 2900 3184 "GET /blogindex/ HTTP/1.1" 200 11638
[INFO] [2018-03-19 11:31:24 +0800] views 2900 8076 temppage successfully
[INFO] [2018-03-19 11:31:24 +0800] basehttp 2900 8076 "GET /demo/ HTTP/1.1" 200 5888
[INFO] [2018-03-19 11:31:30 +0800] basehttp 2900 8144 "GET /userauth/login/ HTTP/1.1" 200 7229
[INFO] [2018-03-19 11:31:33 +0800] views 2900 2636 temppage successfully
[INFO] [2018-03-19 11:31:33 +0800] basehttp 2900 2636 "GET /demo/ HTTP/1.1" 200 5888
