[INFO] [2018-07-12 15:08:12 +0800] basehttp 6424 7328 "GET / HTTP/1.1" 200 3810
[INFO] [2018-07-12 15:08:12 +0800] basehttp 6424 8012 "GET /static/jquery-3.2.1/jquery-3.2.1.min.js HTTP/1.1" 200 86659
[INFO] [2018-07-12 15:08:12 +0800] basehttp 6424 6776 "GET /static/bootstrap-3.3.7/js/bootstrap.min.js HTTP/1.1" 200 37045
[INFO] [2018-07-12 15:08:12 +0800] basehttp 6424 6952 "GET /static/icon/favicon.ico HTTP/1.1" 200 5430
[INFO] [2018-07-12 15:08:13 +0800] basehttp 6424 7864 "GET /userauth/login/ HTTP/1.1" 200 6336
[INFO] [2018-07-12 15:08:16 +0800] basehttp 6424 7420 "POST /userauth/login/ HTTP/1.1" 302 0
[INFO] [2018-07-12 15:08:16 +0800] basehttp 6424 6672 "GET /userauth/ HTTP/1.1" 200 4558
[INFO] [2018-07-12 15:10:35 +0800] basehttp 6424 6384 "GET /info/ HTTP/1.1" 200 5803
[INFO] [2018-07-12 15:11:09 +0800] basehttp 6424 6948 "GET /admin HTTP/1.1" 301 0
[INFO] [2018-07-12 15:11:10 +0800] basehttp 6424 8008 "GET /admin/ HTTP/1.1" 200 8717
[INFO] [2018-07-12 15:11:10 +0800] basehttp 6424 6224 "GET /static/admin/css/base.css HTTP/1.1" 200 16066
[INFO] [2018-07-12 15:11:10 +0800] basehttp 6424 1348 "GET /static/admin/css/dashboard.css HTTP/1.1" 200 412
[INFO] [2018-07-12 15:11:10 +0800] basehttp 6424 7016 "GET /static/admin/css/fonts.css HTTP/1.1" 200 423
[INFO] [2018-07-12 15:11:10 +0800] basehttp 6424 7352 "GET /static/admin/img/icon-addlink.svg HTTP/1.1" 200 331
[INFO] [2018-07-12 15:11:10 +0800] basehttp 6424 3836 "GET /static/admin/fonts/Roboto-Light-webfont.woff HTTP/1.1" 200 81348
[INFO] [2018-07-12 15:11:10 +0800] basehttp 6424 8012 "GET /static/admin/fonts/Roboto-Regular-webfont.woff HTTP/1.1" 200 80304
[INFO] [2018-07-12 15:11:10 +0800] basehttp 6424 6776 "GET /static/admin/img/icon-changelink.svg HTTP/1.1" 200 380
[INFO] [2018-07-12 15:11:10 +0800] basehttp 6424 5480 "GET /static/admin/fonts/Roboto-Bold-webfont.woff HTTP/1.1" 200 82564
[WARNING] [2018-07-12 15:11:10 +0800] base 6424 6288 Not Found: /favicon.ico
[WARNING] [2018-07-12 15:11:10 +0800] basehttp 6424 6288 "GET /favicon.ico HTTP/1.1" 404 4411
[INFO] [2018-07-12 15:11:12 +0800] basehttp 6424 6472 "GET /admin/auth/user/ HTTP/1.1" 200 6479
[INFO] [2018-07-12 15:11:12 +0800] basehttp 6424 7864 "GET /static/admin/css/changelists.css HTTP/1.1" 200 6170
[INFO] [2018-07-12 15:11:12 +0800] basehttp 6424 6572 "GET /static/admin/js/core.js HTTP/1.1" 200 7976
[INFO] [2018-07-12 15:11:12 +0800] basehttp 6424 7376 "GET /admin/jsi18n/ HTTP/1.1" 200 3189
[INFO] [2018-07-12 15:11:12 +0800] basehttp 6424 6672 "GET /static/admin/js/jquery.init.js HTTP/1.1" 200 363
[INFO] [2018-07-12 15:11:12 +0800] basehttp 6424 7888 "GET /static/admin/js/admin/RelatedObjectLookups.js HTTP/1.1" 200 6591
[INFO] [2018-07-12 15:11:12 +0800] basehttp 6424 6908 "GET /static/admin/js/prepopulate.js HTTP/1.1" 200 1538
[INFO] [2018-07-12 15:11:12 +0800] basehttp 6424 7420 "GET /static/admin/js/vendor/jquery/jquery.js HTTP/1.1" 200 258648
[INFO] [2018-07-12 15:11:12 +0800] basehttp 6424 7632 "GET /static/admin/js/vendor/xregexp/xregexp.js HTTP/1.1" 200 128820
[INFO] [2018-07-12 15:11:12 +0800] basehttp 6424 3064 "GET /static/admin/js/actions.js HTTP/1.1" 200 6501
[INFO] [2018-07-12 15:11:12 +0800] basehttp 6424 8056 "GET /static/admin/js/urlify.js HTTP/1.1" 200 8186
[INFO] [2018-07-12 15:11:12 +0800] basehttp 6424 4728 "GET /static/admin/img/search.svg HTTP/1.1" 200 458
[INFO] [2018-07-12 15:11:12 +0800] basehttp 6424 8052 "GET /static/admin/img/icon-yes.svg HTTP/1.1" 200 436
[INFO] [2018-07-12 15:11:12 +0800] basehttp 6424 7968 "GET /static/admin/img/tooltag-add.svg HTTP/1.1" 200 331
[INFO] [2018-07-12 15:11:12 +0800] basehttp 6424 7552 "GET /static/admin/img/sorting-icons.svg HTTP/1.1" 200 1097
[INFO] [2018-07-12 15:11:18 +0800] basehttp 6424 2864 "GET /admin/auth/user/1/change/ HTTP/1.1" 200 18312
[INFO] [2018-07-12 15:11:18 +0800] basehttp 6424 8176 "GET /static/admin/css/forms.css HTTP/1.1" 200 8173
[INFO] [2018-07-12 15:11:18 +0800] basehttp 6424 7104 "GET /static/admin/js/SelectBox.js HTTP/1.1" 200 5755
[INFO] [2018-07-12 15:11:18 +0800] basehttp 6424 5896 "GET /admin/jsi18n/ HTTP/1.1" 200 3189
[INFO] [2018-07-12 15:11:18 +0800] basehttp 6424 7788 "GET /static/admin/js/calendar.js HTTP/1.1" 200 7790
[INFO] [2018-07-12 15:11:18 +0800] basehttp 6424 6340 "GET /static/admin/js/admin/DateTimeShortcuts.js HTTP/1.1" 200 20529
[INFO] [2018-07-12 15:11:18 +0800] basehttp 6424 6692 "GET /static/admin/js/SelectFilter2.js HTTP/1.1" 200 12389
[INFO] [2018-07-12 15:11:18 +0800] basehttp 6424 4276 "GET /static/admin/js/inlines.js HTTP/1.1" 200 13665
[INFO] [2018-07-12 15:11:18 +0800] basehttp 6424 6428 "GET /static/admin/css/widgets.css HTTP/1.1" 200 10340
[INFO] [2018-07-12 15:11:18 +0800] basehttp 6424 7284 "GET /static/admin/js/change_form.js HTTP/1.1" 200 712
[INFO] [2018-07-12 15:11:18 +0800] basehttp 6424 6844 "GET /static/admin/js/prepopulate_init.js HTTP/1.1" 200 495
[INFO] [2018-07-12 15:11:18 +0800] basehttp 6424 7456 "GET /static/admin/img/icon-unknown.svg HTTP/1.1" 200 655
[INFO] [2018-07-12 15:11:18 +0800] basehttp 6424 7676 "GET /static/admin/img/selector-icons.svg HTTP/1.1" 200 3291
[INFO] [2018-07-12 15:11:18 +0800] basehttp 6424 7592 "GET /static/admin/img/icon-unknown-alt.svg HTTP/1.1" 200 655
[INFO] [2018-07-12 15:11:18 +0800] basehttp 6424 7948 "GET /static/admin/img/icon-clock.svg HTTP/1.1" 200 677
[INFO] [2018-07-12 15:11:18 +0800] basehttp 6424 6680 "GET /static/admin/img/icon-calendar.svg HTTP/1.1" 200 1086
[INFO] [2018-07-12 15:13:58 +0800] basehttp 6424 5736 "GET /admin/auth/user/ HTTP/1.1" 200 6479
[INFO] [2018-07-12 15:14:03 +0800] basehttp 6424 7716 "GET /admin/ HTTP/1.1" 200 8717
[INFO] [2018-07-12 15:14:06 +0800] basehttp 6424 6928 "GET /admin/services/server_type/ HTTP/1.1" 200 4489
[INFO] [2018-07-12 15:14:06 +0800] basehttp 6424 7076 "GET /admin/jsi18n/ HTTP/1.1" 200 3189
[INFO] [2018-07-12 15:14:07 +0800] basehttp 6424 7332 "GET /admin/ HTTP/1.1" 200 8717
[INFO] [2018-07-12 15:14:08 +0800] basehttp 6424 7664 "GET /admin/services/server_urls/ HTTP/1.1" 200 5888
[INFO] [2018-07-12 15:14:08 +0800] basehttp 6424 7424 "GET /admin/jsi18n/ HTTP/1.1" 200 3189
[INFO] [2018-07-12 15:14:20 +0800] basehttp 6424 7580 "GET /admin/services/server_urls/1/change/ HTTP/1.1" 200 6474
[INFO] [2018-07-12 15:14:20 +0800] basehttp 6424 3928 "GET /admin/jsi18n/ HTTP/1.1" 200 3189
[INFO] [2018-07-12 15:14:22 +0800] basehttp 6424 7556 "GET /admin/services/server_urls/ HTTP/1.1" 200 5888
[INFO] [2018-07-12 15:15:24 +0800] basehttp 6424 6524 "GET / HTTP/1.1" 200 4703
[INFO] [2018-07-12 15:15:27 +0800] basehttp 6424 6948 "GET /admin/services/server_urls/ HTTP/1.1" 200 5888
[INFO] [2018-07-12 15:15:28 +0800] basehttp 6424 8008 "GET / HTTP/1.1" 200 4703
[INFO] [2018-07-12 15:15:31 +0800] basehttp 6424 6224 "GET /userauth/ HTTP/1.1" 200 4558
[INFO] [2018-07-12 15:15:33 +0800] basehttp 6424 1348 "GET /demo/ HTTP/1.1" 200 5845
[INFO] [2018-07-12 15:17:20 +0800] basehttp 6424 6648 "GET /info/ HTTP/1.1" 200 5803
[INFO] [2018-07-12 15:17:44 +0800] basehttp 6424 7356 "GET /userauth/password-change/ HTTP/1.1" 200 6072
[INFO] [2018-07-12 15:17:50 +0800] basehttp 6424 7952 "GET /userauth/ HTTP/1.1" 200 4558
[INFO] [2018-07-12 15:17:57 +0800] basehttp 6424 7844 "GET /hello HTTP/1.1" 200 7813
[INFO] [2018-07-12 15:17:59 +0800] basehttp 6424 7220 "GET /url/ HTTP/1.1" 200 5188
[INFO] [2018-07-12 15:18:03 +0800] basehttp 6424 7388 "GET /url/environment/1/ HTTP/1.1" 200 5079
[INFO] [2018-07-12 15:18:04 +0800] basehttp 6424 6124 "GET /url/environment/2/ HTTP/1.1" 200 4988
[INFO] [2018-07-12 15:19:37 +0800] basehttp 6424 7892 "GET /blogindex/ HTTP/1.1" 200 11638
[INFO] [2018-07-12 15:19:39 +0800] basehttp 6424 6908 "GET /url/ HTTP/1.1" 200 5188
[INFO] [2018-07-12 15:19:47 +0800] basehttp 6424 6844 "GET /url/ HTTP/1.1" 200 5188
[INFO] [2018-07-12 15:19:47 +0800] basehttp 6424 7284 "GET /static/icon/favicon.ico HTTP/1.1" 200 5430
[INFO] [2018-07-12 15:19:48 +0800] basehttp 6424 7456 "GET /url/ HTTP/1.1" 200 5188
[INFO] [2018-07-12 15:19:48 +0800] basehttp 6424 4672 "GET /static/icon/favicon.ico HTTP/1.1" 200 5430
[INFO] [2018-07-12 15:19:54 +0800] basehttp 6424 7832 "GET /url/ HTTP/1.1" 200 5188
[INFO] [2018-07-12 15:19:54 +0800] basehttp 6424 6324 "GET /static/icon/favicon.ico HTTP/1.1" 200 5430
[INFO] [2018-07-12 15:19:55 +0800] basehttp 6424 8052 "GET /url/ HTTP/1.1" 200 5188
[INFO] [2018-07-12 15:19:55 +0800] basehttp 6424 7848 "GET /static/icon/favicon.ico HTTP/1.1" 200 5430
[INFO] [2018-07-12 15:20:00 +0800] basehttp 6424 7544 "GET /url/ HTTP/1.1" 200 5188
[INFO] [2018-07-12 15:20:00 +0800] basehttp 6424 7388 "GET /static/icon/favicon.ico HTTP/1.1" 200 5430
[INFO] [2018-07-12 15:20:06 +0800] basehttp 6424 288 "GET /url/ HTTP/1.1" 200 5187
[INFO] [2018-07-12 15:20:07 +0800] basehttp 6424 8084 "GET /static/icon/favicon.ico HTTP/1.1" 200 5430
[INFO] [2018-07-12 15:20:07 +0800] basehttp 6424 6780 "GET /url/ HTTP/1.1" 200 5187
[INFO] [2018-07-12 15:20:07 +0800] basehttp 6424 5736 "GET /static/icon/favicon.ico HTTP/1.1" 200 5430
[INFO] [2018-07-12 15:20:12 +0800] basehttp 6424 7624 "GET /url/ HTTP/1.1" 200 5187
[INFO] [2018-07-12 15:20:13 +0800] basehttp 6424 7044 "GET /static/icon/favicon.ico HTTP/1.1" 200 5430
[INFO] [2018-07-12 15:20:14 +0800] basehttp 6424 3664 "GET /url/ HTTP/1.1" 200 5187
[INFO] [2018-07-12 15:20:14 +0800] basehttp 6424 6716 "GET /static/icon/favicon.ico HTTP/1.1" 200 5430
[INFO] [2018-07-12 15:20:20 +0800] basehttp 6424 7968 "GET /url/ HTTP/1.1" 200 5187
[INFO] [2018-07-12 15:20:20 +0800] basehttp 6424 7192 "GET /static/icon/favicon.ico HTTP/1.1" 200 5430
[INFO] [2018-07-12 15:20:20 +0800] basehttp 6424 8184 "GET /url/ HTTP/1.1" 200 5187
[INFO] [2018-07-12 15:20:21 +0800] basehttp 6424 7636 "GET /static/icon/favicon.ico HTTP/1.1" 200 5430
[INFO] [2018-07-12 15:20:26 +0800] basehttp 6424 7336 "GET / HTTP/1.1" 200 4703
[INFO] [2018-07-12 15:20:27 +0800] basehttp 6424 6796 "GET /url/ HTTP/1.1" 200 5187
[INFO] [2018-07-12 15:23:18 +0800] basehttp 6424 6472 "GET /url/ HTTP/1.1" 200 5213
[INFO] [2018-07-12 15:23:19 +0800] basehttp 6424 6476 "GET /static/icon/favicon.ico HTTP/1.1" 200 5430
[INFO] [2018-07-12 15:23:19 +0800] basehttp 6424 8012 "GET /url/ HTTP/1.1" 200 5213
[INFO] [2018-07-12 15:23:19 +0800] basehttp 6424 1648 "GET /static/icon/favicon.ico HTTP/1.1" 200 5430
[INFO] [2018-07-12 15:23:27 +0800] basehttp 6424 6436 "GET /url/ HTTP/1.1" 200 5213
[INFO] [2018-07-12 15:23:27 +0800] basehttp 6424 7952 "GET /static/icon/favicon.ico HTTP/1.1" 200 5430
[INFO] [2018-07-12 15:23:32 +0800] basehttp 6424 6896 "GET /url/ HTTP/1.1" 200 5213
[INFO] [2018-07-12 15:23:32 +0800] basehttp 6424 7728 "GET /static/icon/favicon.ico HTTP/1.1" 200 5430
[INFO] [2018-07-12 15:24:29 +0800] basehttp 6424 5480 "GET /url/ HTTP/1.1" 200 5212
[INFO] [2018-07-12 15:24:29 +0800] basehttp 6424 7376 "GET /static/icon/favicon.ico HTTP/1.1" 200 5430
[INFO] [2018-07-12 15:24:30 +0800] basehttp 6424 3364 "GET /url/ HTTP/1.1" 200 5212
[INFO] [2018-07-12 15:24:30 +0800] basehttp 6424 7820 "GET /static/icon/favicon.ico HTTP/1.1" 200 5430
[INFO] [2018-07-12 15:24:41 +0800] basehttp 6424 8176 "GET /url/ HTTP/1.1" 200 5212
[INFO] [2018-07-12 15:24:41 +0800] basehttp 6424 8156 "GET /static/icon/favicon.ico HTTP/1.1" 200 5430
[INFO] [2018-07-12 15:25:06 +0800] basehttp 6424 1892 "GET /url/ HTTP/1.1" 200 5213
[INFO] [2018-07-12 15:25:06 +0800] basehttp 6424 3836 "GET /static/icon/favicon.ico HTTP/1.1" 200 5430
[INFO] [2018-07-12 15:25:07 +0800] basehttp 6424 7388 "GET /url/ HTTP/1.1" 200 5213
[INFO] [2018-07-12 15:25:07 +0800] basehttp 6424 7960 "GET /static/icon/favicon.ico HTTP/1.1" 200 5430
[INFO] [2018-07-12 15:25:22 +0800] basehttp 6424 7840 "GET /url/ HTTP/1.1" 200 5213
[INFO] [2018-07-12 15:25:22 +0800] basehttp 6424 4360 "GET /static/icon/favicon.ico HTTP/1.1" 200 5430
[INFO] [2018-07-12 15:25:23 +0800] basehttp 6424 7352 "GET /url/ HTTP/1.1" 200 5213
[INFO] [2018-07-12 15:25:23 +0800] basehttp 6424 7044 "GET /static/icon/favicon.ico HTTP/1.1" 200 5430
[INFO] [2018-07-12 15:26:23 +0800] basehttp 6424 7632 "GET /url/ HTTP/1.1" 200 5232
[INFO] [2018-07-12 15:26:23 +0800] basehttp 6424 6420 "GET /static/icon/favicon.ico HTTP/1.1" 200 5430
[INFO] [2018-07-12 15:26:24 +0800] basehttp 6424 6352 "GET /url/ HTTP/1.1" 200 5232
[INFO] [2018-07-12 15:26:24 +0800] basehttp 6424 7924 "GET /static/icon/favicon.ico HTTP/1.1" 200 5430
[INFO] [2018-07-12 15:26:29 +0800] basehttp 6424 7696 "GET /url/ HTTP/1.1" 200 5233
[INFO] [2018-07-12 15:26:29 +0800] basehttp 6424 7676 "GET /static/icon/favicon.ico HTTP/1.1" 200 5430
[INFO] [2018-07-12 15:26:30 +0800] basehttp 6424 7284 "GET /url/ HTTP/1.1" 200 5233
[INFO] [2018-07-12 15:26:30 +0800] basehttp 6424 7812 "GET /static/icon/favicon.ico HTTP/1.1" 200 5430
[INFO] [2018-07-12 15:26:36 +0800] basehttp 6424 3416 "GET /url/ HTTP/1.1" 200 5233
[INFO] [2018-07-12 15:26:36 +0800] basehttp 6424 2864 "GET /static/icon/favicon.ico HTTP/1.1" 200 5430
[INFO] [2018-07-12 15:26:37 +0800] basehttp 6424 7968 "GET /url/ HTTP/1.1" 200 5233
[INFO] [2018-07-12 15:26:37 +0800] basehttp 6424 6952 "GET /static/icon/favicon.ico HTTP/1.1" 200 5430
[INFO] [2018-07-12 15:36:04 +0800] basehttp 6424 7356 "GET /url/ HTTP/1.1" 200 5300
[INFO] [2018-07-12 15:36:04 +0800] basehttp 6424 7900 "GET /static/icon/favicon.ico HTTP/1.1" 200 5430
[INFO] [2018-07-12 15:37:14 +0800] basehttp 6424 1452 "GET /url/ HTTP/1.1" 200 5297
[INFO] [2018-07-12 15:37:14 +0800] basehttp 6424 1712 "GET /static/icon/favicon.ico HTTP/1.1" 200 5430
[INFO] [2018-07-12 15:37:36 +0800] basehttp 6424 6296 "GET /url/ HTTP/1.1" 200 5303
[INFO] [2018-07-12 15:37:36 +0800] basehttp 6424 3868 "GET /static/icon/favicon.ico HTTP/1.1" 200 5430
[INFO] [2018-07-12 15:37:49 +0800] basehttp 6424 6780 "GET /url/ HTTP/1.1" 200 5309
[INFO] [2018-07-12 15:37:49 +0800] basehttp 6424 7616 "GET /static/icon/favicon.ico HTTP/1.1" 200 5430
[INFO] [2018-07-12 15:38:00 +0800] basehttp 6424 6836 "GET /url/ HTTP/1.1" 200 5312
[INFO] [2018-07-12 15:38:00 +0800] basehttp 6424 5952 "GET /static/icon/favicon.ico HTTP/1.1" 200 5430
[INFO] [2018-07-12 15:48:44 +0800] basehttp 6424 1712 "GET /admin/ HTTP/1.1" 200 8717
[INFO] [2018-07-12 15:48:46 +0800] basehttp 6424 8068 "GET /admin/services/server_urls/ HTTP/1.1" 200 5888
[INFO] [2018-07-12 15:48:46 +0800] basehttp 6424 3028 "GET /admin/jsi18n/ HTTP/1.1" 200 3189
[INFO] [2018-07-12 15:50:08 +0800] basehttp 6424 6844 "GET /admin/services/server_urls/2/change/ HTTP/1.1" 200 6508
[INFO] [2018-07-12 15:50:08 +0800] basehttp 6424 7320 "GET /admin/jsi18n/ HTTP/1.1" 200 3189
[INFO] [2018-07-12 15:50:14 +0800] basehttp 6424 7832 "GET /admin/services/server_urls/ HTTP/1.1" 200 5888
[INFO] [2018-07-12 16:55:43 +0800] basehttp 6424 6796 "GET /demo/ HTTP/1.1" 200 5845
[INFO] [2018-07-12 16:55:51 +0800] basehttp 6424 8808 "GET /demo/ HTTP/1.1" 200 5845
[INFO] [2018-07-12 17:01:36 +0800] basehttp 6424 8600 "GET /hello HTTP/1.1" 200 7813
[INFO] [2018-07-12 17:03:05 +0800] basehttp 6424 284 "GET /demo/ HTTP/1.1" 200 5845
[INFO] [2018-07-12 17:03:19 +0800] basehttp 6424 8808 "GET /demo/ HTTP/1.1" 200 5888
[INFO] [2018-07-12 17:03:19 +0800] basehttp 6424 8092 "GET /static/icon/favicon.ico HTTP/1.1" 200 5430
[INFO] [2018-07-12 17:03:33 +0800] basehttp 6424 8656 "GET /demo/ HTTP/1.1" 200 5905
[INFO] [2018-07-12 17:03:33 +0800] basehttp 6424 8068 "GET /static/icon/favicon.ico HTTP/1.1" 200 5430
[INFO] [2018-07-12 17:06:00 +0800] basehttp 6424 8368 "GET /demo/ HTTP/1.1" 200 5947
[INFO] [2018-07-12 17:06:00 +0800] basehttp 6424 8340 "GET /static/icon/favicon.ico HTTP/1.1" 200 5430
[INFO] [2018-07-12 17:10:41 +0800] basehttp 6424 9192 "GET /demo/ HTTP/1.1" 200 6456
[INFO] [2018-07-12 17:10:42 +0800] basehttp 6424 8908 "GET /static/icon/favicon.ico HTTP/1.1" 200 5430
[INFO] [2018-07-12 17:11:13 +0800] basehttp 6424 8280 "GET /demo/ HTTP/1.1" 200 6605
[INFO] [2018-07-12 17:11:14 +0800] basehttp 6424 7128 "GET /static/icon/favicon.ico HTTP/1.1" 200 5430
[INFO] [2018-07-12 17:11:36 +0800] basehttp 6424 9080 "GET /demo/ HTTP/1.1" 200 6577
[INFO] [2018-07-12 17:11:36 +0800] basehttp 6424 6708 "GET /static/icon/favicon.ico HTTP/1.1" 200 5430
[INFO] [2018-07-12 17:22:26 +0800] basehttp 6424 3928 "GET /url/ HTTP/1.1" 200 6010
[INFO] [2018-07-12 17:22:48 +0800] basehttp 6424 8844 "GET /url/ HTTP/1.1" 200 6010
[INFO] [2018-07-12 17:22:48 +0800] basehttp 6424 6776 "GET /static/icon/favicon.ico HTTP/1.1" 200 5430
[INFO] [2018-07-12 17:23:01 +0800] basehttp 6424 7076 "GET /url/ HTTP/1.1" 200 6008
[INFO] [2018-07-12 17:23:02 +0800] basehttp 6424 8272 "GET /static/icon/favicon.ico HTTP/1.1" 200 5430
[INFO] [2018-07-12 17:23:03 +0800] basehttp 6424 7692 "GET /url/ HTTP/1.1" 200 6008
[INFO] [2018-07-12 17:23:03 +0800] basehttp 6424 8384 "GET /static/icon/favicon.ico HTTP/1.1" 200 5430
[INFO] [2018-07-12 17:23:17 +0800] basehttp 6424 8448 "GET /url/ HTTP/1.1" 200 6009
[INFO] [2018-07-12 17:23:17 +0800] basehttp 6424 4748 "GET /static/icon/favicon.ico HTTP/1.1" 200 5430
[INFO] [2018-07-12 17:23:18 +0800] basehttp 6424 7320 "GET /url/ HTTP/1.1" 200 6009
[INFO] [2018-07-12 17:23:18 +0800] basehttp 6424 7240 "GET /static/icon/favicon.ico HTTP/1.1" 200 5430
[INFO] [2018-07-12 17:23:26 +0800] basehttp 6424 8312 "GET /url/ HTTP/1.1" 200 6011
[INFO] [2018-07-12 17:23:26 +0800] basehttp 6424 8444 "GET /static/icon/favicon.ico HTTP/1.1" 200 5430
[INFO] [2018-07-12 17:23:37 +0800] basehttp 6424 6476 "GET /blogindex/ HTTP/1.1" 200 11638
[INFO] [2018-07-12 17:23:39 +0800] basehttp 6424 7528 "GET /url/ HTTP/1.1" 200 6011
[INFO] [2018-07-12 17:23:39 +0800] basehttp 6424 7796 "GET /blogindex/ HTTP/1.1" 200 11638
[INFO] [2018-07-12 17:23:41 +0800] basehttp 6424 7456 "GET /post/3/ HTTP/1.1" 200 10587
[INFO] [2018-07-12 17:23:52 +0800] basehttp 6424 6824 "GET /url/ HTTP/1.1" 200 6011
[INFO] [2018-07-12 17:24:26 +0800] basehttp 6424 8424 "GET /blogindex/ HTTP/1.1" 200 11638
[INFO] [2018-07-12 17:24:28 +0800] basehttp 6424 7744 "GET /post/3/ HTTP/1.1" 200 10587
[INFO] [2018-07-12 17:25:03 +0800] basehttp 6424 1324 "GET /url/ HTTP/1.1" 200 6011
[INFO] [2018-07-12 17:25:15 +0800] basehttp 6424 8740 "GET /url/ HTTP/1.1" 200 5964
[INFO] [2018-07-12 17:25:15 +0800] basehttp 6424 8388 "GET /static/icon/favicon.ico HTTP/1.1" 200 5430
[INFO] [2018-07-12 17:25:26 +0800] basehttp 6424 8660 "GET /url/ HTTP/1.1" 200 6011
[INFO] [2018-07-12 17:25:26 +0800] basehttp 6424 8768 "GET /static/icon/favicon.ico HTTP/1.1" 200 5430
[INFO] [2018-07-12 17:27:13 +0800] basehttp 6424 8948 "GET /url/ HTTP/1.1" 200 6029
[INFO] [2018-07-12 17:27:14 +0800] basehttp 6424 1348 "GET /static/icon/favicon.ico HTTP/1.1" 200 5430
[INFO] [2018-07-12 17:28:26 +0800] basehttp 6424 7672 "GET /admin/services/server_urls/add/ HTTP/1.1" 200 6035
[INFO] [2018-07-12 17:28:26 +0800] basehttp 6424 3148 "GET /admin/jsi18n/ HTTP/1.1" 200 3189
[INFO] [2018-07-12 17:30:09 +0800] basehttp 6424 8312 "POST /admin/services/server_urls/add/ HTTP/1.1" 302 0
[INFO] [2018-07-12 17:30:09 +0800] basehttp 6424 8444 "GET /admin/services/server_urls/ HTTP/1.1" 200 6475
[INFO] [2018-07-12 17:30:09 +0800] basehttp 6424 288 "GET /admin/jsi18n/ HTTP/1.1" 200 3189
[INFO] [2018-07-12 17:30:12 +0800] basehttp 6424 7000 "GET /url/ HTTP/1.1" 200 6161
[INFO] [2018-07-12 17:30:13 +0800] basehttp 6424 8276 "GET /static/icon/favicon.ico HTTP/1.1" 200 5430
[INFO] [2018-07-12 17:31:19 +0800] basehttp 6424 8236 "GET /blogindex/ HTTP/1.1" 200 11638
[INFO] [2018-07-12 17:31:21 +0800] basehttp 6424 9060 "GET /post/3/ HTTP/1.1" 200 10587
[INFO] [2018-07-12 17:33:30 +0800] basehttp 6424 5400 "GET /url/ HTTP/1.1" 200 6161
[INFO] [2018-07-12 17:35:00 +0800] basehttp 6424 5392 "GET /url/ HTTP/1.1" 200 6159
[INFO] [2018-07-12 17:35:00 +0800] basehttp 6424 7756 "GET /static/icon/favicon.ico HTTP/1.1" 200 5430
[INFO] [2018-07-12 17:35:14 +0800] basehttp 6424 4728 "GET /url/ HTTP/1.1" 200 6159
[INFO] [2018-07-12 17:35:15 +0800] basehttp 6424 8160 "GET /static/icon/favicon.ico HTTP/1.1" 200 5430
[INFO] [2018-07-12 17:36:26 +0800] basehttp 6424 4276 "GET /url/ HTTP/1.1" 200 6181
[INFO] [2018-07-12 17:36:27 +0800] basehttp 6424 8908 "GET /static/icon/favicon.ico HTTP/1.1" 200 5430
[INFO] [2018-07-12 17:36:27 +0800] basehttp 6424 7652 "GET /url/ HTTP/1.1" 200 6181
[INFO] [2018-07-12 17:36:28 +0800] basehttp 6424 4948 "GET /static/icon/favicon.ico HTTP/1.1" 200 5430
[INFO] [2018-07-12 17:36:28 +0800] basehttp 6424 8836 "GET /url/ HTTP/1.1" 200 6181
[INFO] [2018-07-12 17:36:29 +0800] basehttp 6424 7112 "GET /static/icon/favicon.ico HTTP/1.1" 200 5430
[INFO] [2018-07-12 17:36:32 +0800] basehttp 6424 5048 "GET /url/ HTTP/1.1" 200 6181
[INFO] [2018-07-12 17:36:32 +0800] basehttp 6424 9200 "GET /static/icon/favicon.ico HTTP/1.1" 200 5430
[INFO] [2018-07-12 17:37:11 +0800] basehttp 6424 6848 "GET /url/ HTTP/1.1" 200 6086
[INFO] [2018-07-12 17:37:11 +0800] basehttp 6424 8268 "GET /static/icon/favicon.ico HTTP/1.1" 200 5430
[INFO] [2018-07-12 17:37:58 +0800] basehttp 6424 7000 "GET /info/ HTTP/1.1" 200 5803
[INFO] [2018-07-12 17:38:03 +0800] basehttp 6424 6952 "GET /url/ HTTP/1.1" 200 6086
[INFO] [2018-07-12 17:40:05 +0800] basehttp 6424 9076 "GET /url/ HTTP/1.1" 200 6064
[INFO] [2018-07-12 17:40:06 +0800] basehttp 6424 7040 "GET /static/icon/favicon.ico HTTP/1.1" 200 5430
[INFO] [2018-07-12 17:40:06 +0800] basehttp 6424 9000 "GET /url/ HTTP/1.1" 200 6064
[INFO] [2018-07-12 17:40:07 +0800] basehttp 6424 6324 "GET /static/icon/favicon.ico HTTP/1.1" 200 5430
[INFO] [2018-07-12 17:40:07 +0800] basehttp 6424 8884 "GET /url/ HTTP/1.1" 200 6064
[INFO] [2018-07-12 17:40:07 +0800] basehttp 6424 1720 "GET /static/icon/favicon.ico HTTP/1.1" 200 5430
[INFO] [2018-07-12 17:40:30 +0800] basehttp 6424 6844 "GET /url/ HTTP/1.1" 200 6159
[INFO] [2018-07-12 17:40:30 +0800] basehttp 6424 6928 "GET /static/icon/favicon.ico HTTP/1.1" 200 5430
[INFO] [2018-07-12 17:40:31 +0800] basehttp 6424 8332 "GET /url/ HTTP/1.1" 200 6159
[INFO] [2018-07-12 17:40:31 +0800] basehttp 6424 8584 "GET /static/icon/favicon.ico HTTP/1.1" 200 5430
[INFO] [2018-07-12 17:40:38 +0800] basehttp 6424 8864 "GET /url/ HTTP/1.1" 200 6154
[INFO] [2018-07-12 17:40:39 +0800] basehttp 6424 8972 "GET /static/icon/favicon.ico HTTP/1.1" 200 5430
[INFO] [2018-07-12 17:40:39 +0800] basehttp 6424 4868 "GET /url/ HTTP/1.1" 200 6154
[INFO] [2018-07-12 17:40:40 +0800] basehttp 6424 8008 "GET /static/icon/favicon.ico HTTP/1.1" 200 5430
[INFO] [2018-07-12 17:40:40 +0800] basehttp 6424 8848 "GET /url/ HTTP/1.1" 200 6154
[INFO] [2018-07-12 17:40:40 +0800] basehttp 6424 7608 "GET /static/icon/favicon.ico HTTP/1.1" 200 5430
[INFO] [2018-07-12 17:40:41 +0800] basehttp 6424 9080 "GET /url/ HTTP/1.1" 200 6154
[INFO] [2018-07-12 17:40:41 +0800] basehttp 6424 7080 "GET /static/icon/favicon.ico HTTP/1.1" 200 5430
[INFO] [2018-07-12 17:40:46 +0800] basehttp 6424 4080 "GET /url/ HTTP/1.1" 200 6155
[INFO] [2018-07-12 17:40:46 +0800] basehttp 6424 9092 "GET /static/icon/favicon.ico HTTP/1.1" 200 5430
[INFO] [2018-07-12 17:40:46 +0800] basehttp 6424 7960 "GET /url/ HTTP/1.1" 200 6155
[INFO] [2018-07-12 17:40:46 +0800] basehttp 6424 8424 "GET /static/icon/favicon.ico HTTP/1.1" 200 5430
[INFO] [2018-07-12 17:41:14 +0800] basehttp 6424 7440 "GET /url/ HTTP/1.1" 200 6161
[INFO] [2018-07-12 17:41:15 +0800] basehttp 6424 4360 "GET /static/icon/favicon.ico HTTP/1.1" 200 5430
[INFO] [2018-07-12 17:41:16 +0800] basehttp 6424 284 "GET /url/ HTTP/1.1" 200 6161
[INFO] [2018-07-12 17:41:16 +0800] basehttp 6424 3156 "GET /static/icon/favicon.ico HTTP/1.1" 200 5430
[INFO] [2018-07-12 17:42:57 +0800] basehttp 6424 8768 "GET /url/ HTTP/1.1" 200 6162
[INFO] [2018-07-12 17:42:58 +0800] basehttp 6424 8404 "GET /static/icon/favicon.ico HTTP/1.1" 200 5430
[INFO] [2018-07-12 17:43:49 +0800] basehttp 6424 8444 "GET /url/ HTTP/1.1" 200 6159
[INFO] [2018-07-12 17:43:49 +0800] basehttp 6424 3932 "GET /static/icon/favicon.ico HTTP/1.1" 200 5430
[INFO] [2018-07-12 17:44:19 +0800] basehttp 6424 7304 "GET /url/ HTTP/1.1" 200 8025
[INFO] [2018-07-12 17:44:19 +0800] basehttp 6424 3132 "GET /static/icon/favicon.ico HTTP/1.1" 200 5430
[INFO] [2018-07-12 17:46:16 +0800] basehttp 6424 8804 "GET /url/ HTTP/1.1" 200 6943
[INFO] [2018-07-12 17:46:17 +0800] basehttp 6424 9172 "GET /static/icon/favicon.ico HTTP/1.1" 200 5430
[INFO] [2018-07-12 17:46:39 +0800] basehttp 6424 3048 "GET /url/ HTTP/1.1" 200 6419
[INFO] [2018-07-12 17:46:39 +0800] basehttp 6424 4868 "GET /static/icon/favicon.ico HTTP/1.1" 200 5430
