[INFO] [2018-08-24 09:42:26 +0800] [django.server] [basehttp.py] basehttp 6764 3368 "GET / HTTP/1.1" 200 4176
[INFO] [2018-08-24 09:42:26 +0800] [django.server] [basehttp.py] basehttp 6764 6276 "GET /static/jquery-3.2.1/jquery-3.2.1.min.js HTTP/1.1" 304 0
[INFO] [2018-08-24 09:42:30 +0800] [django.server] [basehttp.py] basehttp 6764 4548 "GET /userauth/login/ HTTP/1.1" 200 6702
[INFO] [2018-08-24 09:42:31 +0800] [django.server] [basehttp.py] basehttp 6764 2728 "POST /userauth/login/ HTTP/1.1" 302 0
[INFO] [2018-08-24 09:42:31 +0800] [django.server] [basehttp.py] basehttp 6764 3248 "GET /userauth/ HTTP/1.1" 200 4988
[INFO] [2018-08-24 09:42:33 +0800] [django.server] [basehttp.py] basehttp 6764 6760 "GET /url/ HTTP/1.1" 200 12599
[INFO] [2018-08-24 09:42:35 +0800] [django.server] [basehttp.py] basehttp 6764 4212 "GET /elasticsearchinfo/ HTTP/1.1" 200 22534
[INFO] [2018-08-24 09:46:43 +0800] [django.server] [basehttp.py] basehttp 6764 7064 "GET /elasticsearchinfo/ HTTP/1.1" 200 22527
[INFO] [2018-08-24 09:46:43 +0800] [django.server] [basehttp.py] basehttp 6764 4092 "GET /static/icon/favicon.ico HTTP/1.1" 200 5430
[INFO] [2018-08-24 09:54:38 +0800] [django.server] [basehttp.py] basehttp 6764 7136 "GET /elasticsearchinfo/ HTTP/1.1" 200 22524
[INFO] [2018-08-24 09:54:39 +0800] [django.server] [basehttp.py] basehttp 6764 3924 "GET /static/icon/favicon.ico HTTP/1.1" 200 5430
[INFO] [2018-08-24 09:55:04 +0800] [django.server] [basehttp.py] basehttp 6764 2996 "GET /elasticsearchinfo/ HTTP/1.1" 200 22533
[INFO] [2018-08-24 09:55:05 +0800] [django.server] [basehttp.py] basehttp 6764 6364 "GET /static/icon/favicon.ico HTTP/1.1" 200 5430
[INFO] [2018-08-24 09:55:06 +0800] [django.server] [basehttp.py] basehttp 6764 6744 "GET /elasticsearchinfo/ HTTP/1.1" 200 22533
[INFO] [2018-08-24 09:55:07 +0800] [django.server] [basehttp.py] basehttp 6764 7152 "GET /static/icon/favicon.ico HTTP/1.1" 200 5430
[INFO] [2018-08-24 09:55:10 +0800] [django.server] [basehttp.py] basehttp 6764 4992 "GET /elasticsearchinfo/ HTTP/1.1" 200 22535
[INFO] [2018-08-24 09:55:10 +0800] [django.server] [basehttp.py] basehttp 6764 2796 "GET /static/icon/favicon.ico HTTP/1.1" 200 5430
[INFO] [2018-08-24 09:55:11 +0800] [django.server] [basehttp.py] basehttp 6764 5424 "GET /elasticsearchinfo/ HTTP/1.1" 200 22525
[INFO] [2018-08-24 09:55:11 +0800] [django.server] [basehttp.py] basehttp 6764 3388 "GET /static/icon/favicon.ico HTTP/1.1" 200 5430
[INFO] [2018-08-24 09:56:36 +0800] [django.server] [basehttp.py] basehttp 6764 6068 "GET /elasticsearchinfo/ HTTP/1.1" 200 22534
[INFO] [2018-08-24 09:56:36 +0800] [django.server] [basehttp.py] basehttp 6764 1140 "GET /static/icon/favicon.ico HTTP/1.1" 200 5430
[INFO] [2018-08-24 09:56:38 +0800] [django.server] [basehttp.py] basehttp 6764 6596 "GET /elasticsearchinfo/ HTTP/1.1" 200 22534
[INFO] [2018-08-24 09:56:38 +0800] [django.server] [basehttp.py] basehttp 6764 1688 "GET /static/icon/favicon.ico HTTP/1.1" 200 5430
[INFO] [2018-08-24 09:56:40 +0800] [django.server] [basehttp.py] basehttp 6764 6704 "GET /elasticsearchinfo/ HTTP/1.1" 200 22535
[INFO] [2018-08-24 09:56:40 +0800] [django.server] [basehttp.py] basehttp 6764 6800 "GET /static/icon/favicon.ico HTTP/1.1" 200 5430
[INFO] [2018-08-24 09:56:42 +0800] [django.server] [basehttp.py] basehttp 6764 3304 "GET /elasticsearchinfo/ HTTP/1.1" 200 22535
[INFO] [2018-08-24 09:56:42 +0800] [django.server] [basehttp.py] basehttp 6764 6924 "GET /static/icon/favicon.ico HTTP/1.1" 200 5430
[INFO] [2018-08-24 09:56:46 +0800] [django.server] [basehttp.py] basehttp 6764 5136 "GET /elasticsearchinfo/ HTTP/1.1" 200 22532
[INFO] [2018-08-24 09:56:46 +0800] [django.server] [basehttp.py] basehttp 6764 6624 "GET /static/icon/favicon.ico HTTP/1.1" 200 5430
[INFO] [2018-08-24 09:58:36 +0800] [django.server] [basehttp.py] basehttp 6764 3612 "GET /elasticsearchinfo/ HTTP/1.1" 200 22527
[INFO] [2018-08-24 09:58:36 +0800] [django.server] [basehttp.py] basehttp 6764 4184 "GET /static/icon/favicon.ico HTTP/1.1" 200 5430
