[INFO] [2018-03-21 09:30:55 +0800] basehttp 7008 6580 "GET / HTTP/1.1" 200 4703
[INFO] [2018-03-21 09:31:00 +0800] basehttp 7008 6516 "GET /admin/ HTTP/1.1" 200 8764
[WARNING] [2018-03-21 09:31:00 +0800] base 7008 6732 Not Found: /favicon.ico
[WARNING] [2018-03-21 09:31:00 +0800] basehttp 7008 6732 "GET /favicon.ico HTTP/1.1" 404 4411
[INFO] [2018-03-21 09:31:02 +0800] basehttp 7008 4172 "GET /admin/auth/group/ HTTP/1.1" 200 3366
[INFO] [2018-03-21 09:31:02 +0800] basehttp 7008 6368 "GET /admin/jsi18n/ HTTP/1.1" 200 7682
[INFO] [2018-03-21 09:31:05 +0800] basehttp 7008 3844 "GET /admin/ HTTP/1.1" 200 8764
[INFO] [2018-03-21 09:31:43 +0800] basehttp 7008 1432 "GET /admin/auth/user/ HTTP/1.1" 200 6504
[INFO] [2018-03-21 09:31:43 +0800] basehttp 7008 7080 "GET /admin/jsi18n/ HTTP/1.1" 200 7682
[INFO] [2018-03-21 09:31:46 +0800] basehttp 7008 7044 "GET /admin/auth/user/1/change/ HTTP/1.1" 200 18207
[INFO] [2018-03-21 09:31:46 +0800] basehttp 7008 7112 "GET /admin/jsi18n/ HTTP/1.1" 200 7682
[INFO] [2018-03-21 09:32:01 +0800] basehttp 7008 6700 "GET /admin/auth/user/ HTTP/1.1" 200 6504
[INFO] [2018-03-21 09:37:25 +0800] basehttp 7008 6416 "GET /admin/auth/user/1/change/ HTTP/1.1" 200 18207
[INFO] [2018-03-21 09:37:25 +0800] basehttp 7008 6304 "GET /admin/jsi18n/ HTTP/1.1" 200 7682
[INFO] [2018-03-21 09:52:06 +0800] basehttp 3468 7100 "GET /admin/ HTTP/1.1" 200 8764
[INFO] [2018-03-21 09:53:41 +0800] basehttp 3468 4556 "GET /admin/services/server_urls/ HTTP/1.1" 200 5949
[INFO] [2018-03-21 09:53:41 +0800] basehttp 3468 800 "GET /admin/jsi18n/ HTTP/1.1" 200 7682
[INFO] [2018-03-21 09:53:44 +0800] basehttp 3468 6480 "GET /admin/services/server_urls/3/change/ HTTP/1.1" 200 6491
[INFO] [2018-03-21 09:53:44 +0800] basehttp 3468 7100 "GET /admin/jsi18n/ HTTP/1.1" 200 7682
[INFO] [2018-03-21 09:53:47 +0800] basehttp 3468 3744 "GET /admin/services/server_urls/ HTTP/1.1" 200 5949
[INFO] [2018-03-21 09:53:48 +0800] basehttp 3468 6364 "GET /admin/ HTTP/1.1" 200 8764
[INFO] [2018-03-21 09:55:30 +0800] basehttp 3468 6944 "GET /admin/auth/user/ HTTP/1.1" 200 6504
[INFO] [2018-03-21 09:55:30 +0800] basehttp 3468 7012 "GET /admin/jsi18n/ HTTP/1.1" 200 7682
[INFO] [2018-03-21 09:55:38 +0800] basehttp 3468 6368 "GET /admin/auth/user/1/change/ HTTP/1.1" 200 18207
[INFO] [2018-03-21 09:55:38 +0800] basehttp 3468 4840 "GET /admin/jsi18n/ HTTP/1.1" 200 7682
[INFO] [2018-03-21 09:59:43 +0800] basehttp 3300 7124 "GET /admin/ HTTP/1.1" 200 8764
[INFO] [2018-03-21 10:00:17 +0800] basehttp 3300 6316 "GET /admin/auth/user/ HTTP/1.1" 200 6504
[INFO] [2018-03-21 10:00:17 +0800] basehttp 3300 4836 "GET /admin/jsi18n/ HTTP/1.1" 200 7682
[INFO] [2018-03-21 10:00:20 +0800] basehttp 3300 6872 "GET /admin/auth/user/1/change/ HTTP/1.1" 200 18207
[INFO] [2018-03-21 10:00:20 +0800] basehttp 3300 6668 "GET /admin/jsi18n/ HTTP/1.1" 200 7682
[INFO] [2018-03-21 10:06:17 +0800] basehttp 5720 2152 "GET /admin/auth/user/ HTTP/1.1" 200 6504
[INFO] [2018-03-21 10:14:15 +0800] basehttp 4488 7000 "GET /admin/ HTTP/1.1" 200 9448
[INFO] [2018-03-21 10:14:23 +0800] basehttp 4488 6548 "GET /admin/userauth/customuser/ HTTP/1.1" 200 3102
[INFO] [2018-03-21 10:14:24 +0800] basehttp 4488 6544 "GET /admin/jsi18n/ HTTP/1.1" 200 7682
[INFO] [2018-03-21 10:14:28 +0800] basehttp 4488 7100 "GET /admin/ HTTP/1.1" 200 9448
[INFO] [2018-03-21 10:14:33 +0800] basehttp 4488 6512 "GET /admin/myapp/category/ HTTP/1.1" 200 4439
[INFO] [2018-03-21 10:14:33 +0800] basehttp 4488 6376 "GET /admin/jsi18n/ HTTP/1.1" 200 7682
[INFO] [2018-03-21 10:14:36 +0800] basehttp 4488 5812 "GET /admin/ HTTP/1.1" 200 9448
[INFO] [2018-03-21 10:14:38 +0800] basehttp 4488 4648 "GET /admin/userauth/customuser/ HTTP/1.1" 200 3102
[INFO] [2018-03-21 10:14:38 +0800] basehttp 4488 2224 "GET /admin/jsi18n/ HTTP/1.1" 200 7682
[INFO] [2018-03-21 10:14:40 +0800] basehttp 4488 1608 "GET /admin/ HTTP/1.1" 200 9448
[INFO] [2018-03-21 10:14:41 +0800] basehttp 4488 2552 "GET /admin/services/server_type/ HTTP/1.1" 200 4499
[INFO] [2018-03-21 10:14:41 +0800] basehttp 4488 3712 "GET /admin/jsi18n/ HTTP/1.1" 200 7682
[INFO] [2018-03-21 10:14:45 +0800] basehttp 4488 6364 "GET /admin/ HTTP/1.1" 200 9448
[INFO] [2018-03-21 10:14:47 +0800] basehttp 4488 4072 "GET /admin/userauth/customuser/ HTTP/1.1" 200 3102
[INFO] [2018-03-21 10:14:47 +0800] basehttp 4488 6300 "GET /admin/jsi18n/ HTTP/1.1" 200 7682
[INFO] [2018-03-21 10:14:51 +0800] basehttp 4488 768 "GET /admin/ HTTP/1.1" 200 9448
[INFO] [2018-03-21 10:14:56 +0800] basehttp 4488 7088 "GET /admin/auth/user/ HTTP/1.1" 200 6504
[INFO] [2018-03-21 10:14:56 +0800] basehttp 4488 6704 "GET /admin/jsi18n/ HTTP/1.1" 200 7682
[INFO] [2018-03-21 10:14:58 +0800] basehttp 4488 1428 "GET /admin/auth/user/1/change/ HTTP/1.1" 200 15342
[INFO] [2018-03-21 10:14:58 +0800] basehttp 4488 6120 "GET /admin/jsi18n/ HTTP/1.1" 200 7682
[INFO] [2018-03-21 10:15:02 +0800] basehttp 4488 6304 "GET /admin/auth/user/ HTTP/1.1" 200 6504
[INFO] [2018-03-21 10:15:21 +0800] basehttp 6816 6700 "GET /admin/ HTTP/1.1" 200 8764
[INFO] [2018-03-21 10:15:24 +0800] basehttp 6816 5460 "GET /admin/auth/user/ HTTP/1.1" 200 6504
[INFO] [2018-03-21 10:15:24 +0800] basehttp 6816 4556 "GET /admin/jsi18n/ HTTP/1.1" 200 7682
[INFO] [2018-03-21 10:15:26 +0800] basehttp 6816 7000 "GET /admin/auth/user/1/change/ HTTP/1.1" 200 18207
[INFO] [2018-03-21 10:15:26 +0800] basehttp 6816 1432 "GET /admin/jsi18n/ HTTP/1.1" 200 7682
[INFO] [2018-03-21 10:43:12 +0800] basehttp 6748 7016 "POST /admin/auth/user/1/change/ HTTP/1.1" 302 0
[INFO] [2018-03-21 10:43:12 +0800] basehttp 6748 3912 "GET /admin/auth/user/ HTTP/1.1" 200 6665
[INFO] [2018-03-21 10:43:12 +0800] basehttp 6748 4488 "GET /admin/jsi18n/ HTTP/1.1" 200 7682
[INFO] [2018-03-21 10:43:15 +0800] basehttp 6748 5656 "GET /admin/auth/user/1/change/ HTTP/1.1" 200 18266
[INFO] [2018-03-21 10:43:15 +0800] basehttp 6748 5732 "GET /admin/jsi18n/ HTTP/1.1" 200 7682
[INFO] [2018-03-21 10:43:21 +0800] basehttp 6748 6640 "GET / HTTP/1.1" 200 4703
[INFO] [2018-03-21 10:43:23 +0800] basehttp 6748 6628 "GET /demo/ HTTP/1.1" 200 5843
[INFO] [2018-03-21 10:46:10 +0800] basehttp 6748 3868 "GET /info/ HTTP/1.1" 200 5803
[INFO] [2018-03-21 10:46:56 +0800] basehttp 3220 3552 "GET /info/ HTTP/1.1" 200 5803
[INFO] [2018-03-21 10:47:07 +0800] basehttp 3220 836 "GET /demo/ HTTP/1.1" 200 5865
[INFO] [2018-03-21 10:47:35 +0800] basehttp 3220 6704 "GET /demo/ HTTP/1.1" 200 5865
[INFO] [2018-03-21 10:47:35 +0800] basehttp 3220 4020 "GET /static/icon/favicon.ico HTTP/1.1" 200 5430
[INFO] [2018-03-21 11:05:12 +0800] basehttp 3220 7572 "GET /demo/ HTTP/1.1" 200 5843
[INFO] [2018-03-21 11:05:13 +0800] basehttp 3220 7576 "GET /static/icon/favicon.ico HTTP/1.1" 200 5430
[INFO] [2018-03-21 11:07:03 +0800] basehttp 3220 8012 "GET /url/ HTTP/1.1" 200 5188
[INFO] [2018-03-21 11:07:13 +0800] basehttp 3220 8072 "GET /url/environment/1/ HTTP/1.1" 200 5079
[INFO] [2018-03-21 11:07:15 +0800] basehttp 3220 8084 "GET /url/environment/2/ HTTP/1.1" 200 4988
[INFO] [2018-03-21 11:07:24 +0800] basehttp 3220 8100 "GET /url/environment/1/ HTTP/1.1" 200 5079
[INFO] [2018-03-21 11:07:29 +0800] basehttp 3220 8120 "GET /url/ HTTP/1.1" 200 5188
[INFO] [2018-03-21 11:07:36 +0800] basehttp 3220 8136 "GET /url/ HTTP/1.1" 200 5188
