[INFO] [2018-08-16 14:25:18 +0800] [django.server] [basehttp.py] basehttp 4716 3612 "GET / HTTP/1.1" 200 5133
[INFO] [2018-08-16 14:25:20 +0800] [django.server] [basehttp.py] basehttp 4716 3236 "GET /url/ HTTP/1.1" 200 12599
[INFO] [2018-08-16 14:25:22 +0800] [django.server] [basehttp.py] basehttp 4716 2752 "GET /elasticsearchinfo/ HTTP/1.1" 200 7179
[INFO] [2018-08-16 16:02:11 +0800] [django.server] [basehttp.py] basehttp 7008 7888 "GET /elasticsearchinfo/ HTTP/1.1" 200 7179
[INFO] [2018-08-16 16:21:46 +0800] [django.server] [basehttp.py] basehttp 3552 7852 "GET /elasticsearchinfo/ HTTP/1.1" 200 7179
[INFO] [2018-08-16 16:26:21 +0800] [django.server] [basehttp.py] basehttp 7492 8084 "GET /elasticsearchinfo/ HTTP/1.1" 200 17199
[INFO] [2018-08-16 16:26:21 +0800] [django.server] [basehttp.py] basehttp 7492 2800 "GET /static/icon/favicon.ico HTTP/1.1" 200 5430
[INFO] [2018-08-16 16:33:39 +0800] [django.server] [basehttp.py] basehttp 7472 3140 "GET /elasticsearchinfo/ HTTP/1.1" 200 20479
[INFO] [2018-08-16 16:33:39 +0800] [django.server] [basehttp.py] basehttp 7472 7588 "GET /static/icon/favicon.ico HTTP/1.1" 200 5430
[INFO] [2018-08-16 16:42:54 +0800] [django.server] [basehttp.py] basehttp 7472 7564 "GET /demo/ HTTP/1.1" 200 7436
[INFO] [2018-08-16 16:45:37 +0800] [django.server] [basehttp.py] basehttp 7472 4972 "GET /demo/ HTTP/1.1" 200 7437
[INFO] [2018-08-16 16:45:37 +0800] [django.server] [basehttp.py] basehttp 7472 7768 "GET /static/icon/favicon.ico HTTP/1.1" 200 5430
[INFO] [2018-08-16 17:11:48 +0800] [django.server] [basehttp.py] basehttp 7472 2716 "GET /url/ HTTP/1.1" 200 12599
[INFO] [2018-08-16 17:11:48 +0800] [django.server] [basehttp.py] basehttp 7472 7488 "GET /url/ HTTP/1.1" 200 12599
[ERROR] [2018-08-16 17:11:48 +0800] [django.server] [basehttp.py] basehttp 7472 7488 "GET /url/ HTTP/1.1" 500 59
[INFO] [2018-08-16 17:11:51 +0800] [django.server] [basehttp.py] basehttp 7472 8024 "GET /url/ HTTP/1.1" 200 12599
[INFO] [2018-08-16 17:12:02 +0800] [django.server] [basehttp.py] basehttp 7472 3552 "GET /elasticsearchinfo/ HTTP/1.1" 200 21197
[INFO] [2018-08-16 17:21:18 +0800] [django.server] [basehttp.py] basehttp 7472 7524 "GET /elasticsearchinfo/ HTTP/1.1" 200 21265
[INFO] [2018-08-16 17:21:19 +0800] [django.server] [basehttp.py] basehttp 7472 7976 "GET /static/icon/favicon.ico HTTP/1.1" 200 5430
[INFO] [2018-08-16 17:25:44 +0800] [django.server] [basehttp.py] basehttp 8032 1068 "GET /elasticsearchinfo/ HTTP/1.1" 200 21309
[INFO] [2018-08-16 17:25:44 +0800] [django.server] [basehttp.py] basehttp 8032 7216 "GET /static/icon/favicon.ico HTTP/1.1" 200 5430
[INFO] [2018-08-16 17:26:22 +0800] [django.server] [basehttp.py] basehttp 8032 7468 "GET /elasticsearchinfo/ HTTP/1.1" 200 21315
[INFO] [2018-08-16 17:26:23 +0800] [django.server] [basehttp.py] basehttp 8032 7556 "GET /static/icon/favicon.ico HTTP/1.1" 200 5430
[INFO] [2018-08-16 17:27:05 +0800] [django.server] [basehttp.py] basehttp 8032 7440 "GET /elasticsearchinfo/ HTTP/1.1" 200 21325
[INFO] [2018-08-16 17:27:05 +0800] [django.server] [basehttp.py] basehttp 8032 3416 "GET /static/icon/favicon.ico HTTP/1.1" 200 5430
[INFO] [2018-08-16 17:27:18 +0800] [django.server] [basehttp.py] basehttp 8032 7896 "GET /elasticsearchinfo/ HTTP/1.1" 200 21323
[INFO] [2018-08-16 17:27:19 +0800] [django.server] [basehttp.py] basehttp 8032 7600 "GET /static/icon/favicon.ico HTTP/1.1" 200 5430
[INFO] [2018-08-16 17:27:20 +0800] [django.server] [basehttp.py] basehttp 8032 8112 "GET /elasticsearchinfo/ HTTP/1.1" 200 21321
[INFO] [2018-08-16 17:27:20 +0800] [django.server] [basehttp.py] basehttp 8032 7904 "GET /static/icon/favicon.ico HTTP/1.1" 200 5430
[INFO] [2018-08-16 17:27:22 +0800] [django.server] [basehttp.py] basehttp 8032 3140 "GET /elasticsearchinfo/ HTTP/1.1" 200 21323
[INFO] [2018-08-16 17:27:22 +0800] [django.server] [basehttp.py] basehttp 8032 7256 "GET /static/icon/favicon.ico HTTP/1.1" 200 5430
[INFO] [2018-08-16 17:27:24 +0800] [django.server] [basehttp.py] basehttp 8032 7568 "GET /elasticsearchinfo/ HTTP/1.1" 200 21323
[INFO] [2018-08-16 17:27:24 +0800] [django.server] [basehttp.py] basehttp 8032 2084 "GET /static/icon/favicon.ico HTTP/1.1" 200 5430
[INFO] [2018-08-16 17:27:25 +0800] [django.server] [basehttp.py] basehttp 8032 3228 "GET /elasticsearchinfo/ HTTP/1.1" 200 21323
[INFO] [2018-08-16 17:27:25 +0800] [django.server] [basehttp.py] basehttp 8032 1900 "GET /static/icon/favicon.ico HTTP/1.1" 200 5430
[INFO] [2018-08-16 17:27:34 +0800] [django.server] [basehttp.py] basehttp 8032 7868 "GET /elasticsearchinfo/ HTTP/1.1" 200 21323
[INFO] [2018-08-16 17:27:34 +0800] [django.server] [basehttp.py] basehttp 8032 4776 "GET /static/icon/favicon.ico HTTP/1.1" 200 5430
[INFO] [2018-08-16 17:27:37 +0800] [django.server] [basehttp.py] basehttp 8032 7276 "GET /elasticsearchinfo/ HTTP/1.1" 200 21321
[INFO] [2018-08-16 17:27:37 +0800] [django.server] [basehttp.py] basehttp 8032 1284 "GET /static/icon/favicon.ico HTTP/1.1" 200 5430
[INFO] [2018-08-16 17:27:39 +0800] [django.server] [basehttp.py] basehttp 8032 6672 "GET /elasticsearchinfo/ HTTP/1.1" 200 21323
[INFO] [2018-08-16 17:27:39 +0800] [django.server] [basehttp.py] basehttp 8032 7304 "GET /static/icon/favicon.ico HTTP/1.1" 200 5430
[INFO] [2018-08-16 17:27:59 +0800] [django.server] [basehttp.py] basehttp 8032 7960 "GET /elasticsearchinfo/ HTTP/1.1" 200 21323
[INFO] [2018-08-16 17:27:59 +0800] [django.server] [basehttp.py] basehttp 8032 5244 "GET /static/icon/favicon.ico HTTP/1.1" 200 5430
[INFO] [2018-08-16 17:28:00 +0800] [django.server] [basehttp.py] basehttp 8032 4712 "GET /elasticsearchinfo/ HTTP/1.1" 200 21323
[INFO] [2018-08-16 17:28:00 +0800] [django.server] [basehttp.py] basehttp 8032 304 "GET /static/icon/favicon.ico HTTP/1.1" 200 5430
[INFO] [2018-08-16 17:28:01 +0800] [django.server] [basehttp.py] basehttp 8032 7404 "GET /elasticsearchinfo/ HTTP/1.1" 200 21325
[INFO] [2018-08-16 17:28:01 +0800] [django.server] [basehttp.py] basehttp 8032 7472 "GET /static/icon/favicon.ico HTTP/1.1" 200 5430
[INFO] [2018-08-16 17:28:03 +0800] [django.server] [basehttp.py] basehttp 8032 8004 "GET /elasticsearchinfo/ HTTP/1.1" 200 21325
[INFO] [2018-08-16 17:28:03 +0800] [django.server] [basehttp.py] basehttp 8032 1876 "GET /static/icon/favicon.ico HTTP/1.1" 200 5430
[INFO] [2018-08-16 17:28:06 +0800] [django.server] [basehttp.py] basehttp 8032 8080 "GET /elasticsearchinfo/ HTTP/1.1" 200 21321
[INFO] [2018-08-16 17:28:06 +0800] [django.server] [basehttp.py] basehttp 8032 4648 "GET /static/icon/favicon.ico HTTP/1.1" 200 5430
[INFO] [2018-08-16 17:28:08 +0800] [django.server] [basehttp.py] basehttp 8032 4308 "GET /elasticsearchinfo/ HTTP/1.1" 200 21323
[INFO] [2018-08-16 17:28:08 +0800] [django.server] [basehttp.py] basehttp 8032 7796 "GET /static/icon/favicon.ico HTTP/1.1" 200 5430
[INFO] [2018-08-16 17:28:09 +0800] [django.server] [basehttp.py] basehttp 8032 7384 "GET /elasticsearchinfo/ HTTP/1.1" 200 21323
[INFO] [2018-08-16 17:28:09 +0800] [django.server] [basehttp.py] basehttp 8032 8108 "GET /static/icon/favicon.ico HTTP/1.1" 200 5430
[INFO] [2018-08-16 17:28:10 +0800] [django.server] [basehttp.py] basehttp 8032 7804 "GET /elasticsearchinfo/ HTTP/1.1" 200 21323
[INFO] [2018-08-16 17:28:10 +0800] [django.server] [basehttp.py] basehttp 8032 8144 "GET /static/icon/favicon.ico HTTP/1.1" 200 5430
[INFO] [2018-08-16 17:28:11 +0800] [django.server] [basehttp.py] basehttp 8032 7900 "GET /elasticsearchinfo/ HTTP/1.1" 200 21323
[INFO] [2018-08-16 17:28:11 +0800] [django.server] [basehttp.py] basehttp 8032 7964 "GET /static/icon/favicon.ico HTTP/1.1" 200 5430
[INFO] [2018-08-16 17:28:14 +0800] [django.server] [basehttp.py] basehttp 8032 7084 "GET /elasticsearchinfo/ HTTP/1.1" 200 21321
[INFO] [2018-08-16 17:28:14 +0800] [django.server] [basehttp.py] basehttp 8032 1740 "GET /static/icon/favicon.ico HTTP/1.1" 200 5430
[INFO] [2018-08-16 17:28:17 +0800] [django.server] [basehttp.py] basehttp 8032 7400 "GET /elasticsearchinfo/ HTTP/1.1" 200 21323
[INFO] [2018-08-16 17:28:17 +0800] [django.server] [basehttp.py] basehttp 8032 6132 "GET /static/icon/favicon.ico HTTP/1.1" 200 5430
[INFO] [2018-08-16 17:28:20 +0800] [django.server] [basehttp.py] basehttp 8032 7580 "GET /elasticsearchinfo/ HTTP/1.1" 200 21319
[INFO] [2018-08-16 17:28:20 +0800] [django.server] [basehttp.py] basehttp 8032 4976 "GET /static/icon/favicon.ico HTTP/1.1" 200 5430
[INFO] [2018-08-16 17:28:21 +0800] [django.server] [basehttp.py] basehttp 8032 6612 "GET /elasticsearchinfo/ HTTP/1.1" 200 21324
[INFO] [2018-08-16 17:28:22 +0800] [django.server] [basehttp.py] basehttp 8032 7284 "GET /static/icon/favicon.ico HTTP/1.1" 200 5430
[INFO] [2018-08-16 17:28:22 +0800] [django.server] [basehttp.py] basehttp 8032 3332 "GET /elasticsearchinfo/ HTTP/1.1" 200 21323
[INFO] [2018-08-16 17:28:23 +0800] [django.server] [basehttp.py] basehttp 8032 3092 "GET /static/icon/favicon.ico HTTP/1.1" 200 5430
[INFO] [2018-08-16 17:28:25 +0800] [django.server] [basehttp.py] basehttp 8032 8180 "GET /elasticsearchinfo/ HTTP/1.1" 200 21317
[INFO] [2018-08-16 17:28:25 +0800] [django.server] [basehttp.py] basehttp 8032 6972 "GET /static/icon/favicon.ico HTTP/1.1" 200 5430
[INFO] [2018-08-16 17:28:29 +0800] [django.server] [basehttp.py] basehttp 8032 7328 "GET /elasticsearchinfo/ HTTP/1.1" 200 21321
[INFO] [2018-08-16 17:28:29 +0800] [django.server] [basehttp.py] basehttp 8032 7892 "GET /static/icon/favicon.ico HTTP/1.1" 200 5430
[INFO] [2018-08-16 17:28:31 +0800] [django.server] [basehttp.py] basehttp 8032 8036 "GET /elasticsearchinfo/ HTTP/1.1" 200 21321
[INFO] [2018-08-16 17:28:31 +0800] [django.server] [basehttp.py] basehttp 8032 7696 "GET /static/icon/favicon.ico HTTP/1.1" 200 5430
[INFO] [2018-08-16 17:28:33 +0800] [django.server] [basehttp.py] basehttp 8032 7324 "GET /elasticsearchinfo/ HTTP/1.1" 200 21319
[INFO] [2018-08-16 17:28:33 +0800] [django.server] [basehttp.py] basehttp 8032 3116 "GET /static/icon/favicon.ico HTTP/1.1" 200 5430
[INFO] [2018-08-16 17:29:03 +0800] [django.server] [basehttp.py] basehttp 8032 7612 "GET /elasticsearchinfo/ HTTP/1.1" 200 21323
[INFO] [2018-08-16 17:29:03 +0800] [django.server] [basehttp.py] basehttp 8032 7316 "GET /static/icon/favicon.ico HTTP/1.1" 200 5430
[INFO] [2018-08-16 17:32:56 +0800] [django.server] [basehttp.py] basehttp 8032 7576 "GET /elasticsearchinfo/ HTTP/1.1" 200 21321
[INFO] [2018-08-16 17:32:56 +0800] [django.server] [basehttp.py] basehttp 8032 3752 "GET /static/icon/favicon.ico HTTP/1.1" 200 5430
[INFO] [2018-08-16 17:34:59 +0800] [django.server] [basehttp.py] basehttp 8032 7908 "GET /elasticsearchinfo/ HTTP/1.1" 200 21321
[INFO] [2018-08-16 17:35:00 +0800] [django.server] [basehttp.py] basehttp 8032 7952 "GET /static/icon/favicon.ico HTTP/1.1" 200 5430
