[INFO] [2018-08-28 11:17:34 +0800] [django.server] [basehttp.py] basehttp 2624 7468 "GET / HTTP/1.1" 200 5133
[INFO] [2018-08-28 11:17:34 +0800] [django.server] [basehttp.py] basehttp 2624 7792 "GET /static/bootstrap-3.3.7/css/sticky-footer-navbar.css HTTP/1.1" 304 0
[INFO] [2018-08-28 11:17:36 +0800] [django.server] [basehttp.py] basehttp 2624 6400 "GET /url/ HTTP/1.1" 200 12599
[INFO] [2018-08-28 11:17:38 +0800] [django.server] [basehttp.py] basehttp 2624 3196 "GET /elasticsearchinfo/ HTTP/1.1" 200 22539
[INFO] [2018-08-28 11:17:43 +0800] [django.server] [basehttp.py] basehttp 2624 3640 "GET /url/27/ HTTP/1.1" 200 7445
[INFO] [2018-08-28 14:13:52 +0800] [django.server] [basehttp.py] basehttp 2624 8908 "GET /url/ HTTP/1.1" 200 12599
[INFO] [2018-08-28 14:13:55 +0800] [django.server] [basehttp.py] basehttp 2624 9012 "GET /elasticsearchinfo/ HTTP/1.1" 200 22542
[INFO] [2018-08-28 14:41:24 +0800] [django.server] [basehttp.py] basehttp 2624 8840 "GET /elasticsearchinfo/ HTTP/1.1" 200 22540
[INFO] [2018-08-28 14:41:25 +0800] [django.server] [basehttp.py] basehttp 2624 9144 "GET /static/icon/favicon.ico HTTP/1.1" 200 5430
[INFO] [2018-08-28 16:06:19 +0800] [django.server] [basehttp.py] basehttp 2624 5088 "GET /elasticsearchinfo/ HTTP/1.1" 200 22535
[INFO] [2018-08-28 16:06:19 +0800] [django.server] [basehttp.py] basehttp 2624 7768 "GET /static/icon/favicon.ico HTTP/1.1" 200 5430
[INFO] [2018-08-28 16:10:24 +0800] [django.server] [basehttp.py] basehttp 2624 2280 "GET /elasticsearchinfo/ HTTP/1.1" 200 22540
[INFO] [2018-08-28 16:10:25 +0800] [django.server] [basehttp.py] basehttp 2624 6668 "GET /static/icon/favicon.ico HTTP/1.1" 200 5430
[INFO] [2018-08-28 16:10:27 +0800] [django.server] [basehttp.py] basehttp 2624 8848 "GET /elasticsearchinfo/ HTTP/1.1" 200 22540
[INFO] [2018-08-28 16:10:27 +0800] [django.server] [basehttp.py] basehttp 2624 8876 "GET /static/icon/favicon.ico HTTP/1.1" 200 5430
[INFO] [2018-08-28 16:10:28 +0800] [django.server] [basehttp.py] basehttp 2624 7172 "GET /elasticsearchinfo/ HTTP/1.1" 200 22538
[INFO] [2018-08-28 16:10:29 +0800] [django.server] [basehttp.py] basehttp 2624 7040 "GET /static/icon/favicon.ico HTTP/1.1" 200 5430
[INFO] [2018-08-28 16:10:30 +0800] [django.server] [basehttp.py] basehttp 2624 5752 "GET /elasticsearchinfo/ HTTP/1.1" 200 22529
[INFO] [2018-08-28 16:10:30 +0800] [django.server] [basehttp.py] basehttp 2624 7744 "GET /static/icon/favicon.ico HTTP/1.1" 200 5430
[INFO] [2018-08-28 16:10:31 +0800] [django.server] [basehttp.py] basehttp 2624 6456 "GET /elasticsearchinfo/ HTTP/1.1" 200 22532
[INFO] [2018-08-28 16:10:31 +0800] [django.server] [basehttp.py] basehttp 2624 8484 "GET /static/icon/favicon.ico HTTP/1.1" 200 5430
[INFO] [2018-08-28 16:10:32 +0800] [django.server] [basehttp.py] basehttp 2624 8596 "GET /elasticsearchinfo/ HTTP/1.1" 200 22541
[INFO] [2018-08-28 16:10:32 +0800] [django.server] [basehttp.py] basehttp 2624 9124 "GET /static/icon/favicon.ico HTTP/1.1" 200 5430
[INFO] [2018-08-28 16:10:34 +0800] [django.server] [basehttp.py] basehttp 2624 9132 "GET /elasticsearchinfo/ HTTP/1.1" 200 22540
[INFO] [2018-08-28 16:10:35 +0800] [django.server] [basehttp.py] basehttp 2624 6152 "GET /static/icon/favicon.ico HTTP/1.1" 200 5430
[INFO] [2018-08-28 16:13:21 +0800] [django.server] [basehttp.py] basehttp 2624 6652 "GET /elasticsearchinfo/ HTTP/1.1" 200 22534
[INFO] [2018-08-28 16:13:22 +0800] [django.server] [basehttp.py] basehttp 2624 1316 "GET /static/icon/favicon.ico HTTP/1.1" 200 5430
[INFO] [2018-08-28 16:13:26 +0800] [django.server] [basehttp.py] basehttp 2624 8588 "GET /elasticsearchinfo/ HTTP/1.1" 200 22534
[INFO] [2018-08-28 16:13:26 +0800] [django.server] [basehttp.py] basehttp 2624 5552 "GET /static/icon/favicon.ico HTTP/1.1" 200 5430
[INFO] [2018-08-28 16:13:28 +0800] [django.server] [basehttp.py] basehttp 2624 4952 "GET /elasticsearchinfo/ HTTP/1.1" 200 22541
[INFO] [2018-08-28 16:13:28 +0800] [django.server] [basehttp.py] basehttp 2624 9160 "GET /static/icon/favicon.ico HTTP/1.1" 200 5430
[INFO] [2018-08-28 16:13:30 +0800] [django.server] [basehttp.py] basehttp 2624 2600 "GET /elasticsearchinfo/ HTTP/1.1" 200 22540
[INFO] [2018-08-28 16:13:30 +0800] [django.server] [basehttp.py] basehttp 2624 5852 "GET /static/icon/favicon.ico HTTP/1.1" 200 5430
[INFO] [2018-08-28 16:13:32 +0800] [django.server] [basehttp.py] basehttp 2624 8600 "GET /elasticsearchinfo/ HTTP/1.1" 200 22544
[INFO] [2018-08-28 16:13:32 +0800] [django.server] [basehttp.py] basehttp 2624 8284 "GET /static/icon/favicon.ico HTTP/1.1" 200 5430
[INFO] [2018-08-28 16:13:34 +0800] [django.server] [basehttp.py] basehttp 2624 7564 "GET /elasticsearchinfo/ HTTP/1.1" 200 22547
[INFO] [2018-08-28 16:13:34 +0800] [django.server] [basehttp.py] basehttp 2624 8772 "GET /static/icon/favicon.ico HTTP/1.1" 200 5430
[INFO] [2018-08-28 16:13:36 +0800] [django.server] [basehttp.py] basehttp 2624 7304 "GET /elasticsearchinfo/ HTTP/1.1" 200 22541
[INFO] [2018-08-28 16:13:36 +0800] [django.server] [basehttp.py] basehttp 2624 7940 "GET /static/icon/favicon.ico HTTP/1.1" 200 5430
[INFO] [2018-08-28 16:13:39 +0800] [django.server] [basehttp.py] basehttp 2624 2304 "GET /elasticsearchinfo/ HTTP/1.1" 200 22539
[INFO] [2018-08-28 16:13:39 +0800] [django.server] [basehttp.py] basehttp 2624 8032 "GET /static/icon/favicon.ico HTTP/1.1" 200 5430
[INFO] [2018-08-28 16:13:41 +0800] [django.server] [basehttp.py] basehttp 2624 3364 "GET /elasticsearchinfo/ HTTP/1.1" 200 22533
[INFO] [2018-08-28 16:13:41 +0800] [django.server] [basehttp.py] basehttp 2624 3620 "GET /static/icon/favicon.ico HTTP/1.1" 200 5430
[INFO] [2018-08-28 16:13:43 +0800] [django.server] [basehttp.py] basehttp 2624 6528 "GET /elasticsearchinfo/ HTTP/1.1" 200 22533
[INFO] [2018-08-28 16:13:43 +0800] [django.server] [basehttp.py] basehttp 2624 3464 "GET /static/icon/favicon.ico HTTP/1.1" 200 5430
[INFO] [2018-08-28 16:13:46 +0800] [django.server] [basehttp.py] basehttp 2624 9036 "GET /elasticsearchinfo/ HTTP/1.1" 200 22533
[INFO] [2018-08-28 16:13:46 +0800] [django.server] [basehttp.py] basehttp 2624 1916 "GET /static/icon/favicon.ico HTTP/1.1" 200 5430
[INFO] [2018-08-28 16:43:54 +0800] [django.server] [basehttp.py] basehttp 2624 8728 "GET /url/ HTTP/1.1" 200 12599
[INFO] [2018-08-28 16:43:56 +0800] [django.server] [basehttp.py] basehttp 2624 8636 "GET /url/environment/3/ HTTP/1.1" 200 12638
[INFO] [2018-08-28 16:44:01 +0800] [django.server] [basehttp.py] basehttp 2624 7856 "GET /url/environment/3/?page=2 HTTP/1.1" 200 10655
[INFO] [2018-08-28 16:44:02 +0800] [django.server] [basehttp.py] basehttp 2624 8848 "GET /url/7/ HTTP/1.1" 200 7837
[INFO] [2018-08-28 16:44:09 +0800] [django.server] [basehttp.py] basehttp 2624 2760 "GET /url/ HTTP/1.1" 200 12599
[INFO] [2018-08-28 16:45:27 +0800] [django.server] [basehttp.py] basehttp 2624 7408 "GET /url/1/ HTTP/1.1" 200 6439
[INFO] [2018-08-28 16:45:34 +0800] [django.server] [basehttp.py] basehttp 2624 8784 "GET /url/2/ HTTP/1.1" 200 6439
[INFO] [2018-08-28 16:45:37 +0800] [django.server] [basehttp.py] basehttp 2624 8772 "GET /url/?page=3 HTTP/1.1" 200 7492
[INFO] [2018-08-28 16:45:39 +0800] [django.server] [basehttp.py] basehttp 2624 4884 "GET /url/29/ HTTP/1.1" 200 6493
[INFO] [2018-08-28 16:45:44 +0800] [django.server] [basehttp.py] basehttp 2624 2420 "GET /url/?page=2 HTTP/1.1" 200 12571
[INFO] [2018-08-28 16:45:46 +0800] [django.server] [basehttp.py] basehttp 2624 8964 "GET /url/18/ HTTP/1.1" 200 6777
[INFO] [2018-08-28 16:45:54 +0800] [django.server] [basehttp.py] basehttp 2624 8748 "GET /url/18/ HTTP/1.1" 200 6777
[INFO] [2018-08-28 16:46:04 +0800] [django.server] [basehttp.py] basehttp 2624 8820 "GET /url/18/ HTTP/1.1" 200 6777
[INFO] [2018-08-28 16:48:40 +0800] [django.server] [basehttp.py] basehttp 2624 8160 "GET /url/?page=1 HTTP/1.1" 200 12599
[INFO] [2018-08-28 16:48:42 +0800] [django.server] [basehttp.py] basehttp 2624 8492 "GET /url/?page=2 HTTP/1.1" 200 12571
[INFO] [2018-08-28 16:48:44 +0800] [django.server] [basehttp.py] basehttp 2624 8356 "GET /url/?page=1 HTTP/1.1" 200 12599
[INFO] [2018-08-28 16:48:54 +0800] [django.server] [basehttp.py] basehttp 2624 6528 "GET /elasticsearchinfo/ HTTP/1.1" 200 22544
[INFO] [2018-08-28 17:37:03 +0800] [django.server] [basehttp.py] basehttp 2624 9200 "GET /elasticsearchinfo/ HTTP/1.1" 200 22543
[INFO] [2018-08-28 17:37:03 +0800] [django.server] [basehttp.py] basehttp 2624 7768 "GET /static/icon/favicon.ico HTTP/1.1" 200 5430
[INFO] [2018-08-28 17:48:18 +0800] [django.server] [basehttp.py] basehttp 2624 5844 "GET /url/ HTTP/1.1" 200 12599
[INFO] [2018-08-28 17:48:50 +0800] [django.server] [basehttp.py] basehttp 2624 9068 "GET /url/ HTTP/1.1" 200 13084
[INFO] [2018-08-28 17:48:50 +0800] [django.server] [basehttp.py] basehttp 2624 2792 "GET /static/icon/favicon.ico HTTP/1.1" 200 5430
[INFO] [2018-08-28 17:48:59 +0800] [django.server] [basehttp.py] basehttp 2624 6716 "GET /url/?page=2 HTTP/1.1" 200 13056
[INFO] [2018-08-28 17:49:01 +0800] [django.server] [basehttp.py] basehttp 2624 6628 "GET /url/?page=3 HTTP/1.1" 200 7557
[INFO] [2018-08-28 17:49:03 +0800] [django.server] [basehttp.py] basehttp 2624 7100 "GET /url/?page=1 HTTP/1.1" 200 13084
[INFO] [2018-08-28 17:49:13 +0800] [django.server] [basehttp.py] basehttp 2624 1348 "GET /url/?page=2 HTTP/1.1" 200 13056
[INFO] [2018-08-28 17:49:20 +0800] [django.server] [basehttp.py] basehttp 2624 3996 "GET /url/?page=3 HTTP/1.1" 200 7557
[INFO] [2018-08-28 17:49:22 +0800] [django.server] [basehttp.py] basehttp 2624 700 "GET /url/?page=1 HTTP/1.1" 200 13084
[INFO] [2018-08-28 17:49:27 +0800] [django.server] [basehttp.py] basehttp 2624 4884 "GET /url/?page=2 HTTP/1.1" 200 13056
[INFO] [2018-08-28 17:49:30 +0800] [django.server] [basehttp.py] basehttp 2624 8144 "GET /url/?page=1 HTTP/1.1" 200 13084
[INFO] [2018-08-28 17:58:25 +0800] [django.server] [basehttp.py] basehttp 2624 8988 "GET /url/?page=2 HTTP/1.1" 200 13056
[INFO] [2018-08-28 17:58:26 +0800] [django.server] [basehttp.py] basehttp 2624 3668 "GET /url/?page=1 HTTP/1.1" 200 13084
[INFO] [2018-08-28 18:06:57 +0800] [django.server] [basehttp.py] basehttp 2624 1332 "GET /url/?page=2 HTTP/1.1" 200 13056
[INFO] [2018-08-28 18:06:59 +0800] [django.server] [basehttp.py] basehttp 2624 7316 "GET /url/?page=3 HTTP/1.1" 200 7557
