[INFO] [2018-07-24 11:12:25 +0800] basehttp 4784 6916 "GET / HTTP/1.1" 200 4786
[INFO] [2018-07-24 11:12:41 +0800] basehttp 4784 2800 "GET /admin/ HTTP/1.1" 200 8801
[WARNING] [2018-07-24 11:12:42 +0800] base 4784 4116 Not Found: /favicon.ico
[WARNING] [2018-07-24 11:12:42 +0800] basehttp 4784 4116 "GET /favicon.ico HTTP/1.1" 404 4604
[INFO] [2018-07-24 11:12:43 +0800] basehttp 4784 3708 "GET /admin/services/server_type/ HTTP/1.1" 200 4723
[INFO] [2018-07-24 11:12:44 +0800] basehttp 4784 3916 "GET /admin/jsi18n/ HTTP/1.1" 200 3189
[INFO] [2018-07-24 11:12:45 +0800] basehttp 4784 7016 "GET /admin/ HTTP/1.1" 200 8801
[INFO] [2018-07-24 11:12:47 +0800] basehttp 4784 3404 "GET /admin/services/server_urls/ HTTP/1.1" 200 17799
[INFO] [2018-07-24 11:12:47 +0800] basehttp 4784 3880 "GET /admin/jsi18n/ HTTP/1.1" 200 3189
[INFO] [2018-07-24 11:15:11 +0800] basehttp 3368 6372 "GET /admin/services/server_urls/add/ HTTP/1.1" 200 7372
[INFO] [2018-07-24 11:15:11 +0800] basehttp 3368 6684 "GET /admin/jsi18n/ HTTP/1.1" 200 3189
[INFO] [2018-07-24 11:15:22 +0800] basehttp 3368 6392 "GET /admin/ HTTP/1.1" 200 8801
[INFO] [2018-07-24 11:15:25 +0800] basehttp 3368 1792 "GET /admin/services/server_urls/ HTTP/1.1" 200 17799
[INFO] [2018-07-24 11:15:25 +0800] basehttp 3368 1928 "GET /admin/jsi18n/ HTTP/1.1" 200 3189
[INFO] [2018-07-24 11:28:56 +0800] basehttp 6932 2800 "GET /admin/services/ HTTP/1.1" 200 2690
[INFO] [2018-07-24 11:28:58 +0800] basehttp 6932 2744 "GET /admin/services/server_urls/ HTTP/1.1" 200 18125
[INFO] [2018-07-24 11:28:58 +0800] basehttp 6932 5708 "GET /admin/jsi18n/ HTTP/1.1" 200 3189
[INFO] [2018-07-24 11:29:05 +0800] basehttp 6932 3356 "GET /admin/services/server_urls/?q=100.130 HTTP/1.1" 200 12159
[INFO] [2018-07-24 11:29:05 +0800] basehttp 6932 756 "GET /admin/jsi18n/ HTTP/1.1" 200 3189
[INFO] [2018-07-24 11:29:50 +0800] basehttp 6932 4012 "GET /admin/services/server_urls/?q=100.161 HTTP/1.1" 200 3995
[INFO] [2018-07-24 11:29:50 +0800] basehttp 6932 888 "GET /admin/jsi18n/ HTTP/1.1" 200 3189
[INFO] [2018-07-24 11:30:03 +0800] basehttp 6932 4884 "GET /admin/services/server_urls/?q=122 HTTP/1.1" 200 9177
[INFO] [2018-07-24 11:30:03 +0800] basehttp 6932 2668 "GET /admin/jsi18n/ HTTP/1.1" 200 3189
[INFO] [2018-07-24 11:30:12 +0800] basehttp 6932 7040 "GET /admin/services/server_urls/? HTTP/1.1" 200 18125
[INFO] [2018-07-24 11:30:12 +0800] basehttp 6932 1180 "GET /admin/jsi18n/ HTTP/1.1" 200 3189
[INFO] [2018-07-24 14:00:03 +0800] basehttp 6932 7912 "GET /blogindex/ HTTP/1.1" 200 11721
[INFO] [2018-07-24 14:00:04 +0800] basehttp 6932 7824 "GET /archives/2017/10/ HTTP/1.1" 200 10164
[INFO] [2018-07-24 14:21:29 +0800] basehttp 6932 8084 "GET /demo/ HTTP/1.1" 200 6660
[INFO] [2018-07-24 14:21:56 +0800] basehttp 6932 7508 "GET /demo/ HTTP/1.1" 200 6649
[INFO] [2018-07-24 14:21:56 +0800] basehttp 6932 7728 "GET /static/icon/favicon.ico HTTP/1.1" 200 5430
[INFO] [2018-07-24 14:22:06 +0800] basehttp 6932 6728 "GET /demo/ HTTP/1.1" 200 6660
[INFO] [2018-07-24 14:22:06 +0800] basehttp 6932 2788 "GET /static/icon/favicon.ico HTTP/1.1" 200 5430
[INFO] [2018-07-24 14:46:32 +0800] basehttp 7216 7428 "GET /url/ HTTP/1.1" 200 16695
[INFO] [2018-07-24 14:46:34 +0800] basehttp 7216 7516 "GET /url/3/ HTTP/1.1" 200 7530
[INFO] [2018-07-24 14:46:38 +0800] basehttp 7216 7396 "GET /url/29/ HTTP/1.1" 200 6008
[INFO] [2018-07-24 14:46:49 +0800] basehttp 7216 7912 "GET / HTTP/1.1" 200 4786
[INFO] [2018-07-24 14:46:52 +0800] basehttp 7216 292 "GET /url/ HTTP/1.1" 200 16695
[INFO] [2018-07-24 14:48:14 +0800] basehttp 4396 5828 "GET /demo/ HTTP/1.1" 200 6660
[INFO] [2018-07-24 14:48:21 +0800] basehttp 4396 7444 "GET /url/ HTTP/1.1" 200 16695
[INFO] [2018-07-24 14:58:58 +0800] basehttp 7896 988 "GET / HTTP/1.1" 200 4786
[INFO] [2018-07-24 14:58:59 +0800] basehttp 7896 296 "GET /url/ HTTP/1.1" 200 16695
[INFO] [2018-07-24 14:59:01 +0800] basehttp 7896 4832 "GET /url/3/ HTTP/1.1" 200 7530
[INFO] [2018-07-24 15:40:55 +0800] basehttp 7896 880 "GET /url/ HTTP/1.1" 200 16760
[INFO] [2018-07-24 15:40:55 +0800] basehttp 7896 8088 "GET /static/bootstrap-3.3.7/css/signin.css HTTP/1.1" 304 0
[INFO] [2018-07-24 15:40:55 +0800] basehttp 7896 7424 "GET /static/icon/favicon.ico HTTP/1.1" 200 5430
[INFO] [2018-07-24 15:41:08 +0800] basehttp 7896 8156 "GET /url/ HTTP/1.1" 200 16741
[INFO] [2018-07-24 15:41:08 +0800] basehttp 7896 2604 "GET /static/icon/favicon.ico HTTP/1.1" 200 5430
[INFO] [2018-07-24 15:41:17 +0800] basehttp 7896 7616 "GET /url/ HTTP/1.1" 200 16760
[INFO] [2018-07-24 15:41:17 +0800] basehttp 7896 5656 "GET /static/icon/favicon.ico HTTP/1.1" 200 5430
[INFO] [2018-07-24 15:48:49 +0800] basehttp 6784 2200 "GET /url/ HTTP/1.1" 200 9692
[INFO] [2018-07-24 15:48:49 +0800] basehttp 6784 7764 "GET /static/icon/favicon.ico HTTP/1.1" 200 5430
[INFO] [2018-07-24 15:48:52 +0800] basehttp 6784 2776 "GET /url/?page=2 HTTP/1.1" 200 9824
[INFO] [2018-07-24 15:48:54 +0800] basehttp 6784 7356 "GET /url/?page=3 HTTP/1.1" 200 9689
[INFO] [2018-07-24 15:48:55 +0800] basehttp 6784 3456 "GET /url/?page=2 HTTP/1.1" 200 9824
[INFO] [2018-07-24 15:48:56 +0800] basehttp 6784 7360 "GET /url/?page=1 HTTP/1.1" 200 9692
[INFO] [2018-07-24 15:48:57 +0800] basehttp 6784 6024 "GET /url/?page=2 HTTP/1.1" 200 9824
[INFO] [2018-07-24 15:48:59 +0800] basehttp 6784 3384 "GET /url/?page=3 HTTP/1.1" 200 9689
[INFO] [2018-07-24 15:48:59 +0800] basehttp 6784 4516 "GET /url/?page=2 HTTP/1.1" 200 9824
[INFO] [2018-07-24 15:49:00 +0800] basehttp 6784 7380 "GET /url/?page=1 HTTP/1.1" 200 9692
[INFO] [2018-07-24 15:50:23 +0800] basehttp 6784 7664 "GET /url/?page=2 HTTP/1.1" 200 9824
[INFO] [2018-07-24 15:50:25 +0800] basehttp 6784 6208 "GET /url/?page=1 HTTP/1.1" 200 9692
[INFO] [2018-07-24 15:51:32 +0800] basehttp 6784 7736 "GET /url/?page=1 HTTP/1.1" 200 9747
[INFO] [2018-07-24 15:51:32 +0800] basehttp 6784 7256 "GET /static/icon/favicon.ico HTTP/1.1" 200 5430
[INFO] [2018-07-24 15:51:36 +0800] basehttp 6784 2792 "GET /url/ HTTP/1.1" 200 9747
[INFO] [2018-07-24 15:51:38 +0800] basehttp 6784 300 "GET /url/environment/1/ HTTP/1.1" 200 7291
[INFO] [2018-07-24 15:51:41 +0800] basehttp 6784 8104 "GET /url/environment/2/ HTTP/1.1" 200 6342
[INFO] [2018-07-24 15:51:42 +0800] basehttp 6784 7688 "GET /url/environment/3/ HTTP/1.1" 200 15051
[INFO] [2018-07-24 15:51:51 +0800] basehttp 6784 5960 "GET /url/ HTTP/1.1" 200 9747
[INFO] [2018-07-24 15:52:34 +0800] basehttp 6784 7600 "GET /url/ HTTP/1.1" 200 9747
[INFO] [2018-07-24 15:54:09 +0800] basehttp 6784 1192 "GET /url/environment/3/ HTTP/1.1" 200 15051
[INFO] [2018-07-24 15:55:11 +0800] basehttp 1976 7448 "GET /url/environment/3/ HTTP/1.1" 200 15051
[INFO] [2018-07-24 15:56:55 +0800] basehttp 1976 8164 "GET /userauth/logout/ HTTP/1.1" 200 3814
[INFO] [2018-07-24 15:57:02 +0800] basehttp 1976 2776 "GET /url HTTP/1.1" 301 0
[INFO] [2018-07-24 15:57:02 +0800] basehttp 1976 6352 "GET /url/ HTTP/1.1" 302 0
[INFO] [2018-07-24 15:57:02 +0800] basehttp 1976 6780 "GET /userauth/login/?next=/url/ HTTP/1.1" 200 6607
[INFO] [2018-07-24 15:57:17 +0800] basehttp 1976 4536 "POST /userauth/login/ HTTP/1.1" 302 0
[INFO] [2018-07-24 15:57:17 +0800] basehttp 1976 2604 "GET /url/ HTTP/1.1" 200 9747
[INFO] [2018-07-24 16:15:55 +0800] basehttp 1976 7312 "GET /url/environment/3/ HTTP/1.1" 200 15051
[INFO] [2018-07-24 16:15:57 +0800] basehttp 1976 4852 "GET /url/19/ HTTP/1.1" 200 7002
[INFO] [2018-07-24 16:19:33 +0800] basehttp 1976 3416 "GET /url/ HTTP/1.1" 200 9747
[INFO] [2018-07-24 16:21:40 +0800] basehttp 1976 7340 "GET /url/ HTTP/1.1" 200 9747
[INFO] [2018-07-24 16:30:14 +0800] basehttp 4012 2252 "GET /url/ HTTP/1.1" 200 11643
[INFO] [2018-07-24 16:30:14 +0800] basehttp 4012 3756 "GET /static/icon/favicon.ico HTTP/1.1" 200 5430
[INFO] [2018-07-24 16:30:19 +0800] basehttp 4012 7792 "GET /url/?page=2 HTTP/1.1" 200 11476
[INFO] [2018-07-24 16:30:21 +0800] basehttp 4012 7628 "GET /url/?page=1 HTTP/1.1" 200 11643
[INFO] [2018-07-24 17:26:12 +0800] basehttp 7472 7000 "GET /url/ HTTP/1.1" 200 11643
[INFO] [2018-07-24 17:26:16 +0800] basehttp 7472 7176 "GET /url/environment/3/ HTTP/1.1" 200 11724
[INFO] [2018-07-24 17:26:20 +0800] basehttp 7472 7712 "GET /url/environment/3/ HTTP/1.1" 200 11724
[INFO] [2018-07-24 17:26:20 +0800] basehttp 7472 1104 "GET /static/icon/favicon.ico HTTP/1.1" 200 5430
[INFO] [2018-07-24 17:26:21 +0800] basehttp 7472 6780 "GET /url/ HTTP/1.1" 200 11643
[INFO] [2018-07-24 17:26:24 +0800] basehttp 7472 552 "GET /url/environment/1/ HTTP/1.1" 200 7291
[INFO] [2018-07-24 17:26:25 +0800] basehttp 7472 292 "GET /url/environment/2/ HTTP/1.1" 200 6342
[INFO] [2018-07-24 17:26:27 +0800] basehttp 7472 5924 "GET /url/environment/3/ HTTP/1.1" 200 11724
[INFO] [2018-07-24 17:40:20 +0800] basehttp 988 7724 "GET /url/environment/3/?page=2 HTTP/1.1" 200 9744
[INFO] [2018-07-24 18:00:21 +0800] basehttp 988 4768 "GET / HTTP/1.1" 200 4786
