[INFO] [2018-08-01 11:34:39 +0800] basehttp 6228 7660 "GET / HTTP/1.1" 200 4786
[INFO] [2018-08-01 11:34:41 +0800] basehttp 6228 6168 "GET /url/ HTTP/1.1" 200 8036
[INFO] [2018-08-01 11:34:44 +0800] basehttp 6228 4092 "GET /url/?page=2 HTTP/1.1" 200 8324
[INFO] [2018-08-01 11:34:46 +0800] basehttp 6228 7568 "GET /url/?page=1 HTTP/1.1" 200 8036
[INFO] [2018-08-01 14:05:52 +0800] basehttp 8148 6976 "GET /url/ HTTP/1.1" 200 8036
[INFO] [2018-08-01 14:05:54 +0800] basehttp 8148 3712 "GET /url/?page=2 HTTP/1.1" 200 8324
[INFO] [2018-08-01 14:05:55 +0800] basehttp 8148 7676 "GET /url/?page=1 HTTP/1.1" 200 8036
[INFO] [2018-08-01 14:05:56 +0800] basehttp 8148 2712 "GET /url/?page=2 HTTP/1.1" 200 8324
[INFO] [2018-08-01 14:05:58 +0800] basehttp 8148 1864 "GET /url/?page=1 HTTP/1.1" 200 8036
[INFO] [2018-08-01 14:06:00 +0800] basehttp 8148 4732 "GET /url/?page=2 HTTP/1.1" 200 8324
[INFO] [2018-08-01 14:06:01 +0800] basehttp 8148 1620 "GET /url/?page=3 HTTP/1.1" 200 8328
[INFO] [2018-08-01 14:06:02 +0800] basehttp 8148 7736 "GET /url/?page=4 HTTP/1.1" 200 8164
[INFO] [2018-08-01 14:06:04 +0800] basehttp 8148 1624 "GET /url/?page=5 HTTP/1.1" 200 8216
[INFO] [2018-08-01 14:06:06 +0800] basehttp 8148 4956 "GET /url/?page=6 HTTP/1.1" 200 8141
[INFO] [2018-08-01 14:06:08 +0800] basehttp 8148 1456 "GET /url/?page=5 HTTP/1.1" 200 8216
[INFO] [2018-08-01 14:06:08 +0800] basehttp 8148 2992 "GET /url/?page=4 HTTP/1.1" 200 8164
[INFO] [2018-08-01 14:06:09 +0800] basehttp 8148 7100 "GET /url/?page=3 HTTP/1.1" 200 8328
[INFO] [2018-08-01 14:06:10 +0800] basehttp 8148 4052 "GET /url/?page=2 HTTP/1.1" 200 8324
[INFO] [2018-08-01 14:06:11 +0800] basehttp 8148 1888 "GET /url/?page=1 HTTP/1.1" 200 8036
[INFO] [2018-08-01 14:08:12 +0800] basehttp 8148 5704 "GET /url/environment/3/ HTTP/1.1" 200 11905
[INFO] [2018-08-01 14:08:18 +0800] basehttp 8148 7612 "GET /url/environment/3/?page=2 HTTP/1.1" 200 9925
[INFO] [2018-08-01 14:08:20 +0800] basehttp 8148 6140 "GET /url/environment/3/?page=1 HTTP/1.1" 200 11905
[INFO] [2018-08-01 14:08:28 +0800] basehttp 8148 7220 "GET /url/ HTTP/1.1" 200 8036
[INFO] [2018-08-01 14:08:30 +0800] basehttp 8148 7892 "GET /url/?page=2 HTTP/1.1" 200 8324
[INFO] [2018-08-01 14:08:31 +0800] basehttp 8148 1832 "GET /url/?page=3 HTTP/1.1" 200 8328
[INFO] [2018-08-01 14:08:32 +0800] basehttp 8148 7700 "GET /url/?page=4 HTTP/1.1" 200 8164
[INFO] [2018-08-01 14:08:35 +0800] basehttp 8148 8064 "GET /url/?page=3 HTTP/1.1" 200 8328
[INFO] [2018-08-01 14:08:36 +0800] basehttp 8148 1920 "GET /url/?page=2 HTTP/1.1" 200 8324
[INFO] [2018-08-01 14:08:37 +0800] basehttp 8148 7848 "GET /url/?page=1 HTTP/1.1" 200 8036
[INFO] [2018-08-01 14:08:39 +0800] basehttp 8148 7348 "GET /url/?page=2 HTTP/1.1" 200 8324
[INFO] [2018-08-01 14:08:41 +0800] basehttp 8148 7416 "GET /url/?page=3 HTTP/1.1" 200 8328
[INFO] [2018-08-01 14:08:42 +0800] basehttp 8148 6536 "GET /url/?page=4 HTTP/1.1" 200 8164
[INFO] [2018-08-01 14:08:43 +0800] basehttp 8148 1816 "GET /url/?page=5 HTTP/1.1" 200 8216
[INFO] [2018-08-01 14:08:44 +0800] basehttp 8148 3760 "GET /url/?page=6 HTTP/1.1" 200 8141
[INFO] [2018-08-01 14:08:46 +0800] basehttp 8148 8076 "GET /url/?page=5 HTTP/1.1" 200 8216
[ERROR] [2018-08-01 14:41:17 +0800] exception 4072 7984 Internal Server Error: /url/
Traceback (most recent call last):
  File "C:\Users\hunter.yang\AppData\Local\Programs\Python\Python35\lib\site-packages\django-1.11.3-py3.5.egg\django\core\handlers\exception.py", line 41, in inner
    response = get_response(request)
  File "C:\Users\hunter.yang\AppData\Local\Programs\Python\Python35\lib\site-packages\django-1.11.3-py3.5.egg\django\core\handlers\base.py", line 187, in _get_response
    response = self.process_exception_by_middleware(e, request)
  File "C:\Users\hunter.yang\AppData\Local\Programs\Python\Python35\lib\site-packages\django-1.11.3-py3.5.egg\django\core\handlers\base.py", line 185, in _get_response
    response = wrapped_callback(request, *callback_args, **callback_kwargs)
  File "C:\Users\hunter.yang\AppData\Local\Programs\Python\Python35\lib\site-packages\django-1.11.3-py3.5.egg\django\views\generic\base.py", line 68, in view
    return self.dispatch(request, *args, **kwargs)
  File "C:\Users\hunter.yang\AppData\Local\Programs\Python\Python35\lib\site-packages\django-1.11.3-py3.5.egg\django\contrib\auth\mixins.py", line 56, in dispatch
    return super(LoginRequiredMixin, self).dispatch(request, *args, **kwargs)
  File "C:\Users\hunter.yang\AppData\Local\Programs\Python\Python35\lib\site-packages\django-1.11.3-py3.5.egg\django\views\generic\base.py", line 88, in dispatch
    return handler(request, *args, **kwargs)
  File "C:\Users\hunter.yang\AppData\Local\Programs\Python\Python35\lib\site-packages\django-1.11.3-py3.5.egg\django\views\generic\list.py", line 175, in get
    context = self.get_context_data()
  File "D:\project-github\demo\services\views.py", line 46, in get_context_data
    context_url.update(pagination_data)
TypeError: 'NoneType' object is not iterable
[ERROR] [2018-08-01 14:41:17 +0800] basehttp 4072 7984 "GET /url/ HTTP/1.1" 500 89653
[WARNING] [2018-08-01 14:41:18 +0800] base 4072 7288 Not Found: /favicon.ico
[WARNING] [2018-08-01 14:41:18 +0800] basehttp 4072 7288 "GET /favicon.ico HTTP/1.1" 404 4604
[INFO] [2018-08-01 14:51:59 +0800] basehttp 7216 7644 "GET /url/ HTTP/1.1" 200 8036
[INFO] [2018-08-01 14:51:59 +0800] basehttp 7216 7660 "GET /static/icon/favicon.ico HTTP/1.1" 200 5430
[INFO] [2018-08-01 14:52:01 +0800] basehttp 7216 8136 "GET /url/?page=2 HTTP/1.1" 200 8324
[INFO] [2018-08-01 14:52:02 +0800] basehttp 7216 7260 "GET /url/?page=1 HTTP/1.1" 200 8036
[INFO] [2018-08-01 14:52:08 +0800] basehttp 7216 7640 "GET /url/ HTTP/1.1" 200 8036
[INFO] [2018-08-01 14:52:10 +0800] basehttp 7216 7388 "GET /url/ HTTP/1.1" 200 8036
[INFO] [2018-08-01 14:52:12 +0800] basehttp 7216 7348 "GET /url/?page=2 HTTP/1.1" 200 8324
[INFO] [2018-08-01 14:52:14 +0800] basehttp 7216 7516 "GET /url/?page=1 HTTP/1.1" 200 8036
[INFO] [2018-08-01 15:40:46 +0800] basehttp 7216 7336 "GET /url/?page=1 HTTP/1.1" 200 8059
[INFO] [2018-08-01 15:40:46 +0800] basehttp 7216 7312 "GET /static/icon/favicon.ico HTTP/1.1" 200 5430
[INFO] [2018-08-01 15:40:48 +0800] basehttp 7216 4340 "GET /url/?page=1 HTTP/1.1" 200 8059
[INFO] [2018-08-01 15:40:49 +0800] basehttp 7216 7252 "GET /url/?page=1 HTTP/1.1" 200 8059
[INFO] [2018-08-01 15:40:51 +0800] basehttp 7216 2856 "GET /url/?page=1 HTTP/1.1" 200 8059
[INFO] [2018-08-01 15:40:56 +0800] basehttp 7216 6780 "GET /url/?page=1 HTTP/1.1" 200 8059
[INFO] [2018-08-01 15:41:00 +0800] basehttp 7216 7328 "GET /url/?page=1 HTTP/1.1" 200 8059
[INFO] [2018-08-01 15:41:06 +0800] basehttp 7216 5672 "GET /url/ HTTP/1.1" 200 8059
[ERROR] [2018-08-01 15:42:02 +0800] exception 6628 7208 Internal Server Error: /url/
Traceback (most recent call last):
  File "C:\Users\hunter.yang\AppData\Local\Programs\Python\Python35\lib\site-packages\django-1.11.3-py3.5.egg\django\core\handlers\exception.py", line 41, in inner
    response = get_response(request)
  File "C:\Users\hunter.yang\AppData\Local\Programs\Python\Python35\lib\site-packages\django-1.11.3-py3.5.egg\django\core\handlers\base.py", line 187, in _get_response
    response = self.process_exception_by_middleware(e, request)
  File "C:\Users\hunter.yang\AppData\Local\Programs\Python\Python35\lib\site-packages\django-1.11.3-py3.5.egg\django\core\handlers\base.py", line 185, in _get_response
    response = wrapped_callback(request, *callback_args, **callback_kwargs)
  File "C:\Users\hunter.yang\AppData\Local\Programs\Python\Python35\lib\site-packages\django-1.11.3-py3.5.egg\django\views\generic\base.py", line 68, in view
    return self.dispatch(request, *args, **kwargs)
  File "C:\Users\hunter.yang\AppData\Local\Programs\Python\Python35\lib\site-packages\django-1.11.3-py3.5.egg\django\contrib\auth\mixins.py", line 56, in dispatch
    return super(LoginRequiredMixin, self).dispatch(request, *args, **kwargs)
  File "C:\Users\hunter.yang\AppData\Local\Programs\Python\Python35\lib\site-packages\django-1.11.3-py3.5.egg\django\views\generic\base.py", line 88, in dispatch
    return handler(request, *args, **kwargs)
  File "C:\Users\hunter.yang\AppData\Local\Programs\Python\Python35\lib\site-packages\django-1.11.3-py3.5.egg\django\views\generic\list.py", line 175, in get
    context = self.get_context_data()
  File "D:\project-github\demo\services\views.py", line 46, in get_context_data
    context_url.update(pagination_data)
TypeError: 'NoneType' object is not iterable
[ERROR] [2018-08-01 15:42:03 +0800] basehttp 6628 7208 "GET /url/ HTTP/1.1" 500 89788
[INFO] [2018-08-01 15:43:32 +0800] basehttp 232 8104 "GET /url/ HTTP/1.1" 200 8098
[INFO] [2018-08-01 15:43:33 +0800] basehttp 232 7344 "GET /static/icon/favicon.ico HTTP/1.1" 200 5430
[INFO] [2018-08-01 15:43:38 +0800] basehttp 232 7192 "GET /url/?page=1 HTTP/1.1" 200 8098
[INFO] [2018-08-01 15:43:49 +0800] basehttp 232 600 "GET /url/?page=4 HTTP/1.1" 200 8179
[INFO] [2018-08-01 15:43:52 +0800] basehttp 232 7220 "GET /url/?page=1 HTTP/1.1" 200 8098
[INFO] [2018-08-01 15:49:39 +0800] basehttp 232 7860 "GET /url/?page=1 HTTP/1.1" 200 8103
[INFO] [2018-08-01 15:49:39 +0800] basehttp 232 8064 "GET /static/icon/favicon.ico HTTP/1.1" 200 5430
[INFO] [2018-08-01 15:49:41 +0800] basehttp 232 8076 "GET /url/?page=6 HTTP/1.1" 200 8208
[INFO] [2018-08-01 15:49:42 +0800] basehttp 232 4612 "GET /url/?page=1 HTTP/1.1" 200 8103
[INFO] [2018-08-01 15:51:32 +0800] basehttp 232 7944 "GET /url/?page=4 HTTP/1.1" 200 8184
[INFO] [2018-08-01 15:51:45 +0800] basehttp 232 7332 "GET /url/?page=2 HTTP/1.1" 200 8344
[INFO] [2018-08-01 15:51:53 +0800] basehttp 232 1816 "GET /url/?page=3 HTTP/1.1" 200 8348
[INFO] [2018-08-01 16:34:51 +0800] basehttp 232 7732 "GET /url/?page=2 HTTP/1.1" 200 8344
[INFO] [2018-08-01 16:34:51 +0800] basehttp 232 4188 "GET /static/icon/favicon.ico HTTP/1.1" 200 5430
[INFO] [2018-08-01 16:53:12 +0800] basehttp 232 3816 "GET /url/?page=1 HTTP/1.1" 200 8103
[INFO] [2018-08-01 16:54:14 +0800] basehttp 232 3900 "GET /url/?page=1 HTTP/1.1" 200 8085
[INFO] [2018-08-01 16:54:14 +0800] basehttp 232 8000 "GET /static/icon/favicon.ico HTTP/1.1" 200 5430
[INFO] [2018-08-01 16:59:14 +0800] basehttp 232 6276 "GET /url/?page=1 HTTP/1.1" 200 8230
[INFO] [2018-08-01 16:59:14 +0800] basehttp 232 4528 "GET /static/icon/favicon.ico HTTP/1.1" 200 5430
[INFO] [2018-08-01 16:59:16 +0800] basehttp 232 1168 "GET /url/?page=2 HTTP/1.1" 200 8471
[INFO] [2018-08-01 16:59:17 +0800] basehttp 232 7976 "GET /url/?page=4 HTTP/1.1" 200 8277
[INFO] [2018-08-01 16:59:18 +0800] basehttp 232 6184 "GET /url/?page=1 HTTP/1.1" 200 8230
[INFO] [2018-08-01 16:59:20 +0800] basehttp 232 4588 "GET /url/?page=3 HTTP/1.1" 200 8441
[INFO] [2018-08-01 16:59:28 +0800] basehttp 232 7720 "GET /url/?page=6 HTTP/1.1" 200 8190
[INFO] [2018-08-01 16:59:30 +0800] basehttp 232 1888 "GET /url/?page=1 HTTP/1.1" 200 8230
[INFO] [2018-08-01 16:59:50 +0800] basehttp 232 1420 "GET /url/?page=1 HTTP/1.1" 200 8230
[INFO] [2018-08-01 16:59:50 +0800] basehttp 232 5044 "GET /static/icon/favicon.ico HTTP/1.1" 200 5430
[INFO] [2018-08-01 16:59:51 +0800] basehttp 232 3492 "GET /url/?page=3 HTTP/1.1" 200 8549
[INFO] [2018-08-01 16:59:53 +0800] basehttp 232 2856 "GET /url/?page=4 HTTP/1.1" 200 8385
[INFO] [2018-08-01 16:59:54 +0800] basehttp 232 7388 "GET /url/?page=5 HTTP/1.1" 200 8430
[INFO] [2018-08-01 16:59:56 +0800] basehttp 232 7004 "GET /url/?page=6 HTTP/1.1" 200 8332
[INFO] [2018-08-01 16:59:57 +0800] basehttp 232 1864 "GET /url/?page=1 HTTP/1.1" 200 8230
[INFO] [2018-08-01 17:02:40 +0800] basehttp 7660 3404 "GET /url/?page=1 HTTP/1.1" 200 11904
[INFO] [2018-08-01 17:02:41 +0800] basehttp 7660 6664 "GET /static/icon/favicon.ico HTTP/1.1" 200 5430
[INFO] [2018-08-01 17:02:43 +0800] basehttp 7660 2012 "GET /url/?page=2 HTTP/1.1" 200 11734
[INFO] [2018-08-01 17:02:44 +0800] basehttp 7660 536 "GET /url/?page=1 HTTP/1.1" 200 11904
[INFO] [2018-08-01 17:02:53 +0800] basehttp 6644 7100 "GET /url/?page=1 HTTP/1.1" 200 16910
[INFO] [2018-08-01 17:02:53 +0800] basehttp 6644 2032 "GET /static/icon/favicon.ico HTTP/1.1" 200 5430
[INFO] [2018-08-01 17:03:11 +0800] basehttp 6644 4784 "GET /url/?page=1 HTTP/1.1" 200 16919
[INFO] [2018-08-01 17:03:11 +0800] basehttp 6644 7716 "GET /static/icon/favicon.ico HTTP/1.1" 200 5430
[INFO] [2018-08-01 17:03:23 +0800] basehttp 6172 3692 "GET /url/?page=1 HTTP/1.1" 200 13645
[INFO] [2018-08-01 17:03:23 +0800] basehttp 6172 8172 "GET /static/icon/favicon.ico HTTP/1.1" 200 5430
[INFO] [2018-08-01 17:03:32 +0800] basehttp 6172 1036 "GET /url/?page=2 HTTP/1.1" 200 10011
[INFO] [2018-08-01 17:03:34 +0800] basehttp 6172 8040 "GET /url/?page=1 HTTP/1.1" 200 13645
[INFO] [2018-08-01 17:03:37 +0800] basehttp 6172 6628 "GET /url/?page=2 HTTP/1.1" 200 10011
[INFO] [2018-08-01 17:03:40 +0800] basehttp 6172 7692 "GET /url/?page=1 HTTP/1.1" 200 13645
[INFO] [2018-08-01 17:03:43 +0800] basehttp 6172 6664 "GET /url/?page=2 HTTP/1.1" 200 10011
[INFO] [2018-08-01 17:03:46 +0800] basehttp 6172 2012 "GET /url/?page=1 HTTP/1.1" 200 13645
[INFO] [2018-08-01 17:03:49 +0800] basehttp 6172 536 "GET /url/?page=2 HTTP/1.1" 200 10011
[INFO] [2018-08-01 17:03:51 +0800] basehttp 6172 2480 "GET /url/?page=1 HTTP/1.1" 200 13645
[INFO] [2018-08-01 17:22:52 +0800] basehttp 6172 2700 "GET /url/?page=2 HTTP/1.1" 200 10011
[INFO] [2018-08-01 17:22:54 +0800] basehttp 6172 1420 "GET /url/?page=1 HTTP/1.1" 200 13645
[INFO] [2018-08-01 17:22:56 +0800] basehttp 6172 2888 "GET /url/ HTTP/1.1" 200 13645
[INFO] [2018-08-01 17:22:57 +0800] basehttp 6172 7680 "GET /blogindex/ HTTP/1.1" 200 11721
[INFO] [2018-08-01 17:22:58 +0800] basehttp 6172 7772 "GET /hello HTTP/1.1" 200 7896
[INFO] [2018-08-01 17:22:59 +0800] basehttp 6172 3692 "GET / HTTP/1.1" 200 4786
[INFO] [2018-08-01 17:23:00 +0800] basehttp 6172 1168 "GET /url/ HTTP/1.1" 200 13645
[INFO] [2018-08-01 17:23:06 +0800] basehttp 6172 6536 "GET /info/ HTTP/1.1" 200 5886
[INFO] [2018-08-01 17:23:11 +0800] basehttp 6172 892 "GET /demo/ HTTP/1.1" 200 6659
[INFO] [2018-08-01 17:23:14 +0800] basehttp 6172 8136 "GET /userauth/ HTTP/1.1" 200 4641
[INFO] [2018-08-01 17:23:17 +0800] basehttp 6172 7644 "GET /url/ HTTP/1.1" 200 13645
[INFO] [2018-08-01 17:24:19 +0800] basehttp 6172 6664 "GET /url/ HTTP/1.1" 200 13645
[INFO] [2018-08-01 17:25:34 +0800] basehttp 1624 6536 "GET /url/?page=2 HTTP/1.1" 200 10011
[INFO] [2018-08-01 17:25:42 +0800] basehttp 1624 5688 "GET /url/ HTTP/1.1" 200 13645
[INFO] [2018-08-01 17:26:51 +0800] basehttp 7608 7220 "GET /url/ HTTP/1.1" 200 13645
[INFO] [2018-08-01 17:28:06 +0800] basehttp 8068 1388 "GET /url/ HTTP/1.1" 200 13645
[INFO] [2018-08-01 17:28:28 +0800] basehttp 7060 8064 "GET /url/?page=2 HTTP/1.1" 200 10011
[INFO] [2018-08-01 17:28:38 +0800] basehttp 7060 7368 "GET /url/?page=1 HTTP/1.1" 200 13645
[INFO] [2018-08-01 17:29:09 +0800] basehttp 7060 6780 "GET /url/ HTTP/1.1" 200 13645
[INFO] [2018-08-01 17:29:13 +0800] basehttp 7060 8124 "GET /url/ HTTP/1.1" 200 13645
[INFO] [2018-08-01 17:31:11 +0800] basehttp 1616 7140 "GET /url/ HTTP/1.1" 200 13645
[INFO] [2018-08-01 17:36:50 +0800] basehttp 1644 7420 "GET /url/ HTTP/1.1" 200 13645
[INFO] [2018-08-01 17:36:52 +0800] basehttp 1644 1388 "GET /url/ HTTP/1.1" 200 13645
[INFO] [2018-08-01 17:36:53 +0800] basehttp 1644 6632 "GET /url/ HTTP/1.1" 200 13645
[INFO] [2018-08-01 17:39:53 +0800] basehttp 1644 1488 "GET /url/ HTTP/1.1" 200 13661
[INFO] [2018-08-01 17:39:53 +0800] basehttp 1644 1740 "GET /static/icon/favicon.ico HTTP/1.1" 200 5430
[INFO] [2018-08-01 17:39:55 +0800] basehttp 1644 2012 "GET /url/?page=2 HTTP/1.1" 200 10027
[INFO] [2018-08-01 17:39:56 +0800] basehttp 1644 7572 "GET /url/?page=1 HTTP/1.1" 200 13661
[INFO] [2018-08-01 17:40:54 +0800] basehttp 892 6472 "GET /url/?page=1 HTTP/1.1" 200 8282
[INFO] [2018-08-01 17:40:54 +0800] basehttp 892 7932 "GET /static/icon/favicon.ico HTTP/1.1" 200 5430
[INFO] [2018-08-01 17:40:59 +0800] basehttp 892 7304 "GET /url/?page=3 HTTP/1.1" 200 8610
[INFO] [2018-08-01 17:41:00 +0800] basehttp 892 3100 "GET /url/?page=4 HTTP/1.1" 200 8446
[INFO] [2018-08-01 17:41:01 +0800] basehttp 892 1848 "GET /url/?page=5 HTTP/1.1" 200 8491
[INFO] [2018-08-01 17:41:03 +0800] basehttp 892 8064 "GET /url/?page=1 HTTP/1.1" 200 8282
[INFO] [2018-08-01 17:41:12 +0800] basehttp 3028 6172 "GET /url/?page=1 HTTP/1.1" 200 11929
[INFO] [2018-08-01 17:41:13 +0800] basehttp 3028 6140 "GET /static/icon/favicon.ico HTTP/1.1" 200 5430
[INFO] [2018-08-01 17:43:04 +0800] basehttp 3028 7976 "GET /url/?page=1 HTTP/1.1" 200 11955
[INFO] [2018-08-01 17:43:50 +0800] basehttp 3028 7920 "GET /url/?page=1 HTTP/1.1" 200 11955
[INFO] [2018-08-01 17:44:11 +0800] basehttp 3028 7564 "GET /url/ HTTP/1.1" 200 11936
[INFO] [2018-08-01 17:44:12 +0800] basehttp 3028 892 "GET /url/?page=1 HTTP/1.1" 200 11936
[INFO] [2018-08-01 17:44:14 +0800] basehttp 3028 1836 "GET /url/?page=2 HTTP/1.1" 200 11766
[INFO] [2018-08-01 17:44:15 +0800] basehttp 3028 8108 "GET /url/?page=1 HTTP/1.1" 200 11936
[INFO] [2018-08-01 18:06:35 +0800] basehttp 3028 3520 "GET /url/ HTTP/1.1" 200 11931
[INFO] [2018-08-01 18:06:37 +0800] basehttp 3028 7896 "GET /url/?page=1 HTTP/1.1" 200 11931
[INFO] [2018-08-01 18:06:38 +0800] basehttp 3028 4784 "GET /url/?page=2 HTTP/1.1" 200 11761
[INFO] [2018-08-01 18:06:40 +0800] basehttp 3028 7920 "GET /url/?page=1 HTTP/1.1" 200 11931
[INFO] [2018-08-01 18:06:41 +0800] basehttp 3028 4040 "GET /url/?page=2 HTTP/1.1" 200 11761
[INFO] [2018-08-01 18:06:43 +0800] basehttp 3028 3980 "GET /url/?page=2 HTTP/1.1" 200 11761
[INFO] [2018-08-01 18:06:44 +0800] basehttp 3028 3808 "GET /url/?page=1 HTTP/1.1" 200 11931
[INFO] [2018-08-01 18:06:45 +0800] basehttp 3028 7336 "GET /url/?page=2 HTTP/1.1" 200 11761
[INFO] [2018-08-01 18:06:48 +0800] basehttp 3028 7644 "GET /url/?page=1 HTTP/1.1" 200 11931
[INFO] [2018-08-01 18:06:48 +0800] basehttp 3028 7584 "GET /url/?page=2 HTTP/1.1" 200 11761
[INFO] [2018-08-01 18:10:34 +0800] basehttp 3028 2968 "GET /url/?page=1 HTTP/1.1" 200 11931
[INFO] [2018-08-01 18:10:36 +0800] basehttp 3028 7928 "GET /url/?page=1 HTTP/1.1" 200 11931
[INFO] [2018-08-01 18:10:37 +0800] basehttp 3028 7280 "GET /url/?page=2 HTTP/1.1" 200 11761
[INFO] [2018-08-01 18:10:39 +0800] basehttp 3028 5800 "GET /url/?page=2 HTTP/1.1" 200 11761
[INFO] [2018-08-01 18:11:20 +0800] basehttp 3028 7900 "GET /url/ HTTP/1.1" 200 11946
[INFO] [2018-08-01 18:11:21 +0800] basehttp 3028 7060 "GET /url/?page=1 HTTP/1.1" 200 11946
[INFO] [2018-08-01 18:14:48 +0800] basehttp 3028 7436 "GET /url/ HTTP/1.1" 200 11940
[INFO] [2018-08-01 18:14:51 +0800] basehttp 3028 1944 "GET /url/?page=2 HTTP/1.1" 200 11770
[INFO] [2018-08-01 18:14:54 +0800] basehttp 3028 6604 "GET /url/?page=1 HTTP/1.1" 200 11940
[INFO] [2018-08-01 18:15:22 +0800] basehttp 3028 1200 "GET /url/ HTTP/1.1" 200 11951
[INFO] [2018-08-01 18:15:25 +0800] basehttp 3028 1600 "GET /url/?page=1 HTTP/1.1" 200 11951
[INFO] [2018-08-01 18:15:30 +0800] basehttp 3028 7936 "GET /url/?page=1 HTTP/1.1" 200 11951
[INFO] [2018-08-01 18:16:58 +0800] basehttp 3028 7588 "GET /url/?page=2 HTTP/1.1" 200 11781
[INFO] [2018-08-01 18:16:59 +0800] basehttp 3028 1572 "GET /url/?page=1 HTTP/1.1" 200 11951
[INFO] [2018-08-01 18:21:25 +0800] basehttp 3028 7368 "GET /url/?page=1 HTTP/1.1" 200 11955
[INFO] [2018-08-01 18:21:25 +0800] basehttp 3028 7928 "GET /static/icon/favicon.ico HTTP/1.1" 200 5430
[INFO] [2018-08-01 18:21:27 +0800] basehttp 3028 7932 "GET /url/?page=1 HTTP/1.1" 200 11955
[INFO] [2018-08-01 18:21:28 +0800] basehttp 3028 8092 "GET /url/?page=1 HTTP/1.1" 200 11955
[INFO] [2018-08-01 18:22:19 +0800] basehttp 3028 1404 "GET /url/?page=1 HTTP/1.1" 200 11966
[INFO] [2018-08-01 18:22:19 +0800] basehttp 3028 1836 "GET /static/icon/favicon.ico HTTP/1.1" 200 5430
[INFO] [2018-08-01 18:24:30 +0800] basehttp 3028 5012 "GET /url/?page=1 HTTP/1.1" 200 11979
[INFO] [2018-08-01 18:24:30 +0800] basehttp 3028 7668 "GET /static/icon/favicon.ico HTTP/1.1" 200 5430
[INFO] [2018-08-01 18:26:09 +0800] basehttp 3028 7976 "GET /url/?page=1 HTTP/1.1" 200 11966
[INFO] [2018-08-01 18:26:09 +0800] basehttp 3028 7004 "GET /static/icon/favicon.ico HTTP/1.1" 200 5430
[INFO] [2018-08-01 18:26:38 +0800] basehttp 3028 8060 "GET /url/?page=1 HTTP/1.1" 200 11966
[INFO] [2018-08-01 18:26:38 +0800] basehttp 3028 5044 "GET /static/icon/favicon.ico HTTP/1.1" 200 5430
[INFO] [2018-08-01 18:27:27 +0800] basehttp 3028 7748 "GET /url/?page=1 HTTP/1.1" 200 11979
[INFO] [2018-08-01 18:27:28 +0800] basehttp 3028 2012 "GET /static/icon/favicon.ico HTTP/1.1" 200 5430
[INFO] [2018-08-01 18:27:48 +0800] basehttp 3028 7896 "GET /url/?page=1 HTTP/1.1" 200 11979
[INFO] [2018-08-01 18:33:17 +0800] basehttp 3028 7400 "GET /url/?page=2 HTTP/1.1" 200 11809
[INFO] [2018-08-01 18:33:18 +0800] basehttp 3028 7344 "GET /url/?page=1 HTTP/1.1" 200 11979
[INFO] [2018-08-01 18:33:30 +0800] basehttp 2844 2168 "GET /url/?page=1 HTTP/1.1" 200 16937
[INFO] [2018-08-01 18:33:30 +0800] basehttp 2844 2692 "GET /static/icon/favicon.ico HTTP/1.1" 200 5430
[INFO] [2018-08-01 18:33:44 +0800] basehttp 2968 7972 "GET /url/?page=1 HTTP/1.1" 200 8332
[INFO] [2018-08-01 18:33:44 +0800] basehttp 2968 7896 "GET /static/icon/favicon.ico HTTP/1.1" 200 5430
[INFO] [2018-08-01 18:33:46 +0800] basehttp 2968 4680 "GET /url/?page=2 HTTP/1.1" 200 8648
[INFO] [2018-08-01 18:33:47 +0800] basehttp 2968 4588 "GET /url/?page=3 HTTP/1.1" 200 8659
[INFO] [2018-08-01 18:33:48 +0800] basehttp 2968 7308 "GET /url/?page=4 HTTP/1.1" 200 8495
[INFO] [2018-08-01 18:33:49 +0800] basehttp 2968 6472 "GET /url/?page=5 HTTP/1.1" 200 8540
[INFO] [2018-08-01 18:33:50 +0800] basehttp 2968 8076 "GET /url/?page=6 HTTP/1.1" 200 8434
[INFO] [2018-08-01 18:33:51 +0800] basehttp 2968 8104 "GET /url/?page=1 HTTP/1.1" 200 8332
[INFO] [2018-08-01 18:33:53 +0800] basehttp 2968 1836 "GET /url/?page=3 HTTP/1.1" 200 8659
[INFO] [2018-08-01 18:33:54 +0800] basehttp 2968 8108 "GET /url/?page=4 HTTP/1.1" 200 8495
[INFO] [2018-08-01 18:33:54 +0800] basehttp 2968 6852 "GET /url/?page=5 HTTP/1.1" 200 8540
[INFO] [2018-08-01 18:33:55 +0800] basehttp 2968 7556 "GET /url/?page=6 HTTP/1.1" 200 8434
[WARNING] [2018-08-01 18:34:00 +0800] base 4632 1236 Not Found: /url/
[WARNING] [2018-08-01 18:34:00 +0800] basehttp 4632 1236 "GET /url/?page=6 HTTP/1.1" 404 1732
[INFO] [2018-08-01 18:34:08 +0800] basehttp 7424 2856 "GET /url/ HTTP/1.1" 200 11979
