[INFO] [2018-08-29 18:09:56 +0800] [django.server] [basehttp.py] basehttp 6896 2820 "GET / HTTP/1.1" 200 5133
[INFO] [2018-08-29 18:09:59 +0800] [django.server] [basehttp.py] basehttp 6896 6104 "GET /url/ HTTP/1.1" 200 13084
[INFO] [2018-08-29 18:10:04 +0800] [django.server] [basehttp.py] basehttp 6896 8656 "GET /elasticsearchinfo/ HTTP/1.1" 200 22555
[INFO] [2018-08-29 18:17:35 +0800] [django.server] [basehttp.py] basehttp 6896 2004 "GET /admin/ HTTP/1.1" 200 9273
[INFO] [2018-08-29 18:17:35 +0800] [django.server] [basehttp.py] basehttp 6896 3204 "GET /static/admin/css/base.css HTTP/1.1" 304 0
[INFO] [2018-08-29 18:17:35 +0800] [django.server] [basehttp.py] basehttp 6896 8604 "GET /static/admin/css/dashboard.css HTTP/1.1" 304 0
[INFO] [2018-08-29 18:17:35 +0800] [django.server] [basehttp.py] basehttp 6896 4648 "GET /static/admin/css/fonts.css HTTP/1.1" 304 0
[INFO] [2018-08-29 18:17:35 +0800] [django.server] [basehttp.py] basehttp 6896 308 "GET /static/admin/fonts/Roboto-Light-webfont.woff HTTP/1.1" 304 0
[INFO] [2018-08-29 18:17:35 +0800] [django.server] [basehttp.py] basehttp 6896 9188 "GET /static/admin/fonts/Roboto-Bold-webfont.woff HTTP/1.1" 304 0
[INFO] [2018-08-29 18:17:35 +0800] [django.server] [basehttp.py] basehttp 6896 8420 "GET /static/admin/fonts/Roboto-Regular-webfont.woff HTTP/1.1" 304 0
[INFO] [2018-08-29 18:17:35 +0800] [django.server] [basehttp.py] basehttp 6896 5956 "GET /static/admin/img/icon-addlink.svg HTTP/1.1" 304 0
[INFO] [2018-08-29 18:17:35 +0800] [django.server] [basehttp.py] basehttp 6896 8556 "GET /static/admin/img/icon-changelink.svg HTTP/1.1" 304 0
[WARNING] [2018-08-29 18:17:36 +0800] [django.request] [base.py] base 6896 1992 Not Found: /favicon.ico
[WARNING] [2018-08-29 18:17:36 +0800] [django.server] [basehttp.py] basehttp 6896 1992 "GET /favicon.ico HTTP/1.1" 404 4968
[INFO] [2018-08-29 18:17:42 +0800] [django.server] [basehttp.py] basehttp 6896 7028 "GET /admin/services/server_urls/ HTTP/1.1" 200 18570
[INFO] [2018-08-29 18:17:42 +0800] [django.server] [basehttp.py] basehttp 6896 5320 "GET /static/admin/css/changelists.css HTTP/1.1" 304 0
[INFO] [2018-08-29 18:17:42 +0800] [django.server] [basehttp.py] basehttp 6896 8512 "GET /static/admin/js/core.js HTTP/1.1" 304 0
[INFO] [2018-08-29 18:17:42 +0800] [django.server] [basehttp.py] basehttp 6896 8056 "GET /static/admin/js/vendor/jquery/jquery.js HTTP/1.1" 304 0
[INFO] [2018-08-29 18:17:42 +0800] [django.server] [basehttp.py] basehttp 6896 7652 "GET /admin/jsi18n/ HTTP/1.1" 200 3189
[INFO] [2018-08-29 18:17:42 +0800] [django.server] [basehttp.py] basehttp 6896 6976 "GET /static/admin/js/actions.js HTTP/1.1" 304 0
[INFO] [2018-08-29 18:17:42 +0800] [django.server] [basehttp.py] basehttp 6896 1452 "GET /static/admin/js/urlify.js HTTP/1.1" 304 0
[INFO] [2018-08-29 18:17:42 +0800] [django.server] [basehttp.py] basehttp 6896 3136 "GET /static/admin/js/jquery.init.js HTTP/1.1" 304 0
[INFO] [2018-08-29 18:17:42 +0800] [django.server] [basehttp.py] basehttp 6896 4100 "GET /static/admin/js/admin/RelatedObjectLookups.js HTTP/1.1" 304 0
[INFO] [2018-08-29 18:17:42 +0800] [django.server] [basehttp.py] basehttp 6896 7380 "GET /static/admin/js/vendor/xregexp/xregexp.js HTTP/1.1" 304 0
[INFO] [2018-08-29 18:17:42 +0800] [django.server] [basehttp.py] basehttp 6896 7308 "GET /static/admin/js/prepopulate.js HTTP/1.1" 304 0
[INFO] [2018-08-29 18:17:42 +0800] [django.server] [basehttp.py] basehttp 6896 8408 "GET /static/admin/img/search.svg HTTP/1.1" 304 0
[INFO] [2018-08-29 18:17:42 +0800] [django.server] [basehttp.py] basehttp 6896 9068 "GET /static/admin/img/tooltag-add.svg HTTP/1.1" 304 0
[INFO] [2018-08-29 18:17:42 +0800] [django.server] [basehttp.py] basehttp 6896 5020 "GET /static/admin/img/sorting-icons.svg HTTP/1.1" 304 0
[INFO] [2018-08-29 18:17:45 +0800] [django.server] [basehttp.py] basehttp 6896 8812 "GET /admin/services/server_urls/add/ HTTP/1.1" 200 7372
[INFO] [2018-08-29 18:17:45 +0800] [django.server] [basehttp.py] basehttp 6896 9056 "GET /static/admin/css/forms.css HTTP/1.1" 304 0
[INFO] [2018-08-29 18:17:45 +0800] [django.server] [basehttp.py] basehttp 6896 2816 "GET /static/admin/js/collapse.js HTTP/1.1" 304 0
[INFO] [2018-08-29 18:17:45 +0800] [django.server] [basehttp.py] basehttp 6896 7108 "GET /static/admin/js/change_form.js HTTP/1.1" 304 0
[INFO] [2018-08-29 18:17:45 +0800] [django.server] [basehttp.py] basehttp 6896 4192 "GET /static/admin/css/widgets.css HTTP/1.1" 304 0
[INFO] [2018-08-29 18:17:45 +0800] [django.server] [basehttp.py] basehttp 6896 2824 "GET /admin/jsi18n/ HTTP/1.1" 200 3189
[INFO] [2018-08-29 18:17:45 +0800] [django.server] [basehttp.py] basehttp 6896 8372 "GET /static/admin/js/prepopulate_init.js HTTP/1.1" 304 0
[INFO] [2018-08-29 18:19:25 +0800] [django.server] [basehttp.py] basehttp 6896 8632 "GET /url/ HTTP/1.1" 200 13084
[INFO] [2018-08-29 18:19:47 +0800] [django.server] [basehttp.py] basehttp 6896 2812 "GET /url/?page=2 HTTP/1.1" 200 13056
[INFO] [2018-08-29 18:19:48 +0800] [django.server] [basehttp.py] basehttp 6896 2772 "GET /url/?page=3 HTTP/1.1" 200 7557
[INFO] [2018-08-29 18:19:50 +0800] [django.server] [basehttp.py] basehttp 6896 9100 "GET /url/?page=1 HTTP/1.1" 200 13084
[INFO] [2018-08-29 18:19:59 +0800] [django.server] [basehttp.py] basehttp 6896 8980 "GET /url/?page=2 HTTP/1.1" 200 13056
[INFO] [2018-08-29 18:20:05 +0800] [django.server] [basehttp.py] basehttp 6896 2820 "GET /url/11/ HTTP/1.1" 200 6897
[INFO] [2018-08-29 18:20:08 +0800] [django.server] [basehttp.py] basehttp 6896 6728 "GET /url/ HTTP/1.1" 200 13084
[INFO] [2018-08-29 18:20:09 +0800] [django.server] [basehttp.py] basehttp 6896 7800 "GET /url/?page=2 HTTP/1.1" 200 13056
[INFO] [2018-08-29 18:20:16 +0800] [django.server] [basehttp.py] basehttp 6896 3228 "GET /url/11/ HTTP/1.1" 200 6897
[INFO] [2018-08-29 18:20:25 +0800] [django.server] [basehttp.py] basehttp 6896 2208 "GET /admin/ HTTP/1.1" 200 9273
[INFO] [2018-08-29 18:20:28 +0800] [django.server] [basehttp.py] basehttp 6896 9140 "GET /admin/services/server_urls/ HTTP/1.1" 200 18570
[INFO] [2018-08-29 18:20:28 +0800] [django.server] [basehttp.py] basehttp 6896 3444 "GET /admin/jsi18n/ HTTP/1.1" 200 3189
[INFO] [2018-08-29 18:20:31 +0800] [django.server] [basehttp.py] basehttp 6896 296 "GET /admin/services/server_urls/11/change/ HTTP/1.1" 200 8183
[INFO] [2018-08-29 18:20:31 +0800] [django.server] [basehttp.py] basehttp 6896 7316 "GET /admin/jsi18n/ HTTP/1.1" 200 3189
[INFO] [2018-08-29 18:20:31 +0800] [django.server] [basehttp.py] basehttp 6896 2496 "GET /static/admin/img/tooltag-arrowright.svg HTTP/1.1" 304 0
[INFO] [2018-08-29 18:20:43 +0800] [django.server] [basehttp.py] basehttp 6896 7336 "GET /blogindex/ HTTP/1.1" 200 12068
[INFO] [2018-08-29 18:21:03 +0800] [django.server] [basehttp.py] basehttp 6896 8728 "GET /post/3/ HTTP/1.1" 200 11017
[INFO] [2018-08-29 18:21:06 +0800] [django.server] [basehttp.py] basehttp 6896 4804 "GET /post/2/ HTTP/1.1" 200 10860
[INFO] [2018-08-29 18:21:09 +0800] [django.server] [basehttp.py] basehttp 6896 7424 "GET /blogindex/ HTTP/1.1" 200 12068
[INFO] [2018-08-29 18:21:14 +0800] [django.server] [basehttp.py] basehttp 6896 6920 "GET /archives/2017/9/ HTTP/1.1" 200 11278
[INFO] [2018-08-29 18:24:35 +0800] [django.server] [basehttp.py] basehttp 6896 5320 "GET /url/ HTTP/1.1" 200 13084
[INFO] [2018-08-29 18:24:37 +0800] [django.server] [basehttp.py] basehttp 6896 8420 "GET /blogindex/ HTTP/1.1" 200 12068
[INFO] [2018-08-29 18:24:42 +0800] [django.server] [basehttp.py] basehttp 6896 3928 "GET /url/ HTTP/1.1" 200 13084
[INFO] [2018-08-29 18:28:37 +0800] [django.server] [basehttp.py] basehttp 6896 5880 "GET /elasticsearchinfo/ HTTP/1.1" 200 22536
[INFO] [2018-08-29 18:31:51 +0800] [django.server] [basehttp.py] basehttp 6896 9156 "GET /url/ HTTP/1.1" 200 13084
[INFO] [2018-08-29 18:31:53 +0800] [django.server] [basehttp.py] basehttp 6896 2824 "GET /url/25/ HTTP/1.1" 200 7077
[INFO] [2018-08-29 18:32:50 +0800] [django.server] [basehttp.py] basehttp 6896 7456 "GET /url/ HTTP/1.1" 200 13084
