[INFO] [2018-07-20 10:10:13 +0800] basehttp 3992 1892 "GET / HTTP/1.1" 200 4786
[INFO] [2018-07-20 10:10:17 +0800] basehttp 3992 532 "GET /userauth/ HTTP/1.1" 200 4641
[INFO] [2018-07-20 10:10:24 +0800] basehttp 3992 6572 "GET /admin/ HTTP/1.1" 200 8700
[WARNING] [2018-07-20 10:10:25 +0800] base 3992 4784 Not Found: /favicon.ico
[WARNING] [2018-07-20 10:10:25 +0800] basehttp 3992 4784 "GET /favicon.ico HTTP/1.1" 404 4604
[INFO] [2018-07-20 10:21:23 +0800] basehttp 3992 3360 "GET /demo/ HTTP/1.1" 200 6661
[INFO] [2018-07-20 10:21:28 +0800] basehttp 3992 6736 "GET /url/ HTTP/1.1" 200 7569
[INFO] [2018-07-20 10:21:30 +0800] basehttp 3992 6244 "GET /url/1/ HTTP/1.1" 200 5815
[INFO] [2018-07-20 10:21:32 +0800] basehttp 3992 5500 "GET /url/ HTTP/1.1" 200 7569
[INFO] [2018-07-20 10:21:34 +0800] basehttp 3992 5976 "GET /url/5/ HTTP/1.1" 200 5843
[INFO] [2018-07-20 10:21:35 +0800] basehttp 3992 3568 "GET /url/ HTTP/1.1" 200 7569
[INFO] [2018-07-20 10:47:56 +0800] basehttp 3420 6556 "GET /url/ HTTP/1.1" 200 7569
[INFO] [2018-07-20 10:49:51 +0800] basehttp 5244 4680 "GET /demo/ HTTP/1.1" 200 6661
[INFO] [2018-07-20 10:51:20 +0800] basehttp 6060 4792 "GET /demo/ HTTP/1.1" 200 6661
[INFO] [2018-07-20 10:52:08 +0800] basehttp 532 3436 "GET /url/ HTTP/1.1" 200 7569
[INFO] [2018-07-20 11:00:40 +0800] basehttp 532 6040 "GET /admin/services/server_urls/ HTTP/1.1" 200 6689
[INFO] [2018-07-20 11:00:40 +0800] basehttp 532 5792 "GET /admin/jsi18n/ HTTP/1.1" 200 3189
[INFO] [2018-07-20 11:00:42 +0800] basehttp 532 6104 "GET /admin/services/server_urls/3/change/ HTTP/1.1" 200 9100
[INFO] [2018-07-20 11:00:42 +0800] basehttp 532 5896 "GET /admin/jsi18n/ HTTP/1.1" 200 3189
[INFO] [2018-07-20 11:01:18 +0800] basehttp 4788 6992 "GET /admin/services/server_urls/ HTTP/1.1" 200 6689
[INFO] [2018-07-20 11:01:18 +0800] basehttp 4788 2456 "GET /admin/jsi18n/ HTTP/1.1" 200 3189
[INFO] [2018-07-20 11:01:19 +0800] basehttp 4788 6716 "GET /admin/services/server_urls/3/change/ HTTP/1.1" 200 9098
[INFO] [2018-07-20 11:01:19 +0800] basehttp 4788 6244 "GET /admin/jsi18n/ HTTP/1.1" 200 3189
[INFO] [2018-07-20 11:01:45 +0800] basehttp 7148 2464 "GET /admin/services/server_urls/3/change/ HTTP/1.1" 200 9100
[INFO] [2018-07-20 11:01:45 +0800] basehttp 7148 368 "GET /admin/jsi18n/ HTTP/1.1" 200 3189
[INFO] [2018-07-20 11:07:14 +0800] basehttp 7148 4692 "GET /admin/services/ HTTP/1.1" 200 2690
[INFO] [2018-07-20 11:07:17 +0800] basehttp 7148 2380 "GET /admin/ HTTP/1.1" 200 8700
[INFO] [2018-07-20 11:19:35 +0800] basehttp 7148 7152 "GET /admin/services/server_urls/ HTTP/1.1" 200 6689
[INFO] [2018-07-20 11:19:35 +0800] basehttp 7148 5564 "GET /admin/jsi18n/ HTTP/1.1" 200 3189
[INFO] [2018-07-20 11:19:37 +0800] basehttp 7148 6740 "GET /admin/services/server_urls/5/change/ HTTP/1.1" 200 7738
[INFO] [2018-07-20 11:19:37 +0800] basehttp 7148 4896 "GET /admin/jsi18n/ HTTP/1.1" 200 3189
[INFO] [2018-07-20 11:23:09 +0800] basehttp 7148 3564 "POST /admin/services/server_urls/5/change/ HTTP/1.1" 302 0
[INFO] [2018-07-20 11:23:09 +0800] basehttp 7148 2780 "GET /admin/services/server_urls/ HTTP/1.1" 200 6872
[INFO] [2018-07-20 11:23:09 +0800] basehttp 7148 4736 "GET /admin/jsi18n/ HTTP/1.1" 200 3189
[INFO] [2018-07-20 11:23:59 +0800] basehttp 7148 7156 "GET /url/5/ HTTP/1.1" 200 6340
[INFO] [2018-07-20 11:24:54 +0800] basehttp 7148 7088 "GET /demo/ HTTP/1.1" 200 6661
[INFO] [2018-07-20 11:25:41 +0800] basehttp 7148 4456 "GET /url/ HTTP/1.1" 200 7569
[INFO] [2018-07-20 11:25:43 +0800] basehttp 7148 6508 "GET /url/5/ HTTP/1.1" 200 6417
[INFO] [2018-07-20 11:26:14 +0800] basehttp 7148 2916 "GET /url/5/ HTTP/1.1" 200 6414
[INFO] [2018-07-20 11:26:14 +0800] basehttp 7148 364 "GET /static/icon/favicon.ico HTTP/1.1" 200 5430
[INFO] [2018-07-20 11:26:40 +0800] basehttp 7148 7092 "GET /url/ HTTP/1.1" 200 7569
[INFO] [2018-07-20 11:27:42 +0800] basehttp 7148 2456 "GET /info/ HTTP/1.1" 200 5886
[INFO] [2018-07-20 11:28:04 +0800] basehttp 7148 3436 "GET /url/ HTTP/1.1" 200 7569
[INFO] [2018-07-20 11:28:08 +0800] basehttp 7148 3184 "GET /url/3/ HTTP/1.1" 200 7465
[INFO] [2018-07-20 11:30:40 +0800] basehttp 7148 6960 "GET /url/3/ HTTP/1.1" 200 7493
[INFO] [2018-07-20 11:30:41 +0800] basehttp 7148 7076 "GET /static/icon/favicon.ico HTTP/1.1" 200 5430
[INFO] [2018-07-20 11:30:46 +0800] basehttp 7148 3456 "GET /url/ HTTP/1.1" 200 7597
[INFO] [2018-07-20 11:30:52 +0800] basehttp 7148 6768 "GET /url/3/ HTTP/1.1" 200 7493
[INFO] [2018-07-20 11:31:03 +0800] basehttp 7148 2456 "GET /url/3/ HTTP/1.1" 200 7490
[INFO] [2018-07-20 11:31:46 +0800] basehttp 7148 7088 "GET /url/3/ HTTP/1.1" 200 7465
[INFO] [2018-07-20 11:31:46 +0800] basehttp 7148 3992 "GET /static/icon/favicon.ico HTTP/1.1" 200 5430
[INFO] [2018-07-20 13:22:43 +0800] basehttp 6760 7480 "GET /admin/services/server_urls/3/change/ HTTP/1.1" 200 9113
[INFO] [2018-07-20 13:22:43 +0800] basehttp 6760 7572 "GET /admin/jsi18n/ HTTP/1.1" 200 3189
[INFO] [2018-07-20 13:25:06 +0800] basehttp 6760 7968 "GET /url/ HTTP/1.1" 200 7569
[INFO] [2018-07-20 13:25:07 +0800] basehttp 6760 3036 "GET /url/1/ HTTP/1.1" 200 5889
[INFO] [2018-07-20 13:28:57 +0800] basehttp 6760 8108 "GET /admin/ HTTP/1.1" 200 8697
[INFO] [2018-07-20 13:28:59 +0800] basehttp 6760 7844 "GET /admin/auth/user/ HTTP/1.1" 200 6479
[INFO] [2018-07-20 13:28:59 +0800] basehttp 6760 300 "GET /admin/jsi18n/ HTTP/1.1" 200 3189
[INFO] [2018-07-20 13:28:59 +0800] basehttp 6760 2616 "GET /static/admin/img/search.svg HTTP/1.1" 200 458
[INFO] [2018-07-20 13:29:09 +0800] basehttp 6760 368 "GET /admin/ HTTP/1.1" 200 8697
[INFO] [2018-07-20 14:05:38 +0800] basehttp 6760 7344 "GET /admin/services/server_type/ HTTP/1.1" 200 4489
[INFO] [2018-07-20 14:05:38 +0800] basehttp 6760 2616 "GET /admin/jsi18n/ HTTP/1.1" 200 3189
[INFO] [2018-07-20 14:05:41 +0800] basehttp 6760 7324 "GET /admin/services/server_type/add/ HTTP/1.1" 200 3878
[INFO] [2018-07-20 14:05:41 +0800] basehttp 6760 2780 "GET /admin/jsi18n/ HTTP/1.1" 200 3189
[INFO] [2018-07-20 14:05:47 +0800] basehttp 6760 4428 "POST /admin/services/server_type/add/ HTTP/1.1" 302 0
[INFO] [2018-07-20 14:05:47 +0800] basehttp 6760 1384 "GET /admin/services/server_type/ HTTP/1.1" 200 4922
[INFO] [2018-07-20 14:05:47 +0800] basehttp 6760 7972 "GET /admin/jsi18n/ HTTP/1.1" 200 3189
[INFO] [2018-07-20 14:05:49 +0800] basehttp 6760 7780 "GET /admin/services/ HTTP/1.1" 200 2690
[INFO] [2018-07-20 14:05:50 +0800] basehttp 6760 1760 "GET /admin/services/server_urls/ HTTP/1.1" 200 6689
[INFO] [2018-07-20 14:05:50 +0800] basehttp 6760 7100 "GET /admin/jsi18n/ HTTP/1.1" 200 3189
[INFO] [2018-07-20 14:05:52 +0800] basehttp 6760 2236 "GET /admin/services/server_urls/add/ HTTP/1.1" 200 7288
[INFO] [2018-07-20 14:05:52 +0800] basehttp 6760 7548 "GET /admin/jsi18n/ HTTP/1.1" 200 3189
[INFO] [2018-07-20 14:07:43 +0800] basehttp 6760 5764 "POST /admin/services/server_urls/add/ HTTP/1.1" 302 0
[INFO] [2018-07-20 14:07:43 +0800] basehttp 6760 8080 "GET /admin/services/server_urls/ HTTP/1.1" 200 7300
[INFO] [2018-07-20 14:07:43 +0800] basehttp 6760 7840 "GET /admin/jsi18n/ HTTP/1.1" 200 3189
[INFO] [2018-07-20 14:07:45 +0800] basehttp 6760 6696 "GET /url/ HTTP/1.1" 200 8001
[INFO] [2018-07-20 14:07:46 +0800] basehttp 6760 4524 "GET /static/icon/favicon.ico HTTP/1.1" 200 5430
[INFO] [2018-07-20 14:08:41 +0800] basehttp 6760 5312 "GET /url/6/ HTTP/1.1" 200 5954
[INFO] [2018-07-20 14:09:36 +0800] basehttp 6760 6496 "GET /admin/services/server_urls/6/change/ HTTP/1.1" 200 7844
[INFO] [2018-07-20 14:09:36 +0800] basehttp 6760 3992 "GET /admin/jsi18n/ HTTP/1.1" 200 3189
[INFO] [2018-07-20 14:11:15 +0800] basehttp 6760 4832 "GET /url/3/ HTTP/1.1" 200 7530
[INFO] [2018-07-20 14:17:13 +0800] basehttp 6760 7820 "POST /admin/services/server_urls/6/change/ HTTP/1.1" 302 0
[INFO] [2018-07-20 14:17:13 +0800] basehttp 6760 1696 "GET /admin/services/server_urls/ HTTP/1.1" 200 7302
[INFO] [2018-07-20 14:17:13 +0800] basehttp 6760 7244 "GET /admin/jsi18n/ HTTP/1.1" 200 3189
[INFO] [2018-07-20 14:17:18 +0800] basehttp 6760 8080 "GET /url/6/ HTTP/1.1" 200 7099
[INFO] [2018-07-20 14:18:25 +0800] basehttp 6760 1988 "GET /admin/services/server_urls/6/change/ HTTP/1.1" 200 8854
[INFO] [2018-07-20 14:18:25 +0800] basehttp 6760 7292 "GET /admin/jsi18n/ HTTP/1.1" 200 3189
[INFO] [2018-07-20 14:26:21 +0800] basehttp 6760 3528 "POST /admin/services/server_urls/6/change/ HTTP/1.1" 302 0
[INFO] [2018-07-20 14:26:21 +0800] basehttp 6760 7644 "GET /admin/services/server_urls/ HTTP/1.1" 200 7302
[INFO] [2018-07-20 14:26:21 +0800] basehttp 6760 8096 "GET /admin/jsi18n/ HTTP/1.1" 200 3189
[INFO] [2018-07-20 14:26:24 +0800] basehttp 6760 7488 "GET /url/6/ HTTP/1.1" 200 8718
[INFO] [2018-07-20 14:26:25 +0800] basehttp 6760 8068 "GET /static/icon/favicon.ico HTTP/1.1" 200 5430
[INFO] [2018-07-20 14:29:38 +0800] basehttp 6760 6604 "GET /admin/services/server_urls/add/ HTTP/1.1" 200 7288
[INFO] [2018-07-20 14:29:38 +0800] basehttp 6760 8068 "GET /admin/jsi18n/ HTTP/1.1" 200 3189
[INFO] [2018-07-20 14:31:26 +0800] basehttp 6760 2616 "POST /admin/services/server_urls/add/ HTTP/1.1" 302 0
[INFO] [2018-07-20 14:31:26 +0800] basehttp 6760 7004 "GET /admin/services/server_urls/ HTTP/1.1" 200 7732
[INFO] [2018-07-20 14:31:26 +0800] basehttp 6760 2524 "GET /admin/jsi18n/ HTTP/1.1" 200 3189
[INFO] [2018-07-20 14:31:33 +0800] basehttp 6760 7760 "GET /admin/services/server_urls/7/change/ HTTP/1.1" 200 7847
[INFO] [2018-07-20 14:31:33 +0800] basehttp 6760 3236 "GET /admin/jsi18n/ HTTP/1.1" 200 3189
[INFO] [2018-07-20 14:31:53 +0800] basehttp 6760 7476 "POST /admin/services/server_urls/7/change/ HTTP/1.1" 302 0
[INFO] [2018-07-20 14:31:53 +0800] basehttp 6760 2608 "GET /admin/services/server_urls/ HTTP/1.1" 200 7736
[INFO] [2018-07-20 14:31:53 +0800] basehttp 6760 7356 "GET /admin/jsi18n/ HTTP/1.1" 200 3189
[INFO] [2018-07-20 14:32:07 +0800] basehttp 6760 7840 "GET /admin/services/server_urls/6/change/ HTTP/1.1" 200 10162
[INFO] [2018-07-20 14:32:07 +0800] basehttp 6760 7480 "GET /admin/jsi18n/ HTTP/1.1" 200 3189
[INFO] [2018-07-20 14:32:42 +0800] basehttp 6760 1988 "POST /admin/services/server_urls/6/change/ HTTP/1.1" 200 10284
[INFO] [2018-07-20 14:32:42 +0800] basehttp 6760 6748 "GET /admin/jsi18n/ HTTP/1.1" 200 3189
[INFO] [2018-07-20 14:32:50 +0800] basehttp 6760 7360 "POST /admin/services/server_urls/6/change/ HTTP/1.1" 302 0
[INFO] [2018-07-20 14:32:50 +0800] basehttp 6760 4696 "GET /admin/services/server_urls/ HTTP/1.1" 200 7723
[INFO] [2018-07-20 14:32:50 +0800] basehttp 6760 6540 "GET /admin/jsi18n/ HTTP/1.1" 200 3189
[INFO] [2018-07-20 14:34:01 +0800] basehttp 7436 1228 "GET /admin/services/server_urls/ HTTP/1.1" 200 7531
[INFO] [2018-07-20 14:34:01 +0800] basehttp 7436 6580 "GET /admin/jsi18n/ HTTP/1.1" 200 3189
[INFO] [2018-07-20 14:34:07 +0800] basehttp 7436 5732 "GET /url/ HTTP/1.1" 200 8356
[INFO] [2018-07-20 14:34:35 +0800] basehttp 7436 5412 "GET /url/ HTTP/1.1" 200 8357
[INFO] [2018-07-20 14:34:35 +0800] basehttp 7436 7640 "GET /static/icon/favicon.ico HTTP/1.1" 200 5430
[INFO] [2018-07-20 14:34:50 +0800] basehttp 7436 7756 "GET /admin/services/server_urls/6/change/ HTTP/1.1" 200 10137
[INFO] [2018-07-20 14:34:50 +0800] basehttp 7436 7944 "GET /admin/jsi18n/ HTTP/1.1" 200 3189
[INFO] [2018-07-20 14:34:59 +0800] basehttp 7436 2236 "POST /admin/services/server_urls/6/change/ HTTP/1.1" 302 0
[INFO] [2018-07-20 14:34:59 +0800] basehttp 7436 6724 "GET /admin/services/server_urls/ HTTP/1.1" 200 7723
[INFO] [2018-07-20 14:34:59 +0800] basehttp 7436 7484 "GET /admin/jsi18n/ HTTP/1.1" 200 3189
[INFO] [2018-07-20 14:35:46 +0800] basehttp 7436 532 "GET /admin/services/server_urls/7/change/ HTTP/1.1" 200 7843
[INFO] [2018-07-20 14:35:46 +0800] basehttp 7436 4588 "GET /admin/jsi18n/ HTTP/1.1" 200 3189
[INFO] [2018-07-20 14:35:52 +0800] basehttp 7436 7976 "GET /url/6/ HTTP/1.1" 200 8718
[INFO] [2018-07-20 14:35:56 +0800] basehttp 7436 4796 "GET /url/6/ HTTP/1.1" 200 8718
[INFO] [2018-07-20 14:40:33 +0800] basehttp 7436 3192 "POST /admin/services/server_urls/7/change/ HTTP/1.1" 302 0
[INFO] [2018-07-20 14:40:33 +0800] basehttp 7436 7588 "GET /admin/services/server_urls/ HTTP/1.1" 200 7724
[INFO] [2018-07-20 14:40:33 +0800] basehttp 7436 2364 "GET /admin/jsi18n/ HTTP/1.1" 200 3189
[INFO] [2018-07-20 14:40:37 +0800] basehttp 7436 7464 "GET /url/ HTTP/1.1" 200 8360
[INFO] [2018-07-20 14:40:41 +0800] basehttp 7436 1336 "GET /url/7/ HTTP/1.1" 200 6497
[INFO] [2018-07-20 14:40:52 +0800] basehttp 7436 2524 "GET /url/ HTTP/1.1" 200 8360
[INFO] [2018-07-20 14:40:58 +0800] basehttp 7436 7972 "GET /admin/services/server_urls/7/change/ HTTP/1.1" 200 8325
[INFO] [2018-07-20 14:40:58 +0800] basehttp 7436 5364 "GET /admin/jsi18n/ HTTP/1.1" 200 3189
[INFO] [2018-07-20 14:43:53 +0800] basehttp 7436 7012 "POST /admin/services/server_urls/7/change/ HTTP/1.1" 302 0
[INFO] [2018-07-20 14:43:53 +0800] basehttp 7436 5836 "GET /admin/services/server_urls/ HTTP/1.1" 200 7730
[INFO] [2018-07-20 14:43:53 +0800] basehttp 7436 7248 "GET /admin/jsi18n/ HTTP/1.1" 200 3189
[INFO] [2018-07-20 14:43:57 +0800] basehttp 7436 7360 "GET /url/ HTTP/1.1" 200 8363
[INFO] [2018-07-20 14:43:57 +0800] basehttp 7436 6908 "GET /static/icon/favicon.ico HTTP/1.1" 200 5430
[INFO] [2018-07-20 14:43:58 +0800] basehttp 7436 3344 "GET /url/7/ HTTP/1.1" 200 6822
[INFO] [2018-07-20 14:44:13 +0800] basehttp 7436 7800 "GET /admin/services/server_urls/7/change/ HTTP/1.1" 200 8559
[INFO] [2018-07-20 14:44:13 +0800] basehttp 7436 8040 "GET /admin/jsi18n/ HTTP/1.1" 200 3189
[INFO] [2018-07-20 14:46:39 +0800] basehttp 7436 8124 "POST /admin/services/server_urls/7/change/ HTTP/1.1" 302 0
[INFO] [2018-07-20 14:46:39 +0800] basehttp 7436 3596 "GET /admin/services/server_urls/ HTTP/1.1" 200 7730
[INFO] [2018-07-20 14:46:39 +0800] basehttp 7436 6656 "GET /admin/jsi18n/ HTTP/1.1" 200 3189
[INFO] [2018-07-20 14:47:00 +0800] basehttp 7436 1340 "GET /url/7/ HTTP/1.1" 200 7352
[INFO] [2018-07-20 14:47:00 +0800] basehttp 7436 7512 "GET /static/icon/favicon.ico HTTP/1.1" 200 5430
[INFO] [2018-07-20 14:47:04 +0800] basehttp 7436 4792 "GET /admin/services/server_urls/7/change/ HTTP/1.1" 200 9047
[INFO] [2018-07-20 14:47:04 +0800] basehttp 7436 2236 "GET /admin/jsi18n/ HTTP/1.1" 200 3189
[INFO] [2018-07-20 14:47:16 +0800] basehttp 7436 6512 "POST /admin/services/server_urls/7/change/ HTTP/1.1" 302 0
[INFO] [2018-07-20 14:47:16 +0800] basehttp 7436 304 "GET /admin/services/server_urls/ HTTP/1.1" 200 7730
[INFO] [2018-07-20 14:47:16 +0800] basehttp 7436 7636 "GET /admin/jsi18n/ HTTP/1.1" 200 3189
[INFO] [2018-07-20 14:47:19 +0800] basehttp 7436 4132 "GET /url/7/ HTTP/1.1" 200 7352
[INFO] [2018-07-20 14:47:20 +0800] basehttp 7436 8052 "GET /static/icon/favicon.ico HTTP/1.1" 200 5430
[INFO] [2018-07-20 15:04:16 +0800] basehttp 7436 7500 "GET /admin/services/server_urls/7/change/ HTTP/1.1" 200 9047
[INFO] [2018-07-20 15:04:16 +0800] basehttp 7436 5560 "GET /admin/jsi18n/ HTTP/1.1" 200 3189
[INFO] [2018-07-20 15:04:19 +0800] basehttp 7436 7544 "POST /admin/services/server_urls/7/change/ HTTP/1.1" 302 0
[INFO] [2018-07-20 15:04:19 +0800] basehttp 7436 7388 "GET /admin/services/server_urls/ HTTP/1.1" 200 7730
[INFO] [2018-07-20 15:04:19 +0800] basehttp 7436 7812 "GET /admin/jsi18n/ HTTP/1.1" 200 3189
[INFO] [2018-07-20 15:04:21 +0800] basehttp 7436 1000 "GET /admin/services/server_urls/7/change/ HTTP/1.1" 200 9047
[INFO] [2018-07-20 15:04:21 +0800] basehttp 7436 7896 "GET /admin/jsi18n/ HTTP/1.1" 200 3189
[INFO] [2018-07-20 15:05:21 +0800] basehttp 7436 7108 "GET /admin/services/server_urls/ HTTP/1.1" 200 7537
[INFO] [2018-07-20 15:05:23 +0800] basehttp 7436 3676 "GET /admin/services/server_urls/add/ HTTP/1.1" 200 7282
[INFO] [2018-07-20 15:05:23 +0800] basehttp 7436 5720 "GET /admin/jsi18n/ HTTP/1.1" 200 3189
[INFO] [2018-07-20 15:05:43 +0800] basehttp 7436 4840 "GET /url/ HTTP/1.1" 200 8363
[INFO] [2018-07-20 15:06:09 +0800] basehttp 7436 7264 "POST /admin/services/server_urls/add/ HTTP/1.1" 302 0
[INFO] [2018-07-20 15:06:09 +0800] basehttp 7436 5556 "GET /admin/services/server_urls/ HTTP/1.1" 200 8161
[INFO] [2018-07-20 15:06:09 +0800] basehttp 7436 7572 "GET /admin/jsi18n/ HTTP/1.1" 200 3189
[INFO] [2018-07-20 15:06:11 +0800] basehttp 7436 7908 "GET /admin/services/server_urls/add/ HTTP/1.1" 200 7282
[INFO] [2018-07-20 15:06:11 +0800] basehttp 7436 3348 "GET /admin/jsi18n/ HTTP/1.1" 200 3189
[INFO] [2018-07-20 15:06:56 +0800] basehttp 7436 6652 "POST /admin/services/server_urls/add/ HTTP/1.1" 302 0
[INFO] [2018-07-20 15:06:56 +0800] basehttp 7436 5364 "GET /admin/services/server_urls/ HTTP/1.1" 200 8594
[INFO] [2018-07-20 15:06:56 +0800] basehttp 7436 7936 "GET /admin/jsi18n/ HTTP/1.1" 200 3189
[INFO] [2018-07-20 15:06:58 +0800] basehttp 7436 7212 "GET /admin/services/server_urls/8/change/ HTTP/1.1" 200 9046
[INFO] [2018-07-20 15:06:58 +0800] basehttp 7436 7184 "GET /admin/jsi18n/ HTTP/1.1" 200 3189
[INFO] [2018-07-20 15:07:05 +0800] basehttp 7436 5944 "POST /admin/services/server_urls/8/change/ HTTP/1.1" 302 0
[INFO] [2018-07-20 15:07:05 +0800] basehttp 7436 6496 "GET /admin/services/server_urls/ HTTP/1.1" 200 8596
[INFO] [2018-07-20 15:07:05 +0800] basehttp 7436 2128 "GET /admin/jsi18n/ HTTP/1.1" 200 3189
[INFO] [2018-07-20 15:07:08 +0800] basehttp 7436 6640 "GET /admin/services/server_urls/?o=1.4 HTTP/1.1" 200 9055
[INFO] [2018-07-20 15:07:08 +0800] basehttp 7436 7708 "GET /admin/jsi18n/ HTTP/1.1" 200 3189
[INFO] [2018-07-20 15:07:19 +0800] basehttp 7436 2580 "GET /url/ HTTP/1.1" 200 9107
[INFO] [2018-07-20 15:07:19 +0800] basehttp 7436 8148 "GET /static/icon/favicon.ico HTTP/1.1" 200 5430
[INFO] [2018-07-20 15:07:23 +0800] basehttp 7436 7560 "GET /url/environment/3/ HTTP/1.1" 200 7456
[INFO] [2018-07-20 15:07:26 +0800] basehttp 7436 3888 "GET /url/ HTTP/1.1" 200 9107
[INFO] [2018-07-20 15:08:06 +0800] basehttp 7436 2464 "GET /url/6/ HTTP/1.1" 200 8718
[INFO] [2018-07-20 15:08:14 +0800] basehttp 7436 7712 "GET /admin/services/server_urls/6/change/?_changelist_filters=o%3D1.4 HTTP/1.1" 200 10227
[INFO] [2018-07-20 15:08:14 +0800] basehttp 7436 7208 "GET /admin/jsi18n/ HTTP/1.1" 200 3189
[INFO] [2018-07-20 15:08:38 +0800] basehttp 7436 7064 "GET /admin/services/server_urls/ HTTP/1.1" 200 8403
[INFO] [2018-07-20 15:08:38 +0800] basehttp 7436 3456 "GET /admin/jsi18n/ HTTP/1.1" 200 3189
[INFO] [2018-07-20 15:08:40 +0800] basehttp 7436 2956 "GET /admin/services/server_urls/add/ HTTP/1.1" 200 7282
[INFO] [2018-07-20 15:08:40 +0800] basehttp 7436 6812 "GET /admin/jsi18n/ HTTP/1.1" 200 3189
[INFO] [2018-07-20 15:09:24 +0800] basehttp 7436 8104 "POST /admin/services/server_urls/add/ HTTP/1.1" 302 0
[INFO] [2018-07-20 15:09:24 +0800] basehttp 7436 7604 "GET /admin/services/server_urls/ HTTP/1.1" 200 9017
[INFO] [2018-07-20 15:09:24 +0800] basehttp 7436 7960 "GET /admin/jsi18n/ HTTP/1.1" 200 3189
[INFO] [2018-07-20 15:12:13 +0800] basehttp 7436 6572 "GET /url/ HTTP/1.1" 200 9465
[INFO] [2018-07-20 15:12:13 +0800] basehttp 7436 6044 "GET /static/icon/favicon.ico HTTP/1.1" 200 5430
[INFO] [2018-07-20 15:12:41 +0800] basehttp 7436 7744 "GET /url/5/ HTTP/1.1" 200 6479
[INFO] [2018-07-20 15:12:47 +0800] basehttp 7436 8188 "GET /admin/services/server_urls/add/ HTTP/1.1" 200 7282
[INFO] [2018-07-20 15:12:47 +0800] basehttp 7436 7220 "GET /admin/jsi18n/ HTTP/1.1" 200 3189
[INFO] [2018-07-20 15:15:13 +0800] basehttp 7436 7476 "POST /admin/services/server_urls/add/ HTTP/1.1" 302 0
[INFO] [2018-07-20 15:15:13 +0800] basehttp 7436 7468 "GET /admin/services/server_urls/ HTTP/1.1" 200 9433
[INFO] [2018-07-20 15:15:13 +0800] basehttp 7436 7964 "GET /admin/jsi18n/ HTTP/1.1" 200 3189
[INFO] [2018-07-20 15:15:24 +0800] basehttp 7436 4852 "GET /admin/services/server_urls/add/ HTTP/1.1" 200 7282
[INFO] [2018-07-20 15:15:24 +0800] basehttp 7436 8160 "GET /admin/jsi18n/ HTTP/1.1" 200 3189
[INFO] [2018-07-20 15:16:02 +0800] basehttp 7436 7420 "GET /url/ HTTP/1.1" 200 9816
[INFO] [2018-07-20 15:16:11 +0800] basehttp 7436 1424 "POST /admin/services/server_urls/add/ HTTP/1.1" 302 0
[INFO] [2018-07-20 15:16:11 +0800] basehttp 7436 7512 "GET /admin/services/server_urls/ HTTP/1.1" 200 9849
[INFO] [2018-07-20 15:16:11 +0800] basehttp 7436 288 "GET /admin/jsi18n/ HTTP/1.1" 200 3189
[INFO] [2018-07-20 15:16:19 +0800] basehttp 7436 7760 "GET /url/ HTTP/1.1" 200 10167
[INFO] [2018-07-20 15:17:48 +0800] basehttp 7436 4700 "GET /admin/services/server_urls/add/ HTTP/1.1" 200 7282
[INFO] [2018-07-20 15:17:48 +0800] basehttp 7436 5228 "GET /admin/jsi18n/ HTTP/1.1" 200 3189
[INFO] [2018-07-20 15:18:22 +0800] basehttp 7436 1892 "POST /admin/services/server_urls/add/ HTTP/1.1" 302 0
[INFO] [2018-07-20 15:18:23 +0800] basehttp 7436 8028 "GET /admin/services/server_urls/ HTTP/1.1" 200 10265
[INFO] [2018-07-20 15:18:23 +0800] basehttp 7436 7332 "GET /admin/jsi18n/ HTTP/1.1" 200 3189
[INFO] [2018-07-20 15:19:22 +0800] basehttp 7436 5324 "GET /admin/services/server_urls/add/ HTTP/1.1" 200 7282
[INFO] [2018-07-20 15:19:22 +0800] basehttp 7436 6728 "GET /admin/jsi18n/ HTTP/1.1" 200 3189
[INFO] [2018-07-20 15:21:27 +0800] basehttp 7436 3540 "GET /url/9/ HTTP/1.1" 200 7352
[INFO] [2018-07-20 15:21:58 +0800] basehttp 7436 7200 "POST /admin/services/server_urls/add/ HTTP/1.1" 302 0
[INFO] [2018-07-20 15:21:59 +0800] basehttp 7436 6928 "GET /admin/services/server_urls/ HTTP/1.1" 200 10665
[INFO] [2018-07-20 15:21:59 +0800] basehttp 7436 5780 "GET /admin/jsi18n/ HTTP/1.1" 200 3189
[INFO] [2018-07-20 15:22:01 +0800] basehttp 7436 7356 "GET /admin/services/server_urls/11/change/ HTTP/1.1" 200 8183
[INFO] [2018-07-20 15:22:01 +0800] basehttp 7436 7648 "GET /admin/jsi18n/ HTTP/1.1" 200 3189
[INFO] [2018-07-20 15:22:04 +0800] basehttp 7436 7820 "GET /admin/services/server_urls/ HTTP/1.1" 200 10476
[INFO] [2018-07-20 15:22:06 +0800] basehttp 7436 7348 "GET /admin/services/server_urls/8/change/ HTTP/1.1" 200 9047
[INFO] [2018-07-20 15:22:06 +0800] basehttp 7436 5308 "GET /admin/jsi18n/ HTTP/1.1" 200 3189
[INFO] [2018-07-20 15:22:19 +0800] basehttp 7436 6512 "GET /admin/services/server_urls/ HTTP/1.1" 200 10476
[INFO] [2018-07-20 15:22:19 +0800] basehttp 7436 7296 "GET /admin/jsi18n/ HTTP/1.1" 200 3189
[INFO] [2018-07-20 15:22:22 +0800] basehttp 7436 7972 "GET /admin/services/server_urls/14/change/ HTTP/1.1" 200 8295
[INFO] [2018-07-20 15:22:22 +0800] basehttp 7436 8168 "GET /admin/jsi18n/ HTTP/1.1" 200 3189
[INFO] [2018-07-20 15:23:54 +0800] basehttp 7436 7408 "POST /admin/services/server_urls/14/change/ HTTP/1.1" 302 0
[INFO] [2018-07-20 15:23:55 +0800] basehttp 7436 7508 "GET /admin/services/server_urls/ HTTP/1.1" 200 10667
[INFO] [2018-07-20 15:23:55 +0800] basehttp 7436 1868 "GET /admin/jsi18n/ HTTP/1.1" 200 3189
[INFO] [2018-07-20 15:24:00 +0800] basehttp 7436 6108 "GET /url/ HTTP/1.1" 200 10856
[INFO] [2018-07-20 15:24:08 +0800] basehttp 7436 3480 "GET /url/environment/3/ HTTP/1.1" 200 9205
[INFO] [2018-07-20 15:24:11 +0800] basehttp 7436 7744 "GET /url/environment/2/ HTTP/1.1" 200 6335
[INFO] [2018-07-20 15:24:13 +0800] basehttp 7436 3092 "GET /url/environment/3/ HTTP/1.1" 200 9205
[ERROR] [2018-07-20 15:35:18 +0800] exception 2256 7940 Internal Server Error: /url/environment/3/
Traceback (most recent call last):
  File "C:\Users\hunter.yang\AppData\Local\Programs\Python\Python35\lib\site-packages\django-1.11.3-py3.5.egg\django\core\handlers\exception.py", line 41, in inner
    response = get_response(request)
  File "C:\Users\hunter.yang\AppData\Local\Programs\Python\Python35\lib\site-packages\django-1.11.3-py3.5.egg\django\core\handlers\base.py", line 187, in _get_response
    response = self.process_exception_by_middleware(e, request)
  File "C:\Users\hunter.yang\AppData\Local\Programs\Python\Python35\lib\site-packages\django-1.11.3-py3.5.egg\django\core\handlers\base.py", line 185, in _get_response
    response = wrapped_callback(request, *callback_args, **callback_kwargs)
  File "C:\Users\hunter.yang\AppData\Local\Programs\Python\Python35\lib\site-packages\django-1.11.3-py3.5.egg\django\contrib\auth\decorators.py", line 23, in _wrapped_view
    return view_func(request, *args, **kwargs)
  File "D:\project-github\demo\services\views.py", line 31, in environment_type
    context_environment["url_list"] = models.Server_URLs.objects.filter(servertype=type).order_by(app_name)
NameError: name 'app_name' is not defined
[ERROR] [2018-07-20 15:35:18 +0800] basehttp 2256 7940 "GET /url/environment/3/ HTTP/1.1" 500 75993
[INFO] [2018-07-20 15:36:55 +0800] basehttp 5236 7984 "GET /url/environment/3/ HTTP/1.1" 200 9205
[INFO] [2018-07-20 15:36:55 +0800] basehttp 5236 7240 "GET /static/icon/favicon.ico HTTP/1.1" 200 5430
[INFO] [2018-07-20 15:37:04 +0800] basehttp 5364 7224 "GET /url/ HTTP/1.1" 200 10856
[INFO] [2018-07-20 15:37:09 +0800] basehttp 5364 288 "GET /url/environment/3/ HTTP/1.1" 200 9205
[INFO] [2018-07-20 15:39:58 +0800] basehttp 5364 8088 "GET /admin/services/server_urls/add/ HTTP/1.1" 200 7282
[INFO] [2018-07-20 15:39:58 +0800] basehttp 5364 7248 "GET /admin/jsi18n/ HTTP/1.1" 200 3189
[INFO] [2018-07-20 15:43:56 +0800] basehttp 5364 6432 "POST /admin/services/server_urls/add/ HTTP/1.1" 302 0
[INFO] [2018-07-20 15:43:56 +0800] basehttp 5364 6500 "GET /admin/services/server_urls/ HTTP/1.1" 200 11065
[INFO] [2018-07-20 15:43:56 +0800] basehttp 5364 7244 "GET /admin/jsi18n/ HTTP/1.1" 200 3189
[INFO] [2018-07-20 15:44:46 +0800] basehttp 5364 6028 "GET /url/ HTTP/1.1" 200 11195
[INFO] [2018-07-20 15:44:49 +0800] basehttp 5364 6824 "GET /url/15/ HTTP/1.1" 200 6592
[INFO] [2018-07-20 15:44:55 +0800] basehttp 5364 3528 "GET /url/ HTTP/1.1" 200 11195
[INFO] [2018-07-20 15:44:56 +0800] basehttp 5364 7164 "GET /url/environment/3/ HTTP/1.1" 200 9544
[INFO] [2018-07-20 15:45:28 +0800] basehttp 5364 2260 "GET /blogindex/ HTTP/1.1" 200 11721
[INFO] [2018-07-20 15:45:32 +0800] basehttp 5364 6316 "GET /post/1/ HTTP/1.1" 200 10252
[INFO] [2018-07-20 15:45:53 +0800] basehttp 5364 8168 "GET /url/ HTTP/1.1" 200 11195
[INFO] [2018-07-20 15:46:25 +0800] basehttp 2256 6632 "GET /url/ HTTP/1.1" 200 11195
[INFO] [2018-07-20 15:46:25 +0800] basehttp 2256 6524 "GET /static/icon/favicon.ico HTTP/1.1" 200 5430
[INFO] [2018-07-20 15:47:26 +0800] basehttp 1384 7240 "GET /url/ HTTP/1.1" 200 11195
[INFO] [2018-07-20 15:47:26 +0800] basehttp 1384 5236 "GET /static/icon/favicon.ico HTTP/1.1" 200 5430
[INFO] [2018-07-20 15:47:36 +0800] basehttp 7588 7760 "GET /url/ HTTP/1.1" 200 11195
[INFO] [2018-07-20 15:47:36 +0800] basehttp 7588 4052 "GET /static/icon/favicon.ico HTTP/1.1" 200 5430
[INFO] [2018-07-20 15:48:54 +0800] basehttp 7544 3436 "GET /url/ HTTP/1.1" 200 11195
[INFO] [2018-07-20 15:48:54 +0800] basehttp 7544 6624 "GET /static/icon/favicon.ico HTTP/1.1" 200 5430
[INFO] [2018-07-20 15:49:31 +0800] basehttp 7544 2524 "GET /admin/services/server_urls/add/ HTTP/1.1" 200 7282
[INFO] [2018-07-20 15:49:31 +0800] basehttp 7544 6544 "GET /admin/jsi18n/ HTTP/1.1" 200 3189
[INFO] [2018-07-20 15:51:08 +0800] basehttp 7544 8140 "POST /admin/services/server_urls/add/ HTTP/1.1" 302 0
[INFO] [2018-07-20 15:51:08 +0800] basehttp 7544 7848 "GET /admin/services/server_urls/ HTTP/1.1" 200 11864
[INFO] [2018-07-20 15:51:08 +0800] basehttp 7544 7044 "GET /admin/jsi18n/ HTTP/1.1" 200 3189
[INFO] [2018-07-20 15:51:10 +0800] basehttp 7544 7200 "GET /admin/services/server_urls/15/change/ HTTP/1.1" 200 8306
[INFO] [2018-07-20 15:51:10 +0800] basehttp 7544 6864 "GET /admin/jsi18n/ HTTP/1.1" 200 3189
[INFO] [2018-07-20 15:51:18 +0800] basehttp 7544 5692 "GET /admin/services/server_urls/ HTTP/1.1" 200 11672
[INFO] [2018-07-20 15:51:18 +0800] basehttp 7544 7576 "GET /admin/jsi18n/ HTTP/1.1" 200 3189
[INFO] [2018-07-20 15:51:19 +0800] basehttp 7544 368 "GET /admin/services/server_urls/16/change/ HTTP/1.1" 200 7949
[INFO] [2018-07-20 15:51:19 +0800] basehttp 7544 5836 "GET /admin/jsi18n/ HTTP/1.1" 200 3189
[INFO] [2018-07-20 15:52:56 +0800] basehttp 7544 1572 "POST /admin/services/server_urls/16/change/ HTTP/1.1" 302 0
[INFO] [2018-07-20 15:52:56 +0800] basehttp 7544 8056 "GET /admin/services/server_urls/ HTTP/1.1" 200 11866
[INFO] [2018-07-20 15:52:56 +0800] basehttp 7544 1928 "GET /admin/jsi18n/ HTTP/1.1" 200 3189
[INFO] [2018-07-20 15:53:02 +0800] basehttp 7544 8180 "GET /url/ HTTP/1.1" 200 11554
[INFO] [2018-07-20 15:53:03 +0800] basehttp 7544 7616 "GET /static/icon/favicon.ico HTTP/1.1" 200 5430
[INFO] [2018-07-20 15:54:09 +0800] basehttp 7544 7600 "GET /url/14/ HTTP/1.1" 200 7166
[INFO] [2018-07-20 15:54:19 +0800] basehttp 7544 3436 "GET /blogindex/ HTTP/1.1" 200 11721
[INFO] [2018-07-20 15:54:20 +0800] basehttp 7544 6624 "GET /url/ HTTP/1.1" 200 11554
[INFO] [2018-07-20 15:58:09 +0800] basehttp 7544 6636 "GET /url/environment/3/ HTTP/1.1" 200 9903
[INFO] [2018-07-20 15:58:34 +0800] basehttp 7544 5236 "GET /admin/services/server_urls/add/ HTTP/1.1" 200 7282
[INFO] [2018-07-20 15:58:34 +0800] basehttp 7544 7500 "GET /admin/jsi18n/ HTTP/1.1" 200 3189
[INFO] [2018-07-20 16:00:58 +0800] basehttp 7544 7456 "POST /admin/services/server_urls/add/ HTTP/1.1" 302 0
[INFO] [2018-07-20 16:00:58 +0800] basehttp 7544 4876 "GET /admin/services/server_urls/ HTTP/1.1" 200 12296
[INFO] [2018-07-20 16:00:58 +0800] basehttp 7544 2916 "GET /admin/jsi18n/ HTTP/1.1" 200 3189
[INFO] [2018-07-20 16:01:06 +0800] basehttp 7544 6772 "GET /admin/services/server_urls/6/change/ HTTP/1.1" 200 10143
[INFO] [2018-07-20 16:01:06 +0800] basehttp 7544 7852 "GET /admin/jsi18n/ HTTP/1.1" 200 3189
[INFO] [2018-07-20 16:01:33 +0800] basehttp 7544 3820 "GET /admin/services/server_urls/ HTTP/1.1" 200 12109
[INFO] [2018-07-20 16:01:33 +0800] basehttp 7544 5976 "GET /admin/jsi18n/ HTTP/1.1" 200 3189
[INFO] [2018-07-20 16:01:38 +0800] basehttp 7544 7708 "GET /admin/services/server_urls/17/change/ HTTP/1.1" 200 8217
[INFO] [2018-07-20 16:01:38 +0800] basehttp 7544 7524 "GET /admin/jsi18n/ HTTP/1.1" 200 3189
[INFO] [2018-07-20 16:15:38 +0800] basehttp 7544 7412 "POST /admin/services/server_urls/17/change/ HTTP/1.1" 302 0
[INFO] [2018-07-20 16:15:38 +0800] basehttp 7544 6872 "GET /admin/services/server_urls/ HTTP/1.1" 200 12298
[INFO] [2018-07-20 16:15:38 +0800] basehttp 7544 7708 "GET /admin/jsi18n/ HTTP/1.1" 200 3189
[INFO] [2018-07-20 16:16:29 +0800] basehttp 7544 6736 "GET /admin/services/server_urls/ HTTP/1.1" 200 12109
[INFO] [2018-07-20 16:16:29 +0800] basehttp 7544 7372 "GET /admin/jsi18n/ HTTP/1.1" 200 3189
[INFO] [2018-07-20 16:20:04 +0800] basehttp 7544 8116 "GET /url/environment/3/ HTTP/1.1" 200 10277
[INFO] [2018-07-20 16:20:04 +0800] basehttp 7544 5312 "GET /static/icon/favicon.ico HTTP/1.1" 200 5430
[INFO] [2018-07-20 16:20:40 +0800] basehttp 7544 7300 "GET /admin/services/server_urls/add/ HTTP/1.1" 200 7282
[INFO] [2018-07-20 16:20:40 +0800] basehttp 7544 7748 "GET /admin/jsi18n/ HTTP/1.1" 200 3189
[INFO] [2018-07-20 16:24:19 +0800] basehttp 7544 7340 "POST /admin/services/server_urls/add/ HTTP/1.1" 302 0
[INFO] [2018-07-20 16:24:19 +0800] basehttp 7544 2260 "GET /admin/services/server_urls/ HTTP/1.1" 200 12706
[INFO] [2018-07-20 16:24:19 +0800] basehttp 7544 8136 "GET /admin/jsi18n/ HTTP/1.1" 200 3189
[INFO] [2018-07-20 16:25:22 +0800] basehttp 7544 7968 "GET /admin/services/server_urls/?o=1 HTTP/1.1" 200 12637
[INFO] [2018-07-20 16:25:22 +0800] basehttp 7544 5584 "GET /admin/jsi18n/ HTTP/1.1" 200 3189
[INFO] [2018-07-20 16:25:24 +0800] basehttp 7544 5792 "GET /admin/services/server_urls/?o= HTTP/1.1" 200 12378
[INFO] [2018-07-20 16:25:24 +0800] basehttp 7544 4524 "GET /admin/jsi18n/ HTTP/1.1" 200 3189
[INFO] [2018-07-20 16:29:37 +0800] basehttp 7544 1072 "GET /url/17/ HTTP/1.1" 200 8772
[INFO] [2018-07-20 16:30:06 +0800] basehttp 7544 6332 "GET /url/ HTTP/1.1" 200 12275
[INFO] [2018-07-20 16:30:53 +0800] basehttp 7544 6616 "GET /admin/services/server_urls/add/?_changelist_filters=o%3D HTTP/1.1" 200 7307
[INFO] [2018-07-20 16:30:53 +0800] basehttp 7544 4464 "GET /admin/jsi18n/ HTTP/1.1" 200 3189
[INFO] [2018-07-20 16:38:21 +0800] basehttp 7544 5312 "POST /admin/services/server_urls/add/?_changelist_filters=o%3D HTTP/1.1" 302 0
[INFO] [2018-07-20 16:38:21 +0800] basehttp 7544 1072 "GET /admin/services/server_urls/ HTTP/1.1" 200 13161
[INFO] [2018-07-20 16:38:21 +0800] basehttp 7544 7948 "GET /admin/jsi18n/ HTTP/1.1" 200 3189
[INFO] [2018-07-20 16:38:24 +0800] basehttp 7544 4876 "GET /url/environment/3/ HTTP/1.1" 200 10999
[INFO] [2018-07-20 16:38:26 +0800] basehttp 7544 2956 "GET /url/19/ HTTP/1.1" 200 7002
[INFO] [2018-07-20 16:44:46 +0800] basehttp 7544 7852 "GET /url/ HTTP/1.1" 200 12650
[INFO] [2018-07-20 16:44:53 +0800] basehttp 7544 7212 "GET /url/ HTTP/1.1" 200 12650
[INFO] [2018-07-20 16:44:53 +0800] basehttp 7544 7784 "GET /static/icon/favicon.ico HTTP/1.1" 200 5430
[INFO] [2018-07-20 16:44:56 +0800] basehttp 7544 6508 "GET /url/19/ HTTP/1.1" 200 7002
[INFO] [2018-07-20 16:50:36 +0800] basehttp 7544 8068 "GET /admin/services/server_urls/19/change/ HTTP/1.1" 200 8693
[INFO] [2018-07-20 16:50:36 +0800] basehttp 7544 7688 "GET /admin/jsi18n/ HTTP/1.1" 200 3189
[INFO] [2018-07-20 16:52:17 +0800] basehttp 7544 2600 "GET /admin/services/server_urls/ HTTP/1.1" 200 12962
[INFO] [2018-07-20 16:52:17 +0800] basehttp 7544 7796 "GET /admin/jsi18n/ HTTP/1.1" 200 3189
[INFO] [2018-07-20 16:52:18 +0800] basehttp 7544 8116 "GET /admin/services/server_urls/add/ HTTP/1.1" 200 7282
[INFO] [2018-07-20 16:52:18 +0800] basehttp 7544 1564 "GET /admin/jsi18n/ HTTP/1.1" 200 3189
[INFO] [2018-07-20 16:53:12 +0800] basehttp 7544 4832 "POST /admin/services/server_urls/add/ HTTP/1.1" 302 0
[INFO] [2018-07-20 16:53:12 +0800] basehttp 7544 6184 "GET /admin/services/server_urls/ HTTP/1.1" 200 13614
[INFO] [2018-07-20 16:53:12 +0800] basehttp 7544 7480 "GET /admin/jsi18n/ HTTP/1.1" 200 3189
[INFO] [2018-07-20 16:53:15 +0800] basehttp 7544 8048 "GET /admin/services/server_urls/19/change/ HTTP/1.1" 200 8693
[INFO] [2018-07-20 16:53:15 +0800] basehttp 7544 7236 "GET /admin/jsi18n/ HTTP/1.1" 200 3189
[INFO] [2018-07-20 16:53:26 +0800] basehttp 7544 6724 "POST /admin/services/server_urls/19/change/ HTTP/1.1" 302 0
[INFO] [2018-07-20 16:53:27 +0800] basehttp 7544 7100 "GET /admin/services/server_urls/ HTTP/1.1" 200 13619
[INFO] [2018-07-20 16:53:27 +0800] basehttp 7544 3220 "GET /admin/jsi18n/ HTTP/1.1" 200 3189
[INFO] [2018-07-20 16:54:35 +0800] basehttp 7544 8180 "GET /url/ HTTP/1.1" 200 13031
[INFO] [2018-07-20 16:54:35 +0800] basehttp 7544 4896 "GET /static/icon/favicon.ico HTTP/1.1" 200 5430
[INFO] [2018-07-20 16:55:08 +0800] basehttp 7544 3528 "GET /admin/services/server_urls/19/change/ HTTP/1.1" 200 8699
[INFO] [2018-07-20 16:55:08 +0800] basehttp 7544 8004 "GET /admin/jsi18n/ HTTP/1.1" 200 3189
[INFO] [2018-07-20 16:55:13 +0800] basehttp 7544 8128 "GET /admin/services/server_urls/ HTTP/1.1" 200 13415
[INFO] [2018-07-20 16:55:13 +0800] basehttp 7544 7800 "GET /admin/jsi18n/ HTTP/1.1" 200 3189
[INFO] [2018-07-20 16:55:16 +0800] basehttp 7544 5364 "GET /admin/services/server_urls/20/change/ HTTP/1.1" 200 8621
[INFO] [2018-07-20 16:55:16 +0800] basehttp 7544 7984 "GET /admin/jsi18n/ HTTP/1.1" 200 3189
[INFO] [2018-07-20 16:55:26 +0800] basehttp 7544 7532 "POST /admin/services/server_urls/20/change/ HTTP/1.1" 302 0
[INFO] [2018-07-20 16:55:26 +0800] basehttp 7544 5500 "GET /admin/services/server_urls/ HTTP/1.1" 200 13619
[INFO] [2018-07-20 16:55:26 +0800] basehttp 7544 7708 "GET /admin/jsi18n/ HTTP/1.1" 200 3189
[INFO] [2018-07-20 16:56:43 +0800] basehttp 7544 5980 "GET /admin/services/server_urls/add/ HTTP/1.1" 200 7282
[INFO] [2018-07-20 16:56:43 +0800] basehttp 7544 7156 "GET /admin/jsi18n/ HTTP/1.1" 200 3189
[INFO] [2018-07-20 16:59:23 +0800] basehttp 7544 7476 "GET /url/19/ HTTP/1.1" 200 7002
[INFO] [2018-07-20 17:01:00 +0800] basehttp 7544 8116 "POST /admin/services/server_urls/add/ HTTP/1.1" 302 0
[INFO] [2018-07-20 17:01:00 +0800] basehttp 7544 5384 "GET /admin/services/server_urls/ HTTP/1.1" 200 14070
[INFO] [2018-07-20 17:01:00 +0800] basehttp 7544 4400 "GET /admin/jsi18n/ HTTP/1.1" 200 3189
[INFO] [2018-07-20 17:01:10 +0800] basehttp 7544 3480 "GET /url/ HTTP/1.1" 200 13411
[INFO] [2018-07-20 17:01:12 +0800] basehttp 7544 3272 "GET /url/21/ HTTP/1.1" 200 6618
[INFO] [2018-07-20 17:01:13 +0800] basehttp 7544 7200 "GET /url/ HTTP/1.1" 200 13411
[INFO] [2018-07-20 17:02:53 +0800] basehttp 7544 6928 "GET /admin/services/server_urls/21/change/ HTTP/1.1" 200 8381
[INFO] [2018-07-20 17:02:54 +0800] basehttp 7544 7672 "GET /admin/jsi18n/ HTTP/1.1" 200 3189
[INFO] [2018-07-20 17:04:05 +0800] basehttp 7544 3000 "GET /admin/services/server_urls/ HTTP/1.1" 200 13867
[INFO] [2018-07-20 17:04:05 +0800] basehttp 7544 3540 "GET /admin/jsi18n/ HTTP/1.1" 200 3189
[INFO] [2018-07-20 17:04:07 +0800] basehttp 7544 7208 "GET /admin/services/server_urls/add/ HTTP/1.1" 200 7282
[INFO] [2018-07-20 17:04:07 +0800] basehttp 7544 7492 "GET /admin/jsi18n/ HTTP/1.1" 200 3189
[INFO] [2018-07-20 17:04:46 +0800] basehttp 7544 7480 "POST /admin/services/server_urls/add/ HTTP/1.1" 302 0
[INFO] [2018-07-20 17:04:46 +0800] basehttp 7544 6184 "GET /admin/services/server_urls/ HTTP/1.1" 200 14522
[INFO] [2018-07-20 17:04:46 +0800] basehttp 7544 7944 "GET /admin/jsi18n/ HTTP/1.1" 200 3189
[INFO] [2018-07-20 17:04:51 +0800] basehttp 7544 4832 "GET /url/ HTTP/1.1" 200 13791
[INFO] [2018-07-20 17:04:51 +0800] basehttp 7544 6592 "GET /static/icon/favicon.ico HTTP/1.1" 200 5430
[INFO] [2018-07-20 17:07:47 +0800] basehttp 7544 7512 "GET /admin/services/server_urls/add/ HTTP/1.1" 200 7282
[INFO] [2018-07-20 17:07:47 +0800] basehttp 7544 7576 "GET /admin/jsi18n/ HTTP/1.1" 200 3189
[INFO] [2018-07-20 17:11:05 +0800] basehttp 7544 1988 "POST /admin/services/server_urls/add/ HTTP/1.1" 302 0
[INFO] [2018-07-20 17:11:06 +0800] basehttp 7544 1364 "GET /admin/services/server_urls/ HTTP/1.1" 200 14977
[INFO] [2018-07-20 17:11:06 +0800] basehttp 7544 8088 "GET /admin/jsi18n/ HTTP/1.1" 200 3189
[INFO] [2018-07-20 17:11:14 +0800] basehttp 7544 8076 "GET /admin/services/server_urls/add/ HTTP/1.1" 200 7282
[INFO] [2018-07-20 17:11:14 +0800] basehttp 7544 5496 "GET /admin/jsi18n/ HTTP/1.1" 200 3189
[INFO] [2018-07-20 17:11:19 +0800] basehttp 7544 5564 "GET /url/ HTTP/1.1" 200 14173
[INFO] [2018-07-20 17:11:20 +0800] basehttp 7544 7064 "GET /static/icon/favicon.ico HTTP/1.1" 200 5430
[INFO] [2018-07-20 17:12:20 +0800] basehttp 7544 7108 "POST /admin/services/server_urls/add/ HTTP/1.1" 302 0
[INFO] [2018-07-20 17:12:20 +0800] basehttp 7544 2880 "GET /admin/services/server_urls/ HTTP/1.1" 200 15431
[INFO] [2018-07-20 17:12:21 +0800] basehttp 7544 7508 "GET /admin/jsi18n/ HTTP/1.1" 200 3189
[INFO] [2018-07-20 17:12:25 +0800] basehttp 7544 7184 "GET /admin/services/server_urls/22/change/ HTTP/1.1" 200 8381
[INFO] [2018-07-20 17:12:25 +0800] basehttp 7544 7996 "GET /admin/jsi18n/ HTTP/1.1" 200 3189
[INFO] [2018-07-20 17:12:28 +0800] basehttp 7544 2456 "POST /admin/services/server_urls/22/change/ HTTP/1.1" 302 0
[INFO] [2018-07-20 17:12:28 +0800] basehttp 7544 6104 "GET /admin/services/server_urls/ HTTP/1.1" 200 15432
[INFO] [2018-07-20 17:12:28 +0800] basehttp 7544 7356 "GET /admin/jsi18n/ HTTP/1.1" 200 3189
[INFO] [2018-07-20 17:12:30 +0800] basehttp 7544 7924 "GET /url/ HTTP/1.1" 200 14555
[INFO] [2018-07-20 17:12:30 +0800] basehttp 7544 2956 "GET /static/icon/favicon.ico HTTP/1.1" 200 5430
[INFO] [2018-07-20 17:12:34 +0800] basehttp 7544 7360 "GET /url/24/ HTTP/1.1" 200 6598
[INFO] [2018-07-20 17:18:01 +0800] basehttp 7544 7364 "GET /admin/services/server_urls/add/ HTTP/1.1" 200 7282
[INFO] [2018-07-20 17:18:01 +0800] basehttp 7544 7188 "GET /admin/jsi18n/ HTTP/1.1" 200 3189
[INFO] [2018-07-20 17:20:41 +0800] basehttp 7544 1280 "POST /admin/services/server_urls/add/ HTTP/1.1" 302 0
[INFO] [2018-07-20 17:20:42 +0800] basehttp 7544 6980 "GET /admin/services/server_urls/ HTTP/1.1" 200 15873
[INFO] [2018-07-20 17:20:42 +0800] basehttp 7544 7280 "GET /admin/jsi18n/ HTTP/1.1" 200 3189
[INFO] [2018-07-20 17:20:49 +0800] basehttp 7544 6956 "GET /admin/services/server_urls/add/ HTTP/1.1" 200 7282
[INFO] [2018-07-20 17:20:49 +0800] basehttp 7544 6792 "GET /admin/jsi18n/ HTTP/1.1" 200 3189
[INFO] [2018-07-20 17:20:53 +0800] basehttp 7544 7652 "GET /url/ HTTP/1.1" 200 14929
[INFO] [2018-07-20 17:21:39 +0800] basehttp 7544 7368 "POST /admin/services/server_urls/add/ HTTP/1.1" 200 8178
[INFO] [2018-07-20 17:21:39 +0800] basehttp 7544 7604 "GET /admin/jsi18n/ HTTP/1.1" 200 3189
[INFO] [2018-07-20 17:21:49 +0800] basehttp 7544 6544 "POST /admin/services/server_urls/add/ HTTP/1.1" 302 0
[INFO] [2018-07-20 17:21:49 +0800] basehttp 7544 7900 "GET /admin/services/server_urls/ HTTP/1.1" 200 16319
[INFO] [2018-07-20 17:21:49 +0800] basehttp 7544 7436 "GET /admin/jsi18n/ HTTP/1.1" 200 3189
[INFO] [2018-07-20 17:22:52 +0800] basehttp 7544 7512 "GET /url/ HTTP/1.1" 200 15303
[INFO] [2018-07-20 17:22:52 +0800] basehttp 7544 5360 "GET /static/icon/favicon.ico HTTP/1.1" 200 5430
[INFO] [2018-07-20 17:23:01 +0800] basehttp 7544 5320 "GET /url/environment/3/ HTTP/1.1" 200 13652
[INFO] [2018-07-20 17:28:25 +0800] basehttp 7544 7976 "GET /url/environment/3/ HTTP/1.1" 200 13652
[INFO] [2018-07-20 17:28:25 +0800] basehttp 7544 6712 "GET /static/icon/favicon.ico HTTP/1.1" 200 5430
[INFO] [2018-07-20 17:28:32 +0800] basehttp 7544 1836 "GET /blogindex/ HTTP/1.1" 200 11721
[INFO] [2018-07-20 17:28:33 +0800] basehttp 7544 7280 "GET /url/ HTTP/1.1" 200 15303
[INFO] [2018-07-20 17:28:34 +0800] basehttp 7544 7172 "GET /hello HTTP/1.1" 200 7896
[INFO] [2018-07-20 17:28:36 +0800] basehttp 7544 4140 "GET /url/ HTTP/1.1" 200 15303
[INFO] [2018-07-20 17:39:19 +0800] basehttp 7544 8136 "GET /admin/services/server_urls/add/ HTTP/1.1" 200 7282
[INFO] [2018-07-20 17:39:19 +0800] basehttp 7544 7232 "GET /admin/jsi18n/ HTTP/1.1" 200 3189
[INFO] [2018-07-20 17:52:05 +0800] basehttp 7544 7948 "POST /admin/services/server_urls/add/ HTTP/1.1" 302 0
[INFO] [2018-07-20 17:52:05 +0800] basehttp 7544 4652 "GET /admin/services/server_urls/ HTTP/1.1" 200 16774
[INFO] [2018-07-20 17:52:05 +0800] basehttp 7544 8040 "GET /admin/jsi18n/ HTTP/1.1" 200 3189
[INFO] [2018-07-20 17:52:09 +0800] basehttp 7544 300 "GET /url/ HTTP/1.1" 200 15683
[INFO] [2018-07-20 17:52:09 +0800] basehttp 7544 2364 "GET /static/icon/favicon.ico HTTP/1.1" 200 5430
[INFO] [2018-07-20 17:52:11 +0800] basehttp 7544 6604 "GET /url/27/ HTTP/1.1" 200 6670
[INFO] [2018-07-20 17:52:15 +0800] basehttp 7544 6500 "GET /url/ HTTP/1.1" 200 15683
[INFO] [2018-07-20 17:53:45 +0800] basehttp 7544 8120 "GET /admin/services/server_urls/27/change/ HTTP/1.1" 200 8433
[INFO] [2018-07-20 17:53:45 +0800] basehttp 7544 8068 "GET /admin/jsi18n/ HTTP/1.1" 200 3189
[INFO] [2018-07-20 17:55:21 +0800] basehttp 7544 7580 "POST /admin/services/server_urls/27/change/ HTTP/1.1" 302 0
[INFO] [2018-07-20 17:55:21 +0800] basehttp 7544 7272 "GET /admin/services/server_urls/ HTTP/1.1" 200 16776
[INFO] [2018-07-20 17:55:21 +0800] basehttp 7544 7044 "GET /admin/jsi18n/ HTTP/1.1" 200 3189
[INFO] [2018-07-20 17:55:26 +0800] basehttp 7544 7860 "GET /url/27/ HTTP/1.1" 200 6915
[INFO] [2018-07-20 17:56:40 +0800] basehttp 7544 7308 "GET /admin/services/server_urls/27/change/ HTTP/1.1" 200 8676
[INFO] [2018-07-20 17:56:40 +0800] basehttp 7544 2236 "GET /admin/jsi18n/ HTTP/1.1" 200 3189
[INFO] [2018-07-20 17:57:23 +0800] basehttp 7544 7672 "POST /admin/services/server_urls/27/change/ HTTP/1.1" 302 0
[INFO] [2018-07-20 17:57:23 +0800] basehttp 7544 7600 "GET /admin/services/server_urls/ HTTP/1.1" 200 16776
[INFO] [2018-07-20 17:57:23 +0800] basehttp 7544 3928 "GET /admin/jsi18n/ HTTP/1.1" 200 3189
[INFO] [2018-07-20 17:57:26 +0800] basehttp 7544 7596 "GET /url/27/ HTTP/1.1" 200 6960
[INFO] [2018-07-20 17:57:26 +0800] basehttp 7544 7952 "GET /static/icon/favicon.ico HTTP/1.1" 200 5430
[INFO] [2018-07-20 17:57:49 +0800] basehttp 7544 5584 "GET /admin/services/server_urls/27/change/ HTTP/1.1" 200 8688
[INFO] [2018-07-20 17:57:49 +0800] basehttp 7544 192 "GET /admin/jsi18n/ HTTP/1.1" 200 3189
[INFO] [2018-07-20 17:58:55 +0800] basehttp 7544 8020 "GET /admin/services/server_urls/ HTTP/1.1" 200 16571
[INFO] [2018-07-20 17:58:55 +0800] basehttp 7544 6748 "GET /admin/jsi18n/ HTTP/1.1" 200 3189
[INFO] [2018-07-20 17:59:01 +0800] basehttp 7544 6772 "GET /admin/services/server_urls/add/ HTTP/1.1" 200 7282
[INFO] [2018-07-20 17:59:01 +0800] basehttp 7544 2784 "GET /admin/jsi18n/ HTTP/1.1" 200 3189
[INFO] [2018-07-20 17:59:10 +0800] basehttp 7544 7448 "GET /hello HTTP/1.1" 200 7896
[INFO] [2018-07-20 17:59:11 +0800] basehttp 7544 6892 "GET /url/ HTTP/1.1" 200 15683
[INFO] [2018-07-20 17:59:57 +0800] basehttp 7544 6636 "POST /admin/services/server_urls/add/ HTTP/1.1" 200 8506
[INFO] [2018-07-20 17:59:57 +0800] basehttp 7544 6032 "GET /admin/jsi18n/ HTTP/1.1" 200 3189
[INFO] [2018-07-20 18:00:00 +0800] basehttp 7544 7188 "POST /admin/services/server_urls/add/ HTTP/1.1" 302 0
[INFO] [2018-07-20 18:00:00 +0800] basehttp 7544 7000 "GET /admin/services/server_urls/ HTTP/1.1" 200 17226
[INFO] [2018-07-20 18:00:00 +0800] basehttp 7544 1496 "GET /admin/jsi18n/ HTTP/1.1" 200 3189
[INFO] [2018-07-20 18:00:06 +0800] basehttp 7544 7532 "GET /admin/services/server_urls/28/change/ HTTP/1.1" 200 8688
[INFO] [2018-07-20 18:00:06 +0800] basehttp 7544 7336 "GET /admin/jsi18n/ HTTP/1.1" 200 3189
[INFO] [2018-07-20 18:00:11 +0800] basehttp 7544 3560 "POST /admin/services/server_urls/28/change/ HTTP/1.1" 302 0
[INFO] [2018-07-20 18:00:11 +0800] basehttp 7544 6556 "GET /admin/services/server_urls/ HTTP/1.1" 200 17228
[INFO] [2018-07-20 18:00:11 +0800] basehttp 7544 7944 "GET /admin/jsi18n/ HTTP/1.1" 200 3189
[INFO] [2018-07-20 18:02:44 +0800] basehttp 7544 6908 "GET /url/ HTTP/1.1" 200 16063
[INFO] [2018-07-20 18:02:44 +0800] basehttp 7544 4896 "GET /static/icon/favicon.ico HTTP/1.1" 200 5430
[INFO] [2018-07-20 18:04:05 +0800] basehttp 7544 276 "GET /url/ HTTP/1.1" 200 16063
[INFO] [2018-07-20 18:04:06 +0800] basehttp 7544 6048 "GET /static/icon/favicon.ico HTTP/1.1" 200 5430
[INFO] [2018-07-20 18:04:50 +0800] basehttp 7544 304 "GET /demo/ HTTP/1.1" 200 6660
[INFO] [2018-07-20 18:04:51 +0800] basehttp 7544 7600 "GET /url/ HTTP/1.1" 200 16063
[INFO] [2018-07-20 18:05:02 +0800] basehttp 7544 7236 "GET /url/15/ HTTP/1.1" 200 6592
[INFO] [2018-07-20 18:05:15 +0800] basehttp 7544 8108 "GET / HTTP/1.1" 200 4786
[INFO] [2018-07-20 18:05:20 +0800] basehttp 7544 7712 "GET /admin/ HTTP/1.1" 200 8871
