[INFO] [2018-08-06 10:28:17 +0800] basehttp 5956 5488 "GET / HTTP/1.1" 200 5069
[INFO] [2018-08-06 10:28:20 +0800] basehttp 5956 4964 "GET /demo/ HTTP/1.1" 200 6971
[INFO] [2018-08-06 10:32:55 +0800] [basehttp.py] basehttp 6600 1952 "GET /demo/ HTTP/1.1" 200 6971
[INFO] [2018-08-06 10:35:28 +0800] [basehttp.py] django.server basehttp 6292 5592 "GET /demo/ HTTP/1.1" 200 6971
[INFO] [2018-08-06 10:37:27 +0800] [django.server] [basehttp.py] basehttp 4536 MainProcess:2088 "GET /demo/ HTTP/1.1" 200 6971
[INFO] [2018-08-06 14:29:20 +0800] [django.server] [basehttp.py] basehttp 6060 6784 "GET /url/ HTTP/1.1" 200 12427
[INFO] [2018-08-06 14:29:21 +0800] [django.server] [basehttp.py] basehttp 6060 5620 "GET /url/?page=2 HTTP/1.1" 200 12399
[INFO] [2018-08-06 14:29:22 +0800] [django.server] [basehttp.py] basehttp 6060 6800 "GET /url/?page=1 HTTP/1.1" 200 12427
[INFO] [2018-08-06 14:35:49 +0800] [django.server] [basehttp.py] basehttp 4404 4824 "GET /url/?page=2 HTTP/1.1" 200 12399
[INFO] [2018-08-06 14:35:51 +0800] [django.server] [basehttp.py] basehttp 4404 3708 "GET /url/?page=1 HTTP/1.1" 200 12427
[INFO] [2018-08-06 14:36:54 +0800] [django.server] [basehttp.py] basehttp 7696 7948 "GET /url/?page=2 HTTP/1.1" 200 12399
[INFO] [2018-08-06 14:36:56 +0800] [django.server] [basehttp.py] basehttp 7696 8160 "GET /url/?page=1 HTTP/1.1" 200 12427
[INFO] [2018-08-06 14:36:57 +0800] [django.server] [basehttp.py] basehttp 7696 4320 "GET /url/?page=3 HTTP/1.1" 200 7320
[INFO] [2018-08-06 14:36:59 +0800] [django.server] [basehttp.py] basehttp 7696 5956 "GET /url/?page=1 HTTP/1.1" 200 12427
[INFO] [2018-08-06 14:39:48 +0800] [django.server] [basehttp.py] basehttp 7220 7952 "GET /url/?page=2 HTTP/1.1" 200 12399
[INFO] [2018-08-06 14:39:49 +0800] [django.server] [basehttp.py] basehttp 7220 7412 "GET /url/?page=3 HTTP/1.1" 200 7320
[ERROR] [2018-08-06 14:39:51 +0800] [django.request] [exception.py] exception 7220 6812 Internal Server Error: /url/environment/3/
Traceback (most recent call last):
  File "C:\Users\hunter.yang\AppData\Local\Programs\Python\Python35\lib\site-packages\django-1.11.3-py3.5.egg\django\core\handlers\exception.py", line 41, in inner
    response = get_response(request)
  File "C:\Users\hunter.yang\AppData\Local\Programs\Python\Python35\lib\site-packages\django-1.11.3-py3.5.egg\django\core\handlers\base.py", line 187, in _get_response
    response = self.process_exception_by_middleware(e, request)
  File "C:\Users\hunter.yang\AppData\Local\Programs\Python\Python35\lib\site-packages\django-1.11.3-py3.5.egg\django\core\handlers\base.py", line 185, in _get_response
    response = wrapped_callback(request, *callback_args, **callback_kwargs)
  File "C:\Users\hunter.yang\AppData\Local\Programs\Python\Python35\lib\site-packages\django-1.11.3-py3.5.egg\django\views\generic\base.py", line 68, in view
    return self.dispatch(request, *args, **kwargs)
  File "C:\Users\hunter.yang\AppData\Local\Programs\Python\Python35\lib\site-packages\django-1.11.3-py3.5.egg\django\contrib\auth\mixins.py", line 56, in dispatch
    return super(LoginRequiredMixin, self).dispatch(request, *args, **kwargs)
  File "C:\Users\hunter.yang\AppData\Local\Programs\Python\Python35\lib\site-packages\django-1.11.3-py3.5.egg\django\views\generic\base.py", line 88, in dispatch
    return handler(request, *args, **kwargs)
  File "C:\Users\hunter.yang\AppData\Local\Programs\Python\Python35\lib\site-packages\django-1.11.3-py3.5.egg\django\views\generic\list.py", line 175, in get
    context = self.get_context_data()
  File "D:\project-github\demo\services\views.py", line 187, in get_context_data
    pagination_data = self.pagination_data(paginator, page, is_paginated)
AttributeError: 'Environment_typeView' object has no attribute 'pagination_data'
[ERROR] [2018-08-06 14:39:51 +0800] [django.server] [basehttp.py] basehttp 7220 6812 "GET /url/environment/3/ HTTP/1.1" 500 91174
[WARNING] [2018-08-06 14:39:51 +0800] [django.request] [base.py] base 7220 7940 Not Found: /favicon.ico
[WARNING] [2018-08-06 14:39:51 +0800] [django.server] [basehttp.py] basehttp 7220 7940 "GET /favicon.ico HTTP/1.1" 404 4775
[INFO] [2018-08-06 14:40:15 +0800] [django.server] [basehttp.py] basehttp 5024 8088 "GET /url/environment/3/ HTTP/1.1" 200 12466
[INFO] [2018-08-06 14:40:15 +0800] [django.server] [basehttp.py] basehttp 5024 6980 "GET /static/icon/favicon.ico HTTP/1.1" 200 5430
[INFO] [2018-08-06 14:40:17 +0800] [django.server] [basehttp.py] basehttp 5024 7524 "GET /url/environment/3/?page=2 HTTP/1.1" 200 10483
[INFO] [2018-08-06 14:40:20 +0800] [django.server] [basehttp.py] basehttp 5024 1580 "GET /url/environment/3/?page=1 HTTP/1.1" 200 12466
[INFO] [2018-08-06 14:49:04 +0800] [django.server] [basehttp.py] basehttp 5024 6472 "GET /url/ HTTP/1.1" 200 12427
[INFO] [2018-08-06 14:49:06 +0800] [django.server] [basehttp.py] basehttp 5024 7584 "GET /url/?page=2 HTTP/1.1" 200 12399
[INFO] [2018-08-06 14:49:08 +0800] [django.server] [basehttp.py] basehttp 5024 7880 "GET /url/?page=1 HTTP/1.1" 200 12427
[INFO] [2018-08-06 15:20:11 +0800] [django.server] [basehttp.py] basehttp 5796 1964 "GET /demo/ HTTP/1.1" 200 6970
[INFO] [2018-08-06 15:20:52 +0800] [django.server] [basehttp.py] basehttp 7640 4832 "GET /demo/ HTTP/1.1" 200 6970
[INFO] [2018-08-06 16:56:15 +0800] [django.server] [basehttp.py] basehttp 7640 168 "GET / HTTP/1.1" 200 5069
[INFO] [2018-08-06 16:56:20 +0800] [django.server] [basehttp.py] basehttp 7640 7652 "GET /admin/ HTTP/1.1" 200 8797
[INFO] [2018-08-06 16:56:29 +0800] [django.server] [basehttp.py] basehttp 7640 7212 "GET /admin/auth/user/ HTTP/1.1" 200 6479
[INFO] [2018-08-06 16:56:29 +0800] [django.server] [basehttp.py] basehttp 7640 6616 "GET /admin/jsi18n/ HTTP/1.1" 200 3189
[INFO] [2018-08-06 16:56:31 +0800] [django.server] [basehttp.py] basehttp 7640 4848 "GET /admin/auth/user/add/ HTTP/1.1" 200 8333
[INFO] [2018-08-06 16:56:31 +0800] [django.server] [basehttp.py] basehttp 7640 2620 "GET /admin/jsi18n/ HTTP/1.1" 200 3189
[INFO] [2018-08-06 16:56:31 +0800] [django.server] [basehttp.py] basehttp 7640 7428 "GET /static/admin/js/inlines.js HTTP/1.1" 200 13665
[INFO] [2018-08-06 16:56:36 +0800] [django.server] [basehttp.py] basehttp 7640 5592 "GET /admin/auth/user/ HTTP/1.1" 200 6479
[INFO] [2018-08-06 16:56:37 +0800] [django.server] [basehttp.py] basehttp 7640 6324 "GET /admin/auth/user/1/change/ HTTP/1.1" 200 18312
[INFO] [2018-08-06 16:56:37 +0800] [django.server] [basehttp.py] basehttp 7640 7932 "GET /static/admin/js/SelectBox.js HTTP/1.1" 200 5755
[INFO] [2018-08-06 16:56:37 +0800] [django.server] [basehttp.py] basehttp 7640 304 "GET /static/admin/js/SelectFilter2.js HTTP/1.1" 200 12389
[INFO] [2018-08-06 16:56:37 +0800] [django.server] [basehttp.py] basehttp 7640 5968 "GET /static/admin/js/calendar.js HTTP/1.1" 200 7790
[INFO] [2018-08-06 16:56:37 +0800] [django.server] [basehttp.py] basehttp 7640 3696 "GET /admin/jsi18n/ HTTP/1.1" 200 3189
[INFO] [2018-08-06 16:56:37 +0800] [django.server] [basehttp.py] basehttp 7640 4244 "GET /static/admin/js/admin/DateTimeShortcuts.js HTTP/1.1" 200 20529
[INFO] [2018-08-06 16:56:38 +0800] [django.server] [basehttp.py] basehttp 7640 6272 "GET /static/admin/img/icon-unknown-alt.svg HTTP/1.1" 200 655
[INFO] [2018-08-06 16:56:38 +0800] [django.server] [basehttp.py] basehttp 7640 7800 "GET /static/admin/img/icon-unknown.svg HTTP/1.1" 200 655
[INFO] [2018-08-06 16:56:38 +0800] [django.server] [basehttp.py] basehttp 7640 8104 "GET /static/admin/img/icon-clock.svg HTTP/1.1" 200 677
[INFO] [2018-08-06 16:56:38 +0800] [django.server] [basehttp.py] basehttp 7640 4308 "GET /static/admin/img/icon-calendar.svg HTTP/1.1" 200 1086
[INFO] [2018-08-06 16:56:38 +0800] [django.server] [basehttp.py] basehttp 7640 308 "GET /static/admin/img/selector-icons.svg HTTP/1.1" 200 3291
[INFO] [2018-08-06 16:56:53 +0800] [django.server] [basehttp.py] basehttp 7640 7220 "GET /admin/auth/user/ HTTP/1.1" 200 6479
[INFO] [2018-08-06 16:56:55 +0800] [django.server] [basehttp.py] basehttp 7640 6416 "GET /admin/auth/user/add/ HTTP/1.1" 200 8333
[INFO] [2018-08-06 16:56:55 +0800] [django.server] [basehttp.py] basehttp 7640 3672 "GET /admin/jsi18n/ HTTP/1.1" 200 3189
[INFO] [2018-08-06 16:57:10 +0800] [django.server] [basehttp.py] basehttp 7640 6784 "GET /admin/auth/user/ HTTP/1.1" 200 6479
[INFO] [2018-08-06 16:57:11 +0800] [django.server] [basehttp.py] basehttp 7640 7756 "GET /admin/ HTTP/1.1" 200 8797
[INFO] [2018-08-06 16:59:04 +0800] [django.server] [basehttp.py] basehttp 7640 5088 "GET /url/ HTTP/1.1" 200 12427
[INFO] [2018-08-06 16:59:05 +0800] [django.server] [basehttp.py] basehttp 7640 6616 "GET /url/?page=2 HTTP/1.1" 200 12399
[INFO] [2018-08-06 16:59:07 +0800] [django.server] [basehttp.py] basehttp 7640 7428 "GET /url/?page=1 HTTP/1.1" 200 12427
[INFO] [2018-08-06 17:01:02 +0800] [django.server] [basehttp.py] basehttp 7640 3420 "GET /url/?page=2 HTTP/1.1" 200 12399
[INFO] [2018-08-06 17:01:04 +0800] [django.server] [basehttp.py] basehttp 7640 7416 "GET /url/?page=3 HTTP/1.1" 200 7320
[INFO] [2018-08-06 17:01:05 +0800] [django.server] [basehttp.py] basehttp 7640 6344 "GET /url/?page=2 HTTP/1.1" 200 12399
[INFO] [2018-08-06 17:01:06 +0800] [django.server] [basehttp.py] basehttp 7640 7940 "GET /url/?page=1 HTTP/1.1" 200 12427
[INFO] [2018-08-06 17:01:08 +0800] [django.server] [basehttp.py] basehttp 7640 8116 "GET /url/?page=2 HTTP/1.1" 200 12399
[INFO] [2018-08-06 17:01:09 +0800] [django.server] [basehttp.py] basehttp 7640 2300 "GET /url/?page=1 HTTP/1.1" 200 12427
[INFO] [2018-08-06 17:01:11 +0800] [django.server] [basehttp.py] basehttp 7640 4232 "GET /url/19/ HTTP/1.1" 200 7626
[INFO] [2018-08-06 17:10:43 +0800] [django.server] [basehttp.py] basehttp 7640 7416 "GET /search/?q=100.185 HTTP/1.1" 200 12130
[INFO] [2018-08-06 17:10:54 +0800] [django.server] [basehttp.py] basehttp 7640 7664 "GET /search/?q=9300 HTTP/1.1" 200 12163
[INFO] [2018-08-06 17:11:03 +0800] [django.server] [basehttp.py] basehttp 7640 7072 "GET /search/?q=9250 HTTP/1.1" 200 12502
[INFO] [2018-08-06 17:11:09 +0800] [django.server] [basehttp.py] basehttp 7640 1600 "GET /url/10/ HTTP/1.1" 200 9002
[INFO] [2018-08-06 17:11:15 +0800] [django.server] [basehttp.py] basehttp 7640 7412 "GET /url/15/ HTTP/1.1" 200 6875
[INFO] [2018-08-06 17:13:13 +0800] [django.server] [basehttp.py] basehttp 7640 6408 "GET /demo/ HTTP/1.1" 200 6970
[INFO] [2018-08-06 17:15:29 +0800] [django.server] [basehttp.py] basehttp 7456 7608 "GET /demo/ HTTP/1.1" 200 7521
[ERROR] [2018-08-06 17:15:54 +0800] [django.request] [exception.py] exception 7456 6388 Internal Server Error: /demo/
Traceback (most recent call last):
  File "C:\Users\hunter.yang\AppData\Local\Programs\Python\Python35\lib\site-packages\django-1.11.3-py3.5.egg\django\core\handlers\exception.py", line 41, in inner
    response = get_response(request)
  File "C:\Users\hunter.yang\AppData\Local\Programs\Python\Python35\lib\site-packages\django-1.11.3-py3.5.egg\django\core\handlers\base.py", line 217, in _get_response
    response = self.process_exception_by_middleware(e, request)
  File "C:\Users\hunter.yang\AppData\Local\Programs\Python\Python35\lib\site-packages\django-1.11.3-py3.5.egg\django\core\handlers\base.py", line 215, in _get_response
    response = response.render()
  File "C:\Users\hunter.yang\AppData\Local\Programs\Python\Python35\lib\site-packages\django-1.11.3-py3.5.egg\django\template\response.py", line 107, in render
    self.content = self.rendered_content
  File "C:\Users\hunter.yang\AppData\Local\Programs\Python\Python35\lib\site-packages\django-1.11.3-py3.5.egg\django\template\response.py", line 82, in rendered_content
    template = self.resolve_template(self.template_name)
  File "C:\Users\hunter.yang\AppData\Local\Programs\Python\Python35\lib\site-packages\django-1.11.3-py3.5.egg\django\template\response.py", line 64, in resolve_template
    return select_template(template, using=self.using)
  File "C:\Users\hunter.yang\AppData\Local\Programs\Python\Python35\lib\site-packages\django-1.11.3-py3.5.egg\django\template\loader.py", line 48, in select_template
    return engine.get_template(template_name)
  File "C:\Users\hunter.yang\AppData\Local\Programs\Python\Python35\lib\site-packages\django-1.11.3-py3.5.egg\django\template\backends\django.py", line 39, in get_template
    return Template(self.engine.get_template(template_name), self)
  File "C:\Users\hunter.yang\AppData\Local\Programs\Python\Python35\lib\site-packages\django-1.11.3-py3.5.egg\django\template\engine.py", line 162, in get_template
    template, origin = self.find_template(template_name)
  File "C:\Users\hunter.yang\AppData\Local\Programs\Python\Python35\lib\site-packages\django-1.11.3-py3.5.egg\django\template\engine.py", line 136, in find_template
    name, template_dirs=dirs, skip=skip,
  File "C:\Users\hunter.yang\AppData\Local\Programs\Python\Python35\lib\site-packages\django-1.11.3-py3.5.egg\django\template\loaders\base.py", line 44, in get_template
    contents, origin, origin.template_name, self.engine,
  File "C:\Users\hunter.yang\AppData\Local\Programs\Python\Python35\lib\site-packages\django-1.11.3-py3.5.egg\django\template\base.py", line 191, in __init__
    self.nodelist = self.compile_nodelist()
  File "C:\Users\hunter.yang\AppData\Local\Programs\Python\Python35\lib\site-packages\django-1.11.3-py3.5.egg\django\template\base.py", line 230, in compile_nodelist
    return parser.parse()
  File "C:\Users\hunter.yang\AppData\Local\Programs\Python\Python35\lib\site-packages\django-1.11.3-py3.5.egg\django\template\base.py", line 515, in parse
    raise self.error(token, e)
  File "C:\Users\hunter.yang\AppData\Local\Programs\Python\Python35\lib\site-packages\django-1.11.3-py3.5.egg\django\template\base.py", line 513, in parse
    compiled_result = compile_func(self, token)
  File "C:\Users\hunter.yang\AppData\Local\Programs\Python\Python35\lib\site-packages\django-1.11.3-py3.5.egg\django\template\loader_tags.py", line 312, in do_extends
    nodelist = parser.parse()
  File "C:\Users\hunter.yang\AppData\Local\Programs\Python\Python35\lib\site-packages\django-1.11.3-py3.5.egg\django\template\base.py", line 515, in parse
    raise self.error(token, e)
  File "C:\Users\hunter.yang\AppData\Local\Programs\Python\Python35\lib\site-packages\django-1.11.3-py3.5.egg\django\template\base.py", line 513, in parse
    compiled_result = compile_func(self, token)
  File "C:\Users\hunter.yang\AppData\Local\Programs\Python\Python35\lib\site-packages\django-1.11.3-py3.5.egg\django\template\loader_tags.py", line 255, in do_block
    nodelist = parser.parse(('endblock',))
  File "C:\Users\hunter.yang\AppData\Local\Programs\Python\Python35\lib\site-packages\django-1.11.3-py3.5.egg\django\template\base.py", line 486, in parse
    raise self.error(token, e)
  File "C:\Users\hunter.yang\AppData\Local\Programs\Python\Python35\lib\site-packages\django-1.11.3-py3.5.egg\django\template\base.py", line 484, in parse
    filter_expression = self.compile_filter(token.contents)
  File "C:\Users\hunter.yang\AppData\Local\Programs\Python\Python35\lib\site-packages\django-1.11.3-py3.5.egg\django\template\base.py", line 600, in compile_filter
    return FilterExpression(token, self)
  File "C:\Users\hunter.yang\AppData\Local\Programs\Python\Python35\lib\site-packages\django-1.11.3-py3.5.egg\django\template\base.py", line 694, in __init__
    filter_func = parser.find_filter(filter_name)
  File "C:\Users\hunter.yang\AppData\Local\Programs\Python\Python35\lib\site-packages\django-1.11.3-py3.5.egg\django\template\base.py", line 606, in find_filter
    raise TemplateSyntaxError("Invalid filter: '%s'" % filter_name)
django.template.exceptions.TemplateSyntaxError: Invalid filter: 'json'
[ERROR] [2018-08-06 17:15:55 +0800] [django.server] [basehttp.py] basehttp 7456 6388 "GET /demo/ HTTP/1.1" 500 172163
[INFO] [2018-08-06 17:16:04 +0800] [django.server] [basehttp.py] basehttp 7456 8168 "GET /demo/ HTTP/1.1" 200 7521
[INFO] [2018-08-06 17:16:05 +0800] [django.server] [basehttp.py] basehttp 7456 8060 "GET /static/icon/favicon.ico HTTP/1.1" 200 5430
[INFO] [2018-08-06 17:16:13 +0800] [django.server] [basehttp.py] basehttp 3280 7988 "GET /demo/ HTTP/1.1" 200 6970
[INFO] [2018-08-06 17:16:13 +0800] [django.server] [basehttp.py] basehttp 3280 8096 "GET /static/icon/favicon.ico HTTP/1.1" 200 5430
[INFO] [2018-08-06 17:23:34 +0800] [django.server] [basehttp.py] basehttp 3280 1716 "GET /url/ HTTP/1.1" 200 12427
[INFO] [2018-08-06 17:24:11 +0800] [django.server] [basehttp.py] basehttp 3280 7732 "GET /url/?page=1 HTTP/1.1" 200 12427
[INFO] [2018-08-06 17:24:24 +0800] [django.server] [basehttp.py] basehttp 3280 7456 "GET /demo/ HTTP/1.1" 200 6970
[INFO] [2018-08-06 17:24:37 +0800] [django.server] [basehttp.py] basehttp 3280 4020 "GET /url/ HTTP/1.1" 200 12427
[INFO] [2018-08-06 17:26:06 +0800] [django.server] [basehttp.py] basehttp 3280 7672 "GET /demo/ HTTP/1.1" 200 6961
[INFO] [2018-08-06 17:29:23 +0800] [django.server] [basehttp.py] basehttp 3280 6324 "GET /demo/ HTTP/1.1" 200 6994
[INFO] [2018-08-06 17:29:23 +0800] [django.server] [basehttp.py] basehttp 3280 6336 "GET /static/icon/favicon.ico HTTP/1.1" 200 5430
[INFO] [2018-08-06 17:30:10 +0800] [django.server] [basehttp.py] basehttp 3280 4244 "GET /demo/ HTTP/1.1" 200 6996
[INFO] [2018-08-06 17:30:11 +0800] [django.server] [basehttp.py] basehttp 3280 7000 "GET /static/icon/favicon.ico HTTP/1.1" 200 5430
[INFO] [2018-08-06 17:34:01 +0800] [django.server] [basehttp.py] basehttp 3280 4664 "GET /demo/ HTTP/1.1" 200 7019
[INFO] [2018-08-06 17:34:01 +0800] [django.server] [basehttp.py] basehttp 3280 7628 "GET /static/icon/favicon.ico HTTP/1.1" 200 5430
[INFO] [2018-08-06 17:34:14 +0800] [django.server] [basehttp.py] basehttp 3280 6388 "GET /demo/ HTTP/1.1" 200 7020
[INFO] [2018-08-06 17:34:14 +0800] [django.server] [basehttp.py] basehttp 3280 8072 "GET /static/icon/favicon.ico HTTP/1.1" 200 5430
[INFO] [2018-08-06 17:34:49 +0800] [django.server] [basehttp.py] basehttp 3280 8040 "GET /demo/ HTTP/1.1" 200 7079
[INFO] [2018-08-06 17:34:49 +0800] [django.server] [basehttp.py] basehttp 3280 644 "GET /static/icon/favicon.ico HTTP/1.1" 200 5430
[INFO] [2018-08-06 17:35:05 +0800] [django.server] [basehttp.py] basehttp 3280 3288 "GET /demo/ HTTP/1.1" 200 7077
[INFO] [2018-08-06 17:35:06 +0800] [django.server] [basehttp.py] basehttp 3280 7728 "GET /static/icon/favicon.ico HTTP/1.1" 200 5430
[INFO] [2018-08-06 17:35:21 +0800] [django.server] [basehttp.py] basehttp 3280 2756 "GET /demo/ HTTP/1.1" 200 7077
[INFO] [2018-08-06 17:35:21 +0800] [django.server] [basehttp.py] basehttp 3280 4736 "GET /static/icon/favicon.ico HTTP/1.1" 200 5430
[INFO] [2018-08-06 17:36:03 +0800] [django.server] [basehttp.py] basehttp 3280 6272 "GET /demo/ HTTP/1.1" 200 7017
[INFO] [2018-08-06 17:36:04 +0800] [django.server] [basehttp.py] basehttp 3280 4404 "GET /static/icon/favicon.ico HTTP/1.1" 200 5430
[INFO] [2018-08-06 17:36:18 +0800] [django.server] [basehttp.py] basehttp 3280 6228 "GET /demo/ HTTP/1.1" 200 6994
[INFO] [2018-08-06 17:36:19 +0800] [django.server] [basehttp.py] basehttp 3280 3008 "GET /static/icon/favicon.ico HTTP/1.1" 200 5430
[INFO] [2018-08-06 17:36:49 +0800] [django.server] [basehttp.py] basehttp 3280 7424 "GET /demo/ HTTP/1.1" 200 7003
[INFO] [2018-08-06 17:36:49 +0800] [django.server] [basehttp.py] basehttp 3280 1044 "GET /static/icon/favicon.ico HTTP/1.1" 200 5430
[INFO] [2018-08-06 17:42:22 +0800] [django.server] [basehttp.py] basehttp 3280 7876 "GET /demo/ HTTP/1.1" 200 6970
[INFO] [2018-08-06 17:42:22 +0800] [django.server] [basehttp.py] basehttp 3280 7988 "GET /static/icon/favicon.ico HTTP/1.1" 200 5430
[INFO] [2018-08-06 17:42:45 +0800] [django.server] [basehttp.py] basehttp 3280 3276 "GET /demo/ HTTP/1.1" 200 6969
[INFO] [2018-08-06 17:42:59 +0800] [django.server] [basehttp.py] basehttp 3280 7944 "GET /demo/ HTTP/1.1" 200 6969
[INFO] [2018-08-06 17:43:06 +0800] [django.server] [basehttp.py] basehttp 3280 7748 "GET /demo/ HTTP/1.1" 200 6969
[INFO] [2018-08-06 17:43:28 +0800] [django.server] [basehttp.py] basehttp 3280 6904 "GET /demo/ HTTP/1.1" 200 6968
[INFO] [2018-08-06 17:43:31 +0800] [django.server] [basehttp.py] basehttp 3280 6384 "GET /demo/ HTTP/1.1" 200 6968
[INFO] [2018-08-06 17:43:31 +0800] [django.server] [basehttp.py] basehttp 3280 7752 "GET /static/icon/favicon.ico HTTP/1.1" 200 5430
[INFO] [2018-08-06 17:43:39 +0800] [django.server] [basehttp.py] basehttp 3280 7360 "GET /demo/ HTTP/1.1" 200 6969
[INFO] [2018-08-06 17:45:58 +0800] [django.server] [basehttp.py] basehttp 3280 7940 "GET /demo/ HTTP/1.1" 200 6969
[INFO] [2018-08-06 17:45:58 +0800] [django.server] [basehttp.py] basehttp 3280 7644 "GET /static/icon/favicon.ico HTTP/1.1" 200 5430
[INFO] [2018-08-06 17:46:27 +0800] [django.server] [basehttp.py] basehttp 3280 7712 "GET /demo/ HTTP/1.1" 200 6969
[INFO] [2018-08-06 17:48:00 +0800] [django.server] [basehttp.py] basehttp 3280 7400 "GET /demo/ HTTP/1.1" 200 6969
[INFO] [2018-08-06 17:48:00 +0800] [django.server] [basehttp.py] basehttp 3280 3708 "GET /static/icon/favicon.ico HTTP/1.1" 200 5430
[INFO] [2018-08-06 17:48:01 +0800] [django.server] [basehttp.py] basehttp 3280 2808 "GET /demo/ HTTP/1.1" 200 6969
[INFO] [2018-08-06 17:48:01 +0800] [django.server] [basehttp.py] basehttp 3280 4020 "GET /static/icon/favicon.ico HTTP/1.1" 200 5430
[INFO] [2018-08-06 17:48:02 +0800] [django.server] [basehttp.py] basehttp 3280 5956 "GET /demo/ HTTP/1.1" 200 6969
[INFO] [2018-08-06 17:48:02 +0800] [django.server] [basehttp.py] basehttp 3280 7312 "GET /static/icon/favicon.ico HTTP/1.1" 200 5430
[INFO] [2018-08-06 17:48:15 +0800] [django.server] [basehttp.py] basehttp 3280 4308 "GET /demo/ HTTP/1.1" 200 6969
[INFO] [2018-08-06 17:48:15 +0800] [django.server] [basehttp.py] basehttp 3280 6364 "GET /static/icon/favicon.ico HTTP/1.1" 200 5430
[INFO] [2018-08-06 17:48:21 +0800] [django.server] [basehttp.py] basehttp 3280 7976 "GET /demo/ HTTP/1.1" 200 6969
[INFO] [2018-08-06 17:48:22 +0800] [django.server] [basehttp.py] basehttp 3280 7380 "GET /static/icon/favicon.ico HTTP/1.1" 200 5430
[INFO] [2018-08-06 17:48:23 +0800] [django.server] [basehttp.py] basehttp 3280 3032 "GET /demo/ HTTP/1.1" 200 6969
[INFO] [2018-08-06 17:48:23 +0800] [django.server] [basehttp.py] basehttp 3280 1964 "GET /static/icon/favicon.ico HTTP/1.1" 200 5430
[INFO] [2018-08-06 17:48:23 +0800] [django.server] [basehttp.py] basehttp 3280 2300 "GET /demo/ HTTP/1.1" 200 6969
[INFO] [2018-08-06 17:48:23 +0800] [django.server] [basehttp.py] basehttp 3280 6676 "GET /static/icon/favicon.ico HTTP/1.1" 200 5430
[INFO] [2018-08-06 17:49:34 +0800] [django.server] [basehttp.py] basehttp 3280 7560 "GET /demo/ HTTP/1.1" 200 7005
[INFO] [2018-08-06 17:49:34 +0800] [django.server] [basehttp.py] basehttp 3280 7696 "GET /static/icon/favicon.ico HTTP/1.1" 200 5430
[INFO] [2018-08-06 17:51:24 +0800] [django.server] [basehttp.py] basehttp 3280 8028 "GET /demo/ HTTP/1.1" 200 7070
[INFO] [2018-08-06 17:51:24 +0800] [django.server] [basehttp.py] basehttp 3280 7416 "GET /static/icon/favicon.ico HTTP/1.1" 200 5430
[INFO] [2018-08-06 17:51:38 +0800] [django.server] [basehttp.py] basehttp 3280 1964 "GET /demo/ HTTP/1.1" 200 7071
[INFO] [2018-08-06 17:51:38 +0800] [django.server] [basehttp.py] basehttp 3280 2300 "GET /static/icon/favicon.ico HTTP/1.1" 200 5430
[INFO] [2018-08-06 17:51:42 +0800] [django.server] [basehttp.py] basehttp 3280 7344 "GET /demo/ HTTP/1.1" 200 7071
[INFO] [2018-08-06 17:51:54 +0800] [django.server] [basehttp.py] basehttp 3280 6416 "GET /demo/ HTTP/1.1" 200 7070
[INFO] [2018-08-06 17:52:32 +0800] [django.server] [basehttp.py] basehttp 3280 7596 "GET /demo/ HTTP/1.1" 200 7035
[INFO] [2018-08-06 17:52:33 +0800] [django.server] [basehttp.py] basehttp 3280 7424 "GET /static/icon/favicon.ico HTTP/1.1" 200 5430
[INFO] [2018-08-06 17:53:56 +0800] [django.server] [basehttp.py] basehttp 3280 6968 "GET /demo/ HTTP/1.1" 200 7035
[INFO] [2018-08-06 17:53:56 +0800] [django.server] [basehttp.py] basehttp 3280 7648 "GET /static/icon/favicon.ico HTTP/1.1" 200 5430
[INFO] [2018-08-06 17:54:05 +0800] [django.server] [basehttp.py] basehttp 3280 7412 "GET /demo/ HTTP/1.1" 200 7070
[INFO] [2018-08-06 17:54:05 +0800] [django.server] [basehttp.py] basehttp 3280 2300 "GET /static/icon/favicon.ico HTTP/1.1" 200 5430
[INFO] [2018-08-06 17:54:15 +0800] [django.server] [basehttp.py] basehttp 3280 3800 "GET /demo/ HTTP/1.1" 200 7071
[INFO] [2018-08-06 17:54:15 +0800] [django.server] [basehttp.py] basehttp 3280 6416 "GET /static/icon/favicon.ico HTTP/1.1" 200 5430
