[INFO] [2018-03-20 10:28:52 +0800] basehttp 752 3048 "GET / HTTP/1.1" 200 4703
[INFO] [2018-03-20 10:28:52 +0800] basehttp 752 6156 "GET /static/bootstrap-3.3.7/css/signin.css HTTP/1.1" 304 0
[INFO] [2018-03-20 10:29:04 +0800] basehttp 752 4772 "GET /demo/ HTTP/1.1" 200 5966
[INFO] [2018-03-20 10:29:50 +0800] basehttp 752 5140 "GET /demo/ HTTP/1.1" 200 5967
[INFO] [2018-03-20 10:29:50 +0800] basehttp 752 5256 "GET /static/icon/favicon.ico HTTP/1.1" 200 5430
[INFO] [2018-03-20 10:30:06 +0800] basehttp 752 6660 "GET /demo/ HTTP/1.1" 200 5966
[INFO] [2018-03-20 10:30:07 +0800] basehttp 752 3056 "GET /static/icon/favicon.ico HTTP/1.1" 200 5430
[INFO] [2018-03-20 11:24:11 +0800] basehttp 8036 8068 "GET /demo/ HTTP/1.1" 200 5833
[INFO] [2018-03-20 11:24:11 +0800] basehttp 8036 8076 "GET /static/bootstrap-3.3.7/css/ie10-viewport-bug-workaround.css HTTP/1.1" 304 0
[INFO] [2018-03-20 11:24:11 +0800] basehttp 8036 8072 "GET /static/bootstrap-3.3.7/css/starter-template.css HTTP/1.1" 304 0
[INFO] [2018-03-20 11:24:11 +0800] basehttp 8036 8100 "GET /static/icon/favicon.ico HTTP/1.1" 200 5430
[INFO] [2018-03-20 11:24:16 +0800] basehttp 8036 8116 "GET /demo/ HTTP/1.1" 200 5833
[INFO] [2018-03-20 11:24:16 +0800] basehttp 8036 8120 "GET /static/icon/favicon.ico HTTP/1.1" 200 5430
[INFO] [2018-03-20 11:29:42 +0800] basehttp 7836 7768 "GET /demo/ HTTP/1.1" 200 5825
[INFO] [2018-03-20 11:33:37 +0800] basehttp 7796 2708 "GET /demo/ HTTP/1.1" 200 5833
[INFO] [2018-03-20 11:33:37 +0800] basehttp 7796 4600 "GET /static/icon/favicon.ico HTTP/1.1" 200 5430
[INFO] [2018-03-20 11:34:40 +0800] basehttp 8116 6616 "GET /demo/ HTTP/1.1" 200 5845
[INFO] [2018-03-20 11:34:40 +0800] basehttp 8116 2764 "GET /static/icon/favicon.ico HTTP/1.1" 200 5430
[INFO] [2018-03-20 11:34:49 +0800] basehttp 8116 6316 "GET /demo/ HTTP/1.1" 200 5847
[INFO] [2018-03-20 11:34:49 +0800] basehttp 8116 2732 "GET /static/icon/favicon.ico HTTP/1.1" 200 5430
[INFO] [2018-03-20 15:36:16 +0800] basehttp 4772 7608 "GET / HTTP/1.1" 200 4703
[INFO] [2018-03-20 15:36:18 +0800] basehttp 4772 7984 "GET /demo/ HTTP/1.1" 200 5843
[INFO] [2018-03-20 16:31:47 +0800] basehttp 7544 5924 "GET /admin/ HTTP/1.1" 200 8764
[INFO] [2018-03-20 16:31:47 +0800] basehttp 7544 2208 "GET /static/admin/css/base.css HTTP/1.1" 304 0
[INFO] [2018-03-20 16:31:48 +0800] basehttp 7544 5860 "GET /static/admin/img/icon-addlink.svg HTTP/1.1" 304 0
[WARNING] [2018-03-20 16:31:48 +0800] base 7544 7328 Not Found: /favicon.ico
[WARNING] [2018-03-20 16:31:48 +0800] basehttp 7544 7328 "GET /favicon.ico HTTP/1.1" 404 4411
[INFO] [2018-03-20 16:32:15 +0800] basehttp 7544 7140 "GET /demo/ HTTP/1.1" 200 5843
[INFO] [2018-03-20 16:32:17 +0800] basehttp 7544 5896 "GET /hello HTTP/1.1" 200 7813
[INFO] [2018-03-20 16:32:19 +0800] basehttp 7544 7120 "GET /demo/ HTTP/1.1" 200 5843
[INFO] [2018-03-20 16:32:22 +0800] basehttp 7544 7720 "GET /admin/ HTTP/1.1" 200 8764
[INFO] [2018-03-20 16:32:31 +0800] basehttp 7544 3268 "GET /admin/auth/user/ HTTP/1.1" 200 6504
[INFO] [2018-03-20 16:32:31 +0800] basehttp 7544 7664 "GET /admin/jsi18n/ HTTP/1.1" 200 7682
[INFO] [2018-03-20 16:32:34 +0800] basehttp 7544 5812 "GET /admin/auth/user/1/change/ HTTP/1.1" 200 15339
[INFO] [2018-03-20 16:32:35 +0800] basehttp 7544 7956 "GET /admin/jsi18n/ HTTP/1.1" 200 7682
[INFO] [2018-03-20 16:32:52 +0800] basehttp 7544 8164 "GET /admin/auth/user/ HTTP/1.1" 200 6504
[INFO] [2018-03-20 16:33:00 +0800] basehttp 7544 7640 "GET /admin/ HTTP/1.1" 200 8764
[INFO] [2018-03-20 16:33:02 +0800] basehttp 7544 6916 "GET /admin/auth/group/ HTTP/1.1" 200 3366
[INFO] [2018-03-20 16:33:02 +0800] basehttp 7544 7824 "GET /admin/jsi18n/ HTTP/1.1" 200 7682
[INFO] [2018-03-20 16:33:04 +0800] basehttp 7544 7876 "GET /admin/ HTTP/1.1" 200 8764
[INFO] [2018-03-20 16:33:05 +0800] basehttp 7544 7520 "GET /admin/auth/user/ HTTP/1.1" 200 6504
[INFO] [2018-03-20 16:33:05 +0800] basehttp 7544 8128 "GET /admin/jsi18n/ HTTP/1.1" 200 7682
[INFO] [2018-03-20 16:33:08 +0800] basehttp 7544 388 "GET /admin/auth/user/1/change/ HTTP/1.1" 200 15339
[INFO] [2018-03-20 16:33:08 +0800] basehttp 7544 6932 "GET /admin/jsi18n/ HTTP/1.1" 200 7682
[INFO] [2018-03-20 16:33:21 +0800] basehttp 7544 7652 "GET /admin/auth/user/ HTTP/1.1" 200 6504
[INFO] [2018-03-20 16:38:00 +0800] basehttp 7608 8028 "GET /admin/auth/user/1/change/ HTTP/1.1" 200 15339
[INFO] [2018-03-20 16:38:00 +0800] basehttp 7608 4976 "GET /admin/jsi18n/ HTTP/1.1" 200 7682
[INFO] [2018-03-20 16:49:43 +0800] basehttp 800 7312 "GET / HTTP/1.1" 200 4703
[INFO] [2018-03-20 16:49:50 +0800] basehttp 800 5688 "GET /admin/ HTTP/1.1" 200 8764
[INFO] [2018-03-20 16:49:56 +0800] basehttp 800 4876 "GET /admin/auth/user/ HTTP/1.1" 200 6504
[INFO] [2018-03-20 16:49:56 +0800] basehttp 800 3916 "GET /admin/jsi18n/ HTTP/1.1" 200 7682
[INFO] [2018-03-20 16:49:58 +0800] basehttp 800 6932 "GET /admin/auth/user/1/change/ HTTP/1.1" 200 18189
[INFO] [2018-03-20 16:49:58 +0800] basehttp 800 852 "GET /admin/jsi18n/ HTTP/1.1" 200 7682
[INFO] [2018-03-20 16:49:58 +0800] basehttp 800 4484 "GET /static/admin/js/inlines.js HTTP/1.1" 200 13665
[INFO] [2018-03-20 16:50:50 +0800] basehttp 800 7784 "GET /admin/auth/user/1/change/ HTTP/1.1" 200 18189
[INFO] [2018-03-20 17:17:21 +0800] basehttp 7604 7460 "GET /admin/ HTTP/1.1" 200 8764
[INFO] [2018-03-20 17:17:23 +0800] basehttp 7604 6668 "GET /admin/auth/user/ HTTP/1.1" 200 6504
[INFO] [2018-03-20 17:17:23 +0800] basehttp 7604 5392 "GET /admin/jsi18n/ HTTP/1.1" 200 7682
[INFO] [2018-03-20 17:17:25 +0800] basehttp 7604 1328 "GET /admin/auth/user/1/change/ HTTP/1.1" 200 18208
[INFO] [2018-03-20 17:17:25 +0800] basehttp 7604 7888 "GET /admin/jsi18n/ HTTP/1.1" 200 7682
[INFO] [2018-03-20 17:31:16 +0800] basehttp 6652 8128 "GET /admin/auth/ HTTP/1.1" 200 2624
[INFO] [2018-03-20 17:31:17 +0800] basehttp 6652 6204 "GET /admin/auth/group/ HTTP/1.1" 200 3366
[INFO] [2018-03-20 17:31:18 +0800] basehttp 6652 7188 "GET /admin/jsi18n/ HTTP/1.1" 200 7682
[INFO] [2018-03-20 17:31:19 +0800] basehttp 6652 4692 "GET /admin/auth/ HTTP/1.1" 200 2624
[INFO] [2018-03-20 17:31:20 +0800] basehttp 6652 7904 "GET /admin/auth/user/ HTTP/1.1" 200 6504
[INFO] [2018-03-20 17:31:20 +0800] basehttp 6652 6984 "GET /admin/jsi18n/ HTTP/1.1" 200 7682
[INFO] [2018-03-20 17:31:21 +0800] basehttp 6652 6700 "GET /admin/auth/user/1/change/ HTTP/1.1" 200 18207
[INFO] [2018-03-20 17:31:21 +0800] basehttp 6652 3932 "GET /admin/jsi18n/ HTTP/1.1" 200 7682
[INFO] [2018-03-20 17:41:39 +0800] basehttp 7924 5404 "GET /admin/auth/user/1/change/ HTTP/1.1" 200 18207
[INFO] [2018-03-20 17:41:39 +0800] basehttp 7924 7820 "GET /admin/jsi18n/ HTTP/1.1" 200 7682
[INFO] [2018-03-20 17:43:14 +0800] basehttp 7876 3464 "GET /admin/auth/user/1/change/ HTTP/1.1" 200 18207
[INFO] [2018-03-20 17:43:14 +0800] basehttp 7876 8168 "GET /admin/jsi18n/ HTTP/1.1" 200 7682
