[INFO] [2018-08-02 11:02:07 +0800] basehttp 4972 5356 "GET / HTTP/1.1" 200 4786
[INFO] [2018-08-02 11:02:09 +0800] basehttp 4972 6300 "GET /url/ HTTP/1.1" 200 11979
[INFO] [2018-08-02 11:02:11 +0800] basehttp 4972 6028 "GET /url/?page=2 HTTP/1.1" 200 11809
[INFO] [2018-08-02 11:02:12 +0800] basehttp 4972 3212 "GET /url/?page=1 HTTP/1.1" 200 11979
[INFO] [2018-08-02 11:06:21 +0800] basehttp 4972 5744 "GET /url/?page=2 HTTP/1.1" 200 11809
[INFO] [2018-08-02 11:06:22 +0800] basehttp 4972 4760 "GET /url/?page=1 HTTP/1.1" 200 11979
[INFO] [2018-08-02 11:17:56 +0800] basehttp 7048 6032 "GET /url/?page=1 HTTP/1.1" 200 12001
[INFO] [2018-08-02 11:17:56 +0800] basehttp 7048 7032 "GET /static/icon/favicon.ico HTTP/1.1" 200 5430
[WARNING] [2018-08-02 11:17:58 +0800] base 7048 6996 Not Found: /favicon.ico
[WARNING] [2018-08-02 11:17:58 +0800] basehttp 7048 6996 "GET /favicon.ico HTTP/1.1" 404 4604
[INFO] [2018-08-02 11:18:10 +0800] basehttp 7048 5576 "GET /url/?page=1 HTTP/1.1" 200 12001
[INFO] [2018-08-02 11:18:14 +0800] basehttp 7048 2924 "GET /url/?page=2 HTTP/1.1" 200 11832
[INFO] [2018-08-02 11:19:03 +0800] basehttp 1592 6648 "GET /url/?page=2 HTTP/1.1" 200 11832
[INFO] [2018-08-02 11:19:03 +0800] basehttp 1592 4028 "GET /static/icon/favicon.ico HTTP/1.1" 200 5430
[INFO] [2018-08-02 11:19:33 +0800] basehttp 6464 2924 "GET /url/?page=2 HTTP/1.1" 200 11832
[INFO] [2018-08-02 11:19:33 +0800] basehttp 6464 5760 "GET /url/?page=2 HTTP/1.1" 200 11832
[INFO] [2018-08-02 11:22:20 +0800] basehttp 6436 5732 "GET /url/?page=1 HTTP/1.1" 200 12025
[INFO] [2018-08-02 11:25:09 +0800] basehttp 7388 7572 "GET /url/?page=2 HTTP/1.1" 200 11854
[INFO] [2018-08-02 11:25:10 +0800] basehttp 7388 7588 "GET /url/?page=1 HTTP/1.1" 200 12025
[INFO] [2018-08-02 11:25:19 +0800] basehttp 7388 7596 "GET /url/environment/2/ HTTP/1.1" 200 6635
[INFO] [2018-08-02 11:25:21 +0800] basehttp 7388 7600 "GET /url/environment/3/ HTTP/1.1" 200 12018
[INFO] [2018-08-02 11:25:35 +0800] basehttp 7388 7636 "GET /url/ HTTP/1.1" 200 12025
[INFO] [2018-08-02 11:25:36 +0800] basehttp 7388 7640 "GET /url/?page=2 HTTP/1.1" 200 11854
[INFO] [2018-08-02 11:25:38 +0800] basehttp 7388 7652 "GET /url/?page=1 HTTP/1.1" 200 12025
[INFO] [2018-08-02 11:25:47 +0800] basehttp 7388 7668 "GET /url/?page=2 HTTP/1.1" 200 11854
[INFO] [2018-08-02 11:25:49 +0800] basehttp 7388 7680 "GET /url/?page=1 HTTP/1.1" 200 12025
[INFO] [2018-08-02 11:25:50 +0800] basehttp 7388 7684 "GET /url/environment/3/ HTTP/1.1" 200 12018
[INFO] [2018-08-02 11:28:33 +0800] basehttp 3936 6448 "GET /url/environment/3/ HTTP/1.1" 200 15323
[INFO] [2018-08-02 11:28:33 +0800] basehttp 3936 3212 "GET /static/icon/favicon.ico HTTP/1.1" 200 5430
[INFO] [2018-08-02 13:42:17 +0800] basehttp 7632 7872 "GET /url/ HTTP/1.1" 200 12025
[INFO] [2018-08-02 13:48:08 +0800] basehttp 6436 3740 "GET /url/ HTTP/1.1" 200 8378
[INFO] [2018-08-02 13:48:09 +0800] basehttp 6436 4840 "GET /static/icon/favicon.ico HTTP/1.1" 200 5430
[INFO] [2018-08-02 13:48:10 +0800] basehttp 6436 7392 "GET /url/?page=3 HTTP/1.1" 200 8704
[INFO] [2018-08-02 13:51:58 +0800] basehttp 7436 7852 "GET /url/?page=3 HTTP/1.1" 200 8766
[INFO] [2018-08-02 13:51:58 +0800] basehttp 7436 8044 "GET /static/icon/favicon.ico HTTP/1.1" 200 5430
[INFO] [2018-08-02 13:51:59 +0800] basehttp 7436 8068 "GET /url/?page=2 HTTP/1.1" 200 8755
[INFO] [2018-08-02 13:52:00 +0800] basehttp 7436 7588 "GET /url/?page=1 HTTP/1.1" 200 8386
[INFO] [2018-08-02 13:52:17 +0800] basehttp 7500 6376 "GET /url/?page=1 HTTP/1.1" 200 12033
[INFO] [2018-08-02 13:52:18 +0800] basehttp 7500 7388 "GET /static/icon/favicon.ico HTTP/1.1" 200 5430
[INFO] [2018-08-02 13:52:19 +0800] basehttp 7500 7488 "GET /url/?page=2 HTTP/1.1" 200 11917
[INFO] [2018-08-02 13:52:20 +0800] basehttp 7500 284 "GET /url/?page=1 HTTP/1.1" 200 12033
[INFO] [2018-08-02 13:53:39 +0800] basehttp 7500 5732 "GET /url/?page=1 HTTP/1.1" 200 12095
[INFO] [2018-08-02 13:53:39 +0800] basehttp 7500 7936 "GET /static/icon/favicon.ico HTTP/1.1" 200 5430
[INFO] [2018-08-02 13:53:41 +0800] basehttp 7500 3080 "GET /url/?page=2 HTTP/1.1" 200 11925
[INFO] [2018-08-02 13:53:42 +0800] basehttp 7500 300 "GET /url/?page=1 HTTP/1.1" 200 12095
[INFO] [2018-08-02 13:53:43 +0800] basehttp 7500 8036 "GET /url/?page=2 HTTP/1.1" 200 11925
[INFO] [2018-08-02 13:53:44 +0800] basehttp 7500 1408 "GET /url/?page=1 HTTP/1.1" 200 12095
[INFO] [2018-08-02 13:53:47 +0800] basehttp 7500 7384 "GET /url/?page=2 HTTP/1.1" 200 11925
[INFO] [2018-08-02 13:53:48 +0800] basehttp 7500 4084 "GET /url/?page=1 HTTP/1.1" 200 12095
[INFO] [2018-08-02 13:53:49 +0800] basehttp 7500 7624 "GET /url/?page=2 HTTP/1.1" 200 11925
[INFO] [2018-08-02 13:53:51 +0800] basehttp 7500 7576 "GET /url/?page=1 HTTP/1.1" 200 12095
[INFO] [2018-08-02 14:20:13 +0800] basehttp 7500 4692 "GET /url/?page=2 HTTP/1.1" 200 11925
[INFO] [2018-08-02 14:20:14 +0800] basehttp 7500 1016 "GET /url/6/ HTTP/1.1" 200 8718
[INFO] [2018-08-02 15:28:27 +0800] basehttp 7500 6916 "GET /url/ HTTP/1.1" 200 12095
[INFO] [2018-08-02 15:28:29 +0800] basehttp 7500 7576 "GET /url/?page=2 HTTP/1.1" 200 11925
[INFO] [2018-08-02 15:28:31 +0800] basehttp 7500 5388 "GET /url/?page=1 HTTP/1.1" 200 12095
[INFO] [2018-08-02 15:28:33 +0800] basehttp 7500 6836 "GET /url/environment/3/ HTTP/1.1" 200 15323
[INFO] [2018-08-02 15:30:08 +0800] basehttp 7500 4128 "GET /url/environment/3/ HTTP/1.1" 200 15323
[INFO] [2018-08-02 15:30:11 +0800] basehttp 7500 7372 "GET /url/ HTTP/1.1" 200 12095
[INFO] [2018-08-02 15:50:11 +0800] basehttp 7500 7036 "GET /url/ HTTP/1.1" 200 12115
[INFO] [2018-08-02 15:50:11 +0800] basehttp 7500 3340 "GET /static/icon/favicon.ico HTTP/1.1" 200 5430
[INFO] [2018-08-02 15:50:25 +0800] basehttp 7500 7576 "GET /url/ HTTP/1.1" 200 12095
[INFO] [2018-08-02 15:50:25 +0800] basehttp 7500 936 "GET /static/icon/favicon.ico HTTP/1.1" 200 5430
[INFO] [2018-08-02 15:59:40 +0800] basehttp 7500 7332 "GET /url/ HTTP/1.1" 200 12235
[INFO] [2018-08-02 15:59:41 +0800] basehttp 7500 7004 "GET /static/icon/favicon.ico HTTP/1.1" 200 5430
[INFO] [2018-08-02 16:06:17 +0800] basehttp 7500 288 "GET /hello HTTP/1.1" 200 8056
[INFO] [2018-08-02 16:06:19 +0800] basehttp 7500 3264 "GET /url/ HTTP/1.1" 200 12255
[INFO] [2018-08-02 16:07:50 +0800] basehttp 7500 3552 "GET /url/ HTTP/1.1" 200 12335
[INFO] [2018-08-02 16:07:50 +0800] basehttp 7500 7260 "GET /static/icon/favicon.ico HTTP/1.1" 200 5430
[INFO] [2018-08-02 16:08:56 +0800] basehttp 7500 7664 "GET /url/ HTTP/1.1" 200 12322
[INFO] [2018-08-02 16:08:57 +0800] basehttp 7500 820 "GET /static/icon/favicon.ico HTTP/1.1" 200 5430
[INFO] [2018-08-02 16:33:19 +0800] basehttp 7500 7420 "GET /url/ HTTP/1.1" 200 12351
[INFO] [2018-08-02 16:33:20 +0800] basehttp 7500 3640 "GET /static/icon/favicon.ico HTTP/1.1" 200 5430
[ERROR] [2018-08-02 17:47:23 +0800] exception 6984 7960 Internal Server Error: /url/
Traceback (most recent call last):
  File "C:\Users\hunter.yang\AppData\Local\Programs\Python\Python35\lib\site-packages\django-1.11.3-py3.5.egg\django\core\handlers\exception.py", line 41, in inner
    response = get_response(request)
  File "C:\Users\hunter.yang\AppData\Local\Programs\Python\Python35\lib\site-packages\django-1.11.3-py3.5.egg\django\core\handlers\base.py", line 187, in _get_response
    response = self.process_exception_by_middleware(e, request)
  File "C:\Users\hunter.yang\AppData\Local\Programs\Python\Python35\lib\site-packages\django-1.11.3-py3.5.egg\django\core\handlers\base.py", line 185, in _get_response
    response = wrapped_callback(request, *callback_args, **callback_kwargs)
  File "C:\Users\hunter.yang\AppData\Local\Programs\Python\Python35\lib\site-packages\django-1.11.3-py3.5.egg\django\views\generic\base.py", line 68, in view
    return self.dispatch(request, *args, **kwargs)
  File "C:\Users\hunter.yang\AppData\Local\Programs\Python\Python35\lib\site-packages\django-1.11.3-py3.5.egg\django\contrib\auth\mixins.py", line 56, in dispatch
    return super(LoginRequiredMixin, self).dispatch(request, *args, **kwargs)
  File "C:\Users\hunter.yang\AppData\Local\Programs\Python\Python35\lib\site-packages\django-1.11.3-py3.5.egg\django\views\generic\base.py", line 88, in dispatch
    return handler(request, *args, **kwargs)
  File "C:\Users\hunter.yang\AppData\Local\Programs\Python\Python35\lib\site-packages\django-1.11.3-py3.5.egg\django\views\generic\list.py", line 175, in get
    context = self.get_context_data()
  File "D:\project-github\demo\services\views.py", line 150, in get_context_data
    pagination_data = pagination_data(paginator, page, is_paginated)
UnboundLocalError: local variable 'pagination_data' referenced before assignment
[ERROR] [2018-08-02 17:47:23 +0800] basehttp 6984 7960 "GET /url/ HTTP/1.1" 500 90542
[INFO] [2018-08-02 17:50:02 +0800] basehttp 4752 6280 "GET /url/ HTTP/1.1" 200 12351
[INFO] [2018-08-02 17:50:02 +0800] basehttp 4752 7712 "GET /static/icon/favicon.ico HTTP/1.1" 200 5430
[INFO] [2018-08-02 17:50:03 +0800] basehttp 4752 7192 "GET /url/?page=2 HTTP/1.1" 200 12181
[INFO] [2018-08-02 17:50:04 +0800] basehttp 4752 7088 "GET /url/?page=1 HTTP/1.1" 200 12351
[INFO] [2018-08-02 17:55:42 +0800] basehttp 4752 6736 "GET /url/?page=2 HTTP/1.1" 200 12195
[INFO] [2018-08-02 17:55:44 +0800] basehttp 4752 4116 "GET /url/?page=1 HTTP/1.1" 200 12365
[INFO] [2018-08-02 17:55:45 +0800] basehttp 4752 2388 "GET /url/?page=2 HTTP/1.1" 200 12195
[INFO] [2018-08-02 17:55:46 +0800] basehttp 4752 6836 "GET /url/?page=1 HTTP/1.1" 200 12365
[INFO] [2018-08-02 17:55:47 +0800] basehttp 4752 7716 "GET /url/?page=2 HTTP/1.1" 200 12195
[INFO] [2018-08-02 17:55:48 +0800] basehttp 4752 7720 "GET /url/?page=2 HTTP/1.1" 200 12195
[INFO] [2018-08-02 17:55:48 +0800] basehttp 4752 7692 "GET /url/?page=1 HTTP/1.1" 200 12365
[INFO] [2018-08-02 17:55:49 +0800] basehttp 4752 6408 "GET /url/?page=2 HTTP/1.1" 200 12195
[INFO] [2018-08-02 17:55:50 +0800] basehttp 4752 7728 "GET /url/?page=1 HTTP/1.1" 200 12365
[INFO] [2018-08-02 17:58:02 +0800] basehttp 4752 5696 "GET /url/?page=2 HTTP/1.1" 200 12195
[INFO] [2018-08-02 17:58:03 +0800] basehttp 4752 7656 "GET /url/?page=1 HTTP/1.1" 200 12365
