[INFO] [2018-08-09 09:10:20 +0800] [django.server] [basehttp.py] basehttp 2084 1492 "GET / HTTP/1.1" 200 5133
[INFO] [2018-08-09 09:10:27 +0800] [django.server] [basehttp.py] basehttp 2084 5304 "GET /demo/ HTTP/1.1" 200 7435
[INFO] [2018-08-09 09:10:41 +0800] [django.server] [basehttp.py] basehttp 2084 5824 "GET /demo/ HTTP/1.1" 200 7434
[INFO] [2018-08-09 09:10:41 +0800] [django.server] [basehttp.py] basehttp 2084 4992 "GET /static/icon/favicon.ico HTTP/1.1" 200 5430
[INFO] [2018-08-09 10:07:27 +0800] [django.server] [basehttp.py] basehttp 4072 5040 "GET /demo/ HTTP/1.1" 200 7437
[INFO] [2018-08-09 10:07:27 +0800] [django.server] [basehttp.py] basehttp 4072 984 "GET /static/icon/favicon.ico HTTP/1.1" 200 5430
[INFO] [2018-08-09 10:09:59 +0800] [django.server] [basehttp.py] basehttp 4072 776 "GET /hello HTTP/1.1" 200 8243
[INFO] [2018-08-09 10:42:23 +0800] [django.server] [basehttp.py] basehttp 7064 2856 "GET /admin/ HTTP/1.1" 200 9262
[WARNING] [2018-08-09 10:42:23 +0800] [django.request] [base.py] base 7064 352 Not Found: /favicon.ico
[WARNING] [2018-08-09 10:42:23 +0800] [django.server] [basehttp.py] basehttp 7064 352 "GET /favicon.ico HTTP/1.1" 404 4775
[INFO] [2018-08-09 10:42:27 +0800] [django.server] [basehttp.py] basehttp 7064 2720 "GET /admin/services/elasticsearch_node/ HTTP/1.1" 200 3149
[INFO] [2018-08-09 10:42:27 +0800] [django.server] [basehttp.py] basehttp 7064 2808 "GET /admin/jsi18n/ HTTP/1.1" 200 3189
[INFO] [2018-08-09 10:42:31 +0800] [django.server] [basehttp.py] basehttp 7064 1228 "GET /admin/services/elasticsearch_node/add/ HTTP/1.1" 200 4429
[INFO] [2018-08-09 10:42:31 +0800] [django.server] [basehttp.py] basehttp 7064 3424 "GET /admin/jsi18n/ HTTP/1.1" 200 3189
[INFO] [2018-08-09 10:42:52 +0800] [django.server] [basehttp.py] basehttp 7064 3100 "POST /admin/services/elasticsearch_node/add/ HTTP/1.1" 302 0
[INFO] [2018-08-09 10:42:52 +0800] [django.server] [basehttp.py] basehttp 7064 5596 "GET /admin/services/elasticsearch_node/ HTTP/1.1" 200 4539
[INFO] [2018-08-09 10:42:52 +0800] [django.server] [basehttp.py] basehttp 7064 2736 "GET /admin/jsi18n/ HTTP/1.1" 200 3189
[INFO] [2018-08-09 10:42:56 +0800] [django.server] [basehttp.py] basehttp 7064 5264 "GET /admin/services/elasticsearch_node/1/change/ HTTP/1.1" 200 4701
[INFO] [2018-08-09 10:42:56 +0800] [django.server] [basehttp.py] basehttp 7064 3216 "GET /admin/jsi18n/ HTTP/1.1" 200 3189
[INFO] [2018-08-09 10:42:58 +0800] [django.server] [basehttp.py] basehttp 7064 6360 "GET /admin/services/elasticsearch_node/ HTTP/1.1" 200 4326
[INFO] [2018-08-09 10:43:02 +0800] [django.server] [basehttp.py] basehttp 7064 7076 "GET /url/ HTTP/1.1" 200 12491
[INFO] [2018-08-09 13:57:45 +0800] [django.server] [basehttp.py] basehttp 5612 8076 "GET /elasticsearchinfo HTTP/1.1" 301 0
[INFO] [2018-08-09 13:57:45 +0800] [django.server] [basehttp.py] basehttp 5612 1492 "GET /elasticsearchinfo/ HTTP/1.1" 200 6734
[INFO] [2018-08-09 13:57:50 +0800] [django.server] [basehttp.py] basehttp 5612 3628 "GET /url/ HTTP/1.1" 200 12491
[INFO] [2018-08-09 13:57:51 +0800] [django.server] [basehttp.py] basehttp 5612 2804 "GET /url/environment/2/ HTTP/1.1" 200 6997
[INFO] [2018-08-09 13:57:52 +0800] [django.server] [basehttp.py] basehttp 5612 7912 "GET /url/environment/3/ HTTP/1.1" 200 12530
[INFO] [2018-08-09 13:57:53 +0800] [django.server] [basehttp.py] basehttp 5612 8016 "GET /url/ HTTP/1.1" 200 12491
[INFO] [2018-08-09 13:57:58 +0800] [django.server] [basehttp.py] basehttp 5612 7396 "GET /url/ HTTP/1.1" 200 12491
[INFO] [2018-08-09 13:58:00 +0800] [django.server] [basehttp.py] basehttp 5612 4612 "GET /url/31/ HTTP/1.1" 200 7587
[INFO] [2018-08-09 14:09:53 +0800] [django.server] [basehttp.py] basehttp 5612 3100 "GET /url/ HTTP/1.1" 200 12515
[INFO] [2018-08-09 14:09:54 +0800] [django.server] [basehttp.py] basehttp 5612 8108 "GET /static/icon/favicon.ico HTTP/1.1" 200 5430
[INFO] [2018-08-09 14:10:45 +0800] [django.server] [basehttp.py] basehttp 5612 708 "GET /url/ HTTP/1.1" 200 12573
[INFO] [2018-08-09 14:10:45 +0800] [django.server] [basehttp.py] basehttp 5612 6980 "GET /static/icon/favicon.ico HTTP/1.1" 200 5430
[INFO] [2018-08-09 14:11:16 +0800] [django.server] [basehttp.py] basehttp 5612 8140 "GET /url/ HTTP/1.1" 200 12599
[INFO] [2018-08-09 14:11:17 +0800] [django.server] [basehttp.py] basehttp 5612 6360 "GET /static/icon/favicon.ico HTTP/1.1" 200 5430
[INFO] [2018-08-09 14:11:28 +0800] [django.server] [basehttp.py] basehttp 5612 6920 "GET /elasticsearchinfo/ HTTP/1.1" 200 6734
[INFO] [2018-08-09 14:11:33 +0800] [django.server] [basehttp.py] basehttp 5612 1424 "GET /elasticsearchinfo/ HTTP/1.1" 200 6734
[INFO] [2018-08-09 14:11:34 +0800] [django.server] [basehttp.py] basehttp 5612 3500 "GET /url/ HTTP/1.1" 200 12599
[INFO] [2018-08-09 14:11:37 +0800] [django.server] [basehttp.py] basehttp 5612 4848 "GET /url/19/ HTTP/1.1" 200 7690
[INFO] [2018-08-09 14:11:52 +0800] [django.server] [basehttp.py] basehttp 5612 8016 "GET /url/19/ HTTP/1.1" 200 7828
[INFO] [2018-08-09 14:11:52 +0800] [django.server] [basehttp.py] basehttp 5612 5412 "GET /static/icon/favicon.ico HTTP/1.1" 200 5430
[INFO] [2018-08-09 14:11:53 +0800] [django.server] [basehttp.py] basehttp 5612 7180 "GET /elasticsearchinfo/ HTTP/1.1" 200 6734
[INFO] [2018-08-09 14:11:55 +0800] [django.server] [basehttp.py] basehttp 5612 4292 "GET /url/ HTTP/1.1" 200 12599
[INFO] [2018-08-09 14:12:14 +0800] [django.server] [basehttp.py] basehttp 5612 6640 "GET /url/ HTTP/1.1" 200 12599
[INFO] [2018-08-09 14:12:15 +0800] [django.server] [basehttp.py] basehttp 5612 2744 "GET /elasticsearchinfo/ HTTP/1.1" 200 6872
[INFO] [2018-08-09 14:12:16 +0800] [django.server] [basehttp.py] basehttp 5612 1728 "GET /elasticsearchinfo/ HTTP/1.1" 200 6872
[INFO] [2018-08-09 14:27:13 +0800] [django.server] [basehttp.py] basehttp 5612 7408 "GET /admin/services/elasticsearch_node/1/change/ HTTP/1.1" 200 4701
[INFO] [2018-08-09 14:27:13 +0800] [django.server] [basehttp.py] basehttp 5612 864 "GET /admin/jsi18n/ HTTP/1.1" 200 3189
[INFO] [2018-08-09 14:27:16 +0800] [django.server] [basehttp.py] basehttp 5612 3048 "GET /admin/services/elasticsearch_node/ HTTP/1.1" 200 4326
[INFO] [2018-08-09 14:28:03 +0800] [django.server] [basehttp.py] basehttp 5612 3680 "GET /elasticsearchinfo/ HTTP/1.1" 200 6910
[INFO] [2018-08-09 14:28:03 +0800] [django.server] [basehttp.py] basehttp 5612 7752 "GET /static/icon/favicon.ico HTTP/1.1" 200 5430
[INFO] [2018-08-09 14:28:25 +0800] [django.server] [basehttp.py] basehttp 5612 8016 "GET /elasticsearchinfo/ HTTP/1.1" 200 6964
[INFO] [2018-08-09 14:28:26 +0800] [django.server] [basehttp.py] basehttp 5612 7544 "GET /static/icon/favicon.ico HTTP/1.1" 200 5430
[INFO] [2018-08-09 14:28:42 +0800] [django.server] [basehttp.py] basehttp 5612 7912 "GET /elasticsearchinfo/ HTTP/1.1" 200 6905
[INFO] [2018-08-09 14:28:43 +0800] [django.server] [basehttp.py] basehttp 5612 2400 "GET /static/icon/favicon.ico HTTP/1.1" 200 5430
[INFO] [2018-08-09 14:29:33 +0800] [django.server] [basehttp.py] basehttp 5612 7556 "GET /elasticsearchinfo/ HTTP/1.1" 200 6761
[INFO] [2018-08-09 14:29:33 +0800] [django.server] [basehttp.py] basehttp 5612 7956 "GET /static/icon/favicon.ico HTTP/1.1" 200 5430
[INFO] [2018-08-09 14:31:29 +0800] [django.server] [basehttp.py] basehttp 5612 2744 "GET /elasticsearchinfo/ HTTP/1.1" 200 6820
[INFO] [2018-08-09 14:31:29 +0800] [django.server] [basehttp.py] basehttp 5612 8116 "GET /static/icon/favicon.ico HTTP/1.1" 200 5430
[ERROR] [2018-08-09 14:46:33 +0800] [django.request] [exception.py] exception 4612 1392 Internal Server Error: /elasticsearchinfo/
Traceback (most recent call last):
  File "C:\Users\hunter.yang\AppData\Local\Programs\Python\Python35\lib\site-packages\django-1.11.3-py3.5.egg\django\core\handlers\exception.py", line 41, in inner
    response = get_response(request)
  File "C:\Users\hunter.yang\AppData\Local\Programs\Python\Python35\lib\site-packages\django-1.11.3-py3.5.egg\django\core\handlers\base.py", line 187, in _get_response
    response = self.process_exception_by_middleware(e, request)
  File "C:\Users\hunter.yang\AppData\Local\Programs\Python\Python35\lib\site-packages\django-1.11.3-py3.5.egg\django\core\handlers\base.py", line 185, in _get_response
    response = wrapped_callback(request, *callback_args, **callback_kwargs)
  File "C:\Users\hunter.yang\AppData\Local\Programs\Python\Python35\lib\site-packages\django-1.11.3-py3.5.egg\django\views\generic\base.py", line 68, in view
    return self.dispatch(request, *args, **kwargs)
  File "C:\Users\hunter.yang\AppData\Local\Programs\Python\Python35\lib\site-packages\django-1.11.3-py3.5.egg\django\contrib\auth\mixins.py", line 56, in dispatch
    return super(LoginRequiredMixin, self).dispatch(request, *args, **kwargs)
  File "C:\Users\hunter.yang\AppData\Local\Programs\Python\Python35\lib\site-packages\django-1.11.3-py3.5.egg\django\views\generic\base.py", line 88, in dispatch
    return handler(request, *args, **kwargs)
  File "C:\Users\hunter.yang\AppData\Local\Programs\Python\Python35\lib\site-packages\django-1.11.3-py3.5.egg\django\views\generic\list.py", line 160, in get
    self.object_list = self.get_queryset()
  File "D:\project-github\demo\services\views.py", line 265, in get_queryset
    return node.values(IP_Address)
NameError: name 'IP_Address' is not defined
[ERROR] [2018-08-09 14:46:34 +0800] [django.server] [basehttp.py] basehttp 4612 1392 "GET /elasticsearchinfo/ HTTP/1.1" 500 88281
[ERROR] [2018-08-09 14:46:41 +0800] [django.request] [exception.py] exception 4612 7200 Internal Server Error: /elasticsearchinfo/
Traceback (most recent call last):
  File "C:\Users\hunter.yang\AppData\Local\Programs\Python\Python35\lib\site-packages\django-1.11.3-py3.5.egg\django\core\handlers\exception.py", line 41, in inner
    response = get_response(request)
  File "C:\Users\hunter.yang\AppData\Local\Programs\Python\Python35\lib\site-packages\django-1.11.3-py3.5.egg\django\core\handlers\base.py", line 187, in _get_response
    response = self.process_exception_by_middleware(e, request)
  File "C:\Users\hunter.yang\AppData\Local\Programs\Python\Python35\lib\site-packages\django-1.11.3-py3.5.egg\django\core\handlers\base.py", line 185, in _get_response
    response = wrapped_callback(request, *callback_args, **callback_kwargs)
  File "C:\Users\hunter.yang\AppData\Local\Programs\Python\Python35\lib\site-packages\django-1.11.3-py3.5.egg\django\views\generic\base.py", line 68, in view
    return self.dispatch(request, *args, **kwargs)
  File "C:\Users\hunter.yang\AppData\Local\Programs\Python\Python35\lib\site-packages\django-1.11.3-py3.5.egg\django\contrib\auth\mixins.py", line 56, in dispatch
    return super(LoginRequiredMixin, self).dispatch(request, *args, **kwargs)
  File "C:\Users\hunter.yang\AppData\Local\Programs\Python\Python35\lib\site-packages\django-1.11.3-py3.5.egg\django\views\generic\base.py", line 88, in dispatch
    return handler(request, *args, **kwargs)
  File "C:\Users\hunter.yang\AppData\Local\Programs\Python\Python35\lib\site-packages\django-1.11.3-py3.5.egg\django\views\generic\list.py", line 160, in get
    self.object_list = self.get_queryset()
  File "D:\project-github\demo\services\views.py", line 265, in get_queryset
    return node.values(IP_Address)
NameError: name 'IP_Address' is not defined
[ERROR] [2018-08-09 14:46:41 +0800] [django.server] [basehttp.py] basehttp 4612 7200 "GET /elasticsearchinfo/ HTTP/1.1" 500 88132
[ERROR] [2018-08-09 14:47:26 +0800] [django.request] [exception.py] exception 4020 4888 Internal Server Error: /elasticsearchinfo/
Traceback (most recent call last):
  File "C:\Users\hunter.yang\AppData\Local\Programs\Python\Python35\lib\site-packages\django-1.11.3-py3.5.egg\django\core\handlers\exception.py", line 41, in inner
    response = get_response(request)
  File "C:\Users\hunter.yang\AppData\Local\Programs\Python\Python35\lib\site-packages\django-1.11.3-py3.5.egg\django\core\handlers\base.py", line 217, in _get_response
    response = self.process_exception_by_middleware(e, request)
  File "C:\Users\hunter.yang\AppData\Local\Programs\Python\Python35\lib\site-packages\django-1.11.3-py3.5.egg\django\core\handlers\base.py", line 215, in _get_response
    response = response.render()
  File "C:\Users\hunter.yang\AppData\Local\Programs\Python\Python35\lib\site-packages\django-1.11.3-py3.5.egg\django\template\response.py", line 107, in render
    self.content = self.rendered_content
  File "C:\Users\hunter.yang\AppData\Local\Programs\Python\Python35\lib\site-packages\django-1.11.3-py3.5.egg\django\template\response.py", line 82, in rendered_content
    template = self.resolve_template(self.template_name)
  File "C:\Users\hunter.yang\AppData\Local\Programs\Python\Python35\lib\site-packages\django-1.11.3-py3.5.egg\django\template\response.py", line 64, in resolve_template
    return select_template(template, using=self.using)
  File "C:\Users\hunter.yang\AppData\Local\Programs\Python\Python35\lib\site-packages\django-1.11.3-py3.5.egg\django\template\loader.py", line 48, in select_template
    return engine.get_template(template_name)
  File "C:\Users\hunter.yang\AppData\Local\Programs\Python\Python35\lib\site-packages\django-1.11.3-py3.5.egg\django\template\backends\django.py", line 39, in get_template
    return Template(self.engine.get_template(template_name), self)
  File "C:\Users\hunter.yang\AppData\Local\Programs\Python\Python35\lib\site-packages\django-1.11.3-py3.5.egg\django\template\engine.py", line 162, in get_template
    template, origin = self.find_template(template_name)
  File "C:\Users\hunter.yang\AppData\Local\Programs\Python\Python35\lib\site-packages\django-1.11.3-py3.5.egg\django\template\engine.py", line 136, in find_template
    name, template_dirs=dirs, skip=skip,
  File "C:\Users\hunter.yang\AppData\Local\Programs\Python\Python35\lib\site-packages\django-1.11.3-py3.5.egg\django\template\loaders\base.py", line 44, in get_template
    contents, origin, origin.template_name, self.engine,
  File "C:\Users\hunter.yang\AppData\Local\Programs\Python\Python35\lib\site-packages\django-1.11.3-py3.5.egg\django\template\base.py", line 191, in __init__
    self.nodelist = self.compile_nodelist()
  File "C:\Users\hunter.yang\AppData\Local\Programs\Python\Python35\lib\site-packages\django-1.11.3-py3.5.egg\django\template\base.py", line 230, in compile_nodelist
    return parser.parse()
  File "C:\Users\hunter.yang\AppData\Local\Programs\Python\Python35\lib\site-packages\django-1.11.3-py3.5.egg\django\template\base.py", line 515, in parse
    raise self.error(token, e)
  File "C:\Users\hunter.yang\AppData\Local\Programs\Python\Python35\lib\site-packages\django-1.11.3-py3.5.egg\django\template\base.py", line 513, in parse
    compiled_result = compile_func(self, token)
  File "C:\Users\hunter.yang\AppData\Local\Programs\Python\Python35\lib\site-packages\django-1.11.3-py3.5.egg\django\template\loader_tags.py", line 312, in do_extends
    nodelist = parser.parse()
  File "C:\Users\hunter.yang\AppData\Local\Programs\Python\Python35\lib\site-packages\django-1.11.3-py3.5.egg\django\template\base.py", line 515, in parse
    raise self.error(token, e)
  File "C:\Users\hunter.yang\AppData\Local\Programs\Python\Python35\lib\site-packages\django-1.11.3-py3.5.egg\django\template\base.py", line 513, in parse
    compiled_result = compile_func(self, token)
  File "C:\Users\hunter.yang\AppData\Local\Programs\Python\Python35\lib\site-packages\django-1.11.3-py3.5.egg\django\template\loader_tags.py", line 255, in do_block
    nodelist = parser.parse(('endblock',))
  File "C:\Users\hunter.yang\AppData\Local\Programs\Python\Python35\lib\site-packages\django-1.11.3-py3.5.egg\django\template\base.py", line 482, in parse
    raise self.error(token, 'Empty variable tag on line %d' % token.lineno)
django.template.exceptions.TemplateSyntaxError: Empty variable tag on line 55
[ERROR] [2018-08-09 14:47:26 +0800] [django.server] [basehttp.py] basehttp 4020 4888 "GET /elasticsearchinfo/ HTTP/1.1" 500 161916
[INFO] [2018-08-09 14:47:45 +0800] [django.server] [basehttp.py] basehttp 4020 3152 "GET /elasticsearchinfo/ HTTP/1.1" 200 6748
[INFO] [2018-08-09 14:47:45 +0800] [django.server] [basehttp.py] basehttp 4020 7272 "GET /static/icon/favicon.ico HTTP/1.1" 200 5430
[INFO] [2018-08-09 14:48:09 +0800] [django.server] [basehttp.py] basehttp 4020 7544 "GET /elasticsearchinfo/ HTTP/1.1" 200 6748
[INFO] [2018-08-09 14:48:09 +0800] [django.server] [basehttp.py] basehttp 4020 3552 "GET /static/icon/favicon.ico HTTP/1.1" 200 5430
[INFO] [2018-08-09 14:48:16 +0800] [django.server] [basehttp.py] basehttp 4020 3524 "GET /elasticsearchinfo/ HTTP/1.1" 200 6813
[INFO] [2018-08-09 14:48:16 +0800] [django.server] [basehttp.py] basehttp 4020 1760 "GET /static/icon/favicon.ico HTTP/1.1" 200 5430
[INFO] [2018-08-09 15:00:12 +0800] [django.server] [basehttp.py] basehttp 6948 8040 "GET /elasticsearchinfo/ HTTP/1.1" 200 6771
[INFO] [2018-08-09 15:00:12 +0800] [django.server] [basehttp.py] basehttp 6948 3496 "GET /static/icon/favicon.ico HTTP/1.1" 200 5430
[INFO] [2018-08-09 15:00:35 +0800] [django.server] [basehttp.py] basehttp 6948 3544 "GET /elasticsearchinfo/ HTTP/1.1" 200 6712
[INFO] [2018-08-09 15:00:36 +0800] [django.server] [basehttp.py] basehttp 6948 6636 "GET /static/icon/favicon.ico HTTP/1.1" 200 5430
[INFO] [2018-08-09 15:02:29 +0800] [django.server] [basehttp.py] basehttp 6948 7948 "GET /elasticsearchinfo/ HTTP/1.1" 200 6712
[INFO] [2018-08-09 15:02:30 +0800] [django.server] [basehttp.py] basehttp 6948 4368 "GET /static/icon/favicon.ico HTTP/1.1" 200 5430
[ERROR] [2018-08-09 15:05:14 +0800] [django.request] [exception.py] exception 612 8180 Internal Server Error: /elasticsearchinfo/
Traceback (most recent call last):
  File "C:\Users\hunter.yang\AppData\Local\Programs\Python\Python35\lib\site-packages\django-1.11.3-py3.5.egg\django\core\handlers\exception.py", line 41, in inner
    response = get_response(request)
  File "C:\Users\hunter.yang\AppData\Local\Programs\Python\Python35\lib\site-packages\django-1.11.3-py3.5.egg\django\core\handlers\base.py", line 187, in _get_response
    response = self.process_exception_by_middleware(e, request)
  File "C:\Users\hunter.yang\AppData\Local\Programs\Python\Python35\lib\site-packages\django-1.11.3-py3.5.egg\django\core\handlers\base.py", line 185, in _get_response
    response = wrapped_callback(request, *callback_args, **callback_kwargs)
  File "C:\Users\hunter.yang\AppData\Local\Programs\Python\Python35\lib\site-packages\django-1.11.3-py3.5.egg\django\views\generic\base.py", line 68, in view
    return self.dispatch(request, *args, **kwargs)
  File "C:\Users\hunter.yang\AppData\Local\Programs\Python\Python35\lib\site-packages\django-1.11.3-py3.5.egg\django\contrib\auth\mixins.py", line 56, in dispatch
    return super(LoginRequiredMixin, self).dispatch(request, *args, **kwargs)
  File "C:\Users\hunter.yang\AppData\Local\Programs\Python\Python35\lib\site-packages\django-1.11.3-py3.5.egg\django\views\generic\base.py", line 88, in dispatch
    return handler(request, *args, **kwargs)
  File "C:\Users\hunter.yang\AppData\Local\Programs\Python\Python35\lib\site-packages\django-1.11.3-py3.5.egg\django\views\generic\list.py", line 175, in get
    context = self.get_context_data()
  File "D:\project-github\demo\services\views.py", line 267, in get_context_data
    context_elasticsearch['nodeinfo'] = models.Elasticsearch_Node.objects.all().values(IP_Address)
NameError: name 'IP_Address' is not defined
[ERROR] [2018-08-09 15:05:14 +0800] [django.server] [basehttp.py] basehttp 612 8180 "GET /elasticsearchinfo/ HTTP/1.1" 500 88915
[INFO] [2018-08-09 15:05:27 +0800] [django.server] [basehttp.py] basehttp 5160 8140 "GET /elasticsearchinfo/ HTTP/1.1" 200 6777
[INFO] [2018-08-09 15:05:27 +0800] [django.server] [basehttp.py] basehttp 5160 528 "GET /static/icon/favicon.ico HTTP/1.1" 200 5430
[INFO] [2018-08-09 15:07:11 +0800] [django.server] [basehttp.py] basehttp 5160 8056 "GET /elasticsearchinfo/ HTTP/1.1" 200 6712
[INFO] [2018-08-09 15:07:11 +0800] [django.server] [basehttp.py] basehttp 5160 1904 "GET /static/icon/favicon.ico HTTP/1.1" 200 5430
[INFO] [2018-08-09 15:08:16 +0800] [django.server] [basehttp.py] basehttp 7412 8160 "GET /elasticsearchinfo/ HTTP/1.1" 200 6777
[INFO] [2018-08-09 15:08:16 +0800] [django.server] [basehttp.py] basehttp 7412 7652 "GET /static/icon/favicon.ico HTTP/1.1" 200 5430
[INFO] [2018-08-09 15:09:17 +0800] [django.server] [basehttp.py] basehttp 7412 2812 "GET /elasticsearchinfo/ HTTP/1.1" 200 6764
[INFO] [2018-08-09 15:09:17 +0800] [django.server] [basehttp.py] basehttp 7412 7876 "GET /static/icon/favicon.ico HTTP/1.1" 200 5430
[ERROR] [2018-08-09 15:12:36 +0800] [django.request] [exception.py] exception 7832 3380 Internal Server Error: /elasticsearchinfo/
Traceback (most recent call last):
  File "C:\Users\hunter.yang\AppData\Local\Programs\Python\Python35\lib\site-packages\django-1.11.3-py3.5.egg\django\core\handlers\exception.py", line 41, in inner
    response = get_response(request)
  File "C:\Users\hunter.yang\AppData\Local\Programs\Python\Python35\lib\site-packages\django-1.11.3-py3.5.egg\django\core\handlers\base.py", line 187, in _get_response
    response = self.process_exception_by_middleware(e, request)
  File "C:\Users\hunter.yang\AppData\Local\Programs\Python\Python35\lib\site-packages\django-1.11.3-py3.5.egg\django\core\handlers\base.py", line 185, in _get_response
    response = wrapped_callback(request, *callback_args, **callback_kwargs)
  File "C:\Users\hunter.yang\AppData\Local\Programs\Python\Python35\lib\site-packages\django-1.11.3-py3.5.egg\django\views\generic\base.py", line 68, in view
    return self.dispatch(request, *args, **kwargs)
  File "C:\Users\hunter.yang\AppData\Local\Programs\Python\Python35\lib\site-packages\django-1.11.3-py3.5.egg\django\contrib\auth\mixins.py", line 56, in dispatch
    return super(LoginRequiredMixin, self).dispatch(request, *args, **kwargs)
  File "C:\Users\hunter.yang\AppData\Local\Programs\Python\Python35\lib\site-packages\django-1.11.3-py3.5.egg\django\views\generic\base.py", line 88, in dispatch
    return handler(request, *args, **kwargs)
  File "C:\Users\hunter.yang\AppData\Local\Programs\Python\Python35\lib\site-packages\django-1.11.3-py3.5.egg\django\views\generic\list.py", line 175, in get
    context = self.get_context_data()
  File "D:\project-github\demo\services\views.py", line 268, in get_context_data
    print("logging:" + type(context_elasticsearch['nodeinfo']))
TypeError: Can't convert 'type' object to str implicitly
[ERROR] [2018-08-09 15:12:36 +0800] [django.server] [basehttp.py] basehttp 7832 3380 "GET /elasticsearchinfo/ HTTP/1.1" 500 89126
[INFO] [2018-08-09 15:13:12 +0800] [django.server] [basehttp.py] basehttp 5092 2764 "GET /elasticsearchinfo/ HTTP/1.1" 200 6764
[INFO] [2018-08-09 15:13:12 +0800] [django.server] [basehttp.py] basehttp 5092 7280 "GET /static/icon/favicon.ico HTTP/1.1" 200 5430
[INFO] [2018-08-09 15:53:47 +0800] [django.server] [basehttp.py] basehttp 7464 7412 "GET /url/ HTTP/1.1" 302 0
[INFO] [2018-08-09 15:53:47 +0800] [django.server] [basehttp.py] basehttp 7464 8000 "GET /userauth/login/?next=/url/ HTTP/1.1" 200 6890
[INFO] [2018-08-09 15:53:50 +0800] [django.server] [basehttp.py] basehttp 7464 7972 "POST /userauth/login/ HTTP/1.1" 302 0
[INFO] [2018-08-09 15:53:50 +0800] [django.server] [basehttp.py] basehttp 7464 2768 "GET /url/ HTTP/1.1" 200 12599
[INFO] [2018-08-09 15:53:52 +0800] [django.server] [basehttp.py] basehttp 7464 1876 "GET /url/?page=2 HTTP/1.1" 200 12571
[INFO] [2018-08-09 15:53:53 +0800] [django.server] [basehttp.py] basehttp 7464 7888 "GET /url/?page=1 HTTP/1.1" 200 12599
[INFO] [2018-08-09 15:53:55 +0800] [django.server] [basehttp.py] basehttp 7464 2180 "GET /url/25/ HTTP/1.1" 200 7077
[INFO] [2018-08-09 15:56:29 +0800] [django.server] [basehttp.py] basehttp 7464 7292 "GET /url/25/ HTTP/1.1" 200 7162
[INFO] [2018-08-09 15:56:29 +0800] [django.server] [basehttp.py] basehttp 7464 7940 "GET /static/icon/favicon.ico HTTP/1.1" 200 5430
[INFO] [2018-08-09 15:56:41 +0800] [django.server] [basehttp.py] basehttp 7464 7992 "GET /url/25/ HTTP/1.1" 200 7162
[INFO] [2018-08-09 15:56:41 +0800] [django.server] [basehttp.py] basehttp 7464 7844 "GET /static/icon/favicon.ico HTTP/1.1" 200 5430
[INFO] [2018-08-09 16:01:22 +0800] [django.server] [basehttp.py] basehttp 3496 8088 "GET /url/ HTTP/1.1" 200 12599
[INFO] [2018-08-09 16:01:23 +0800] [django.server] [basehttp.py] basehttp 3496 8028 "GET /url/3/ HTTP/1.1" 200 8015
[INFO] [2018-08-09 16:01:27 +0800] [django.server] [basehttp.py] basehttp 3496 7404 "GET /url/23/ HTTP/1.1" 200 7071
[INFO] [2018-08-09 16:01:29 +0800] [django.server] [basehttp.py] basehttp 3496 7224 "GET /url/ HTTP/1.1" 200 12599
[INFO] [2018-08-09 16:01:30 +0800] [django.server] [basehttp.py] basehttp 3496 8008 "GET /elasticsearchinfo/ HTTP/1.1" 200 6699
[INFO] [2018-08-09 16:03:30 +0800] [django.server] [basehttp.py] basehttp 5604 3380 "GET /elasticsearchinfo/ HTTP/1.1" 200 6699
[INFO] [2018-08-09 16:03:31 +0800] [django.server] [basehttp.py] basehttp 5604 7260 "GET /static/icon/favicon.ico HTTP/1.1" 200 5430
[INFO] [2018-08-09 16:03:32 +0800] [django.server] [basehttp.py] basehttp 5604 8092 "GET /elasticsearchinfo/ HTTP/1.1" 200 6699
[INFO] [2018-08-09 16:03:33 +0800] [django.server] [basehttp.py] basehttp 5604 8044 "GET /static/icon/favicon.ico HTTP/1.1" 200 5430
[INFO] [2018-08-09 16:04:57 +0800] [django.server] [basehttp.py] basehttp 8012 7308 "GET /elasticsearchinfo/ HTTP/1.1" 200 6699
[INFO] [2018-08-09 16:04:57 +0800] [django.server] [basehttp.py] basehttp 8012 4972 "GET /static/icon/favicon.ico HTTP/1.1" 200 5430
[INFO] [2018-08-09 16:05:05 +0800] [django.server] [basehttp.py] basehttp 8012 8188 "GET /elasticsearchinfo/ HTTP/1.1" 200 6699
[INFO] [2018-08-09 16:05:05 +0800] [django.server] [basehttp.py] basehttp 8012 3524 "GET /static/icon/favicon.ico HTTP/1.1" 200 5430
[INFO] [2018-08-09 16:05:06 +0800] [django.server] [basehttp.py] basehttp 8012 7512 "GET /elasticsearchinfo/ HTTP/1.1" 200 6699
[INFO] [2018-08-09 16:05:06 +0800] [django.server] [basehttp.py] basehttp 8012 7996 "GET /static/icon/favicon.ico HTTP/1.1" 200 5430
[INFO] [2018-08-09 16:11:34 +0800] [django.server] [basehttp.py] basehttp 6440 7440 "GET /elasticsearchinfo/ HTTP/1.1" 200 6764
[INFO] [2018-08-09 16:11:35 +0800] [django.server] [basehttp.py] basehttp 6440 6732 "GET /static/icon/favicon.ico HTTP/1.1" 200 5430
[INFO] [2018-08-09 16:13:55 +0800] [django.server] [basehttp.py] basehttp 6440 7856 "GET /elasticsearchinfo/ HTTP/1.1" 200 6699
[INFO] [2018-08-09 16:13:55 +0800] [django.server] [basehttp.py] basehttp 6440 1392 "GET /static/icon/favicon.ico HTTP/1.1" 200 5430
[INFO] [2018-08-09 16:14:14 +0800] [django.server] [basehttp.py] basehttp 6440 7572 "GET /elasticsearchinfo/ HTTP/1.1" 200 6711
[INFO] [2018-08-09 16:14:14 +0800] [django.server] [basehttp.py] basehttp 6440 2744 "GET /static/icon/favicon.ico HTTP/1.1" 200 5430
[INFO] [2018-08-09 16:25:44 +0800] [django.server] [basehttp.py] basehttp 6440 6348 "GET /elasticsearchinfo/ HTTP/1.1" 200 6809
[INFO] [2018-08-09 16:25:44 +0800] [django.server] [basehttp.py] basehttp 6440 5092 "GET /static/icon/favicon.ico HTTP/1.1" 200 5430
[INFO] [2018-08-09 16:30:10 +0800] [django.server] [basehttp.py] basehttp 4268 612 "GET /elasticsearchinfo/ HTTP/1.1" 200 6758
[INFO] [2018-08-09 16:30:10 +0800] [django.server] [basehttp.py] basehttp 4268 5452 "GET /static/icon/favicon.ico HTTP/1.1" 200 5430
[INFO] [2018-08-09 16:32:19 +0800] [django.server] [basehttp.py] basehttp 4268 8188 "GET /elasticsearchinfo/ HTTP/1.1" 200 6699
[INFO] [2018-08-09 16:32:19 +0800] [django.server] [basehttp.py] basehttp 4268 7512 "GET /static/icon/favicon.ico HTTP/1.1" 200 5430
[INFO] [2018-08-09 16:33:23 +0800] [django.server] [basehttp.py] basehttp 4268 3424 "GET /elasticsearchinfo/ HTTP/1.1" 200 6737
[INFO] [2018-08-09 16:33:23 +0800] [django.server] [basehttp.py] basehttp 4268 3260 "GET /static/icon/favicon.ico HTTP/1.1" 200 5430
[INFO] [2018-08-09 17:14:11 +0800] [django.server] [basehttp.py] basehttp 7884 6908 "GET /elasticsearchinfo/ HTTP/1.1" 200 6737
[INFO] [2018-08-09 17:14:12 +0800] [django.server] [basehttp.py] basehttp 7884 7236 "GET /static/icon/favicon.ico HTTP/1.1" 200 5430
[INFO] [2018-08-09 17:14:21 +0800] [django.server] [basehttp.py] basehttp 7884 8168 "GET /demo/ HTTP/1.1" 200 7436
[INFO] [2018-08-09 17:14:34 +0800] [django.server] [basehttp.py] basehttp 7884 8040 "GET /demo/ HTTP/1.1" 200 7436
[INFO] [2018-08-09 17:14:34 +0800] [django.server] [basehttp.py] basehttp 7884 7408 "GET /static/icon/favicon.ico HTTP/1.1" 200 5430
[INFO] [2018-08-09 17:14:38 +0800] [django.server] [basehttp.py] basehttp 7884 4320 "GET /demo/ HTTP/1.1" 200 7435
[INFO] [2018-08-09 17:14:38 +0800] [django.server] [basehttp.py] basehttp 7884 6660 "GET /static/icon/favicon.ico HTTP/1.1" 200 5430
[INFO] [2018-08-09 17:14:40 +0800] [django.server] [basehttp.py] basehttp 7884 3860 "GET /demo/ HTTP/1.1" 200 7435
[INFO] [2018-08-09 17:14:40 +0800] [django.server] [basehttp.py] basehttp 7884 7876 "GET /static/icon/favicon.ico HTTP/1.1" 200 5430
[INFO] [2018-08-09 17:14:47 +0800] [django.server] [basehttp.py] basehttp 7884 864 "GET /demo/ HTTP/1.1" 200 7435
[INFO] [2018-08-09 17:14:47 +0800] [django.server] [basehttp.py] basehttp 7884 3932 "GET /static/icon/favicon.ico HTTP/1.1" 200 5430
[INFO] [2018-08-09 17:57:21 +0800] [django.server] [basehttp.py] basehttp 7884 2616 "GET /demo/ HTTP/1.1" 200 7436
[INFO] [2018-08-09 17:57:21 +0800] [django.server] [basehttp.py] basehttp 7884 3568 "GET /static/icon/favicon.ico HTTP/1.1" 200 5430
[INFO] [2018-08-09 17:57:24 +0800] [django.server] [basehttp.py] basehttp 7884 3572 "GET /demo/ HTTP/1.1" 200 7435
[INFO] [2018-08-09 17:57:24 +0800] [django.server] [basehttp.py] basehttp 7884 3532 "GET /static/icon/favicon.ico HTTP/1.1" 200 5430
[INFO] [2018-08-09 17:57:26 +0800] [django.server] [basehttp.py] basehttp 7884 7612 "GET /demo/ HTTP/1.1" 200 7435
[INFO] [2018-08-09 17:57:26 +0800] [django.server] [basehttp.py] basehttp 7884 8048 "GET /static/icon/favicon.ico HTTP/1.1" 200 5430
[INFO] [2018-08-09 17:57:27 +0800] [django.server] [basehttp.py] basehttp 7884 3168 "GET /demo/ HTTP/1.1" 200 7435
[INFO] [2018-08-09 17:57:27 +0800] [django.server] [basehttp.py] basehttp 7884 2856 "GET /static/icon/favicon.ico HTTP/1.1" 200 5430
[INFO] [2018-08-09 17:57:28 +0800] [django.server] [basehttp.py] basehttp 7884 6912 "GET /demo/ HTTP/1.1" 200 7435
[INFO] [2018-08-09 17:57:28 +0800] [django.server] [basehttp.py] basehttp 7884 4884 "GET /static/icon/favicon.ico HTTP/1.1" 200 5430
