[INFO] [2018-07-23 15:26:40 +0800] basehttp 7748 1428 "GET / HTTP/1.1" 200 4786
[INFO] [2018-07-23 15:26:41 +0800] basehttp 7748 5768 "GET /static/bootstrap-3.3.7/css/sticky-footer-navbar.css HTTP/1.1" 304 0
[INFO] [2018-07-23 15:26:43 +0800] basehttp 7748 5712 "GET /demo/ HTTP/1.1" 200 6660
[INFO] [2018-07-23 15:26:47 +0800] basehttp 7748 7396 "GET /url/ HTTP/1.1" 200 16063
[INFO] [2018-07-23 15:55:44 +0800] basehttp 7748 1368 "GET / HTTP/1.1" 200 4786
[INFO] [2018-07-23 15:55:48 +0800] basehttp 7748 6548 "GET /admin/ HTTP/1.1" 200 8871
[WARNING] [2018-07-23 15:55:49 +0800] base 7748 7484 Not Found: /favicon.ico
[WARNING] [2018-07-23 15:55:49 +0800] basehttp 7748 7484 "GET /favicon.ico HTTP/1.1" 404 4604
[INFO] [2018-07-23 15:55:51 +0800] basehttp 7748 5768 "GET /admin/services/server_urls/ HTTP/1.1" 200 17023
[INFO] [2018-07-23 15:55:51 +0800] basehttp 7748 4996 "GET /admin/jsi18n/ HTTP/1.1" 200 3189
[INFO] [2018-07-23 15:56:02 +0800] basehttp 7748 6880 "GET /admin/services/server_urls/add/ HTTP/1.1" 200 7282
[INFO] [2018-07-23 15:56:02 +0800] basehttp 7748 7448 "GET /admin/jsi18n/ HTTP/1.1" 200 3189
[INFO] [2018-07-23 15:56:12 +0800] basehttp 7748 7672 "POST /admin/services/server_urls/add/ HTTP/1.1" 302 0
[INFO] [2018-07-23 15:56:12 +0800] basehttp 7748 5960 "GET /admin/services/server_urls/ HTTP/1.1" 200 17586
[INFO] [2018-07-23 15:56:12 +0800] basehttp 7748 6312 "GET /admin/jsi18n/ HTTP/1.1" 200 3189
[INFO] [2018-07-23 15:56:17 +0800] basehttp 7748 6456 "GET /admin/services/server_urls/29/change/ HTTP/1.1" 200 7751
[INFO] [2018-07-23 15:56:17 +0800] basehttp 7748 7276 "GET /admin/jsi18n/ HTTP/1.1" 200 3189
[INFO] [2018-07-23 15:57:24 +0800] basehttp 7748 6576 "POST /admin/services/server_urls/29/change/ HTTP/1.1" 302 0
[INFO] [2018-07-23 15:57:25 +0800] basehttp 7748 7960 "GET /admin/services/server_urls/ HTTP/1.1" 200 17609
[INFO] [2018-07-23 15:57:25 +0800] basehttp 7748 6964 "GET /admin/jsi18n/ HTTP/1.1" 200 3189
[INFO] [2018-07-23 15:57:26 +0800] basehttp 7748 6332 "GET /url/ HTTP/1.1" 200 16390
[INFO] [2018-07-23 15:57:27 +0800] basehttp 7748 6848 "GET /static/icon/favicon.ico HTTP/1.1" 200 5430
[INFO] [2018-07-23 15:57:29 +0800] basehttp 7748 7116 "GET /url/29/ HTTP/1.1" 200 6008
[INFO] [2018-07-23 16:38:38 +0800] basehttp 7748 4780 "GET /admin/services/server_urls/add/ HTTP/1.1" 200 7282
[INFO] [2018-07-23 16:38:38 +0800] basehttp 7748 300 "GET /admin/jsi18n/ HTTP/1.1" 200 3189
[INFO] [2018-07-23 16:39:26 +0800] basehttp 7748 7700 "POST /admin/services/server_urls/add/ HTTP/1.1" 200 7598
[INFO] [2018-07-23 16:39:26 +0800] basehttp 7748 8068 "GET /admin/jsi18n/ HTTP/1.1" 200 3189
[INFO] [2018-07-23 16:39:31 +0800] basehttp 7748 3160 "POST /admin/services/server_urls/add/ HTTP/1.1" 302 0
[INFO] [2018-07-23 16:39:31 +0800] basehttp 7748 7388 "GET /admin/services/server_urls/ HTTP/1.1" 200 17982
[INFO] [2018-07-23 16:39:32 +0800] basehttp 7748 6792 "GET /admin/jsi18n/ HTTP/1.1" 200 3189
[INFO] [2018-07-23 16:39:37 +0800] basehttp 7748 7360 "GET /url/ HTTP/1.1" 200 16693
[INFO] [2018-07-23 16:39:37 +0800] basehttp 7748 7272 "GET /static/icon/favicon.ico HTTP/1.1" 200 5430
[INFO] [2018-07-23 16:41:51 +0800] basehttp 7748 6880 "GET /url/17/ HTTP/1.1" 200 8772
[INFO] [2018-07-23 16:42:30 +0800] basehttp 7748 1368 "GET /url/ HTTP/1.1" 200 16693
[INFO] [2018-07-23 16:42:51 +0800] basehttp 7748 1500 "GET /url/environment/2/ HTTP/1.1" 200 6335
[INFO] [2018-07-23 16:42:54 +0800] basehttp 7748 7448 "GET /url/environment/3/ HTTP/1.1" 200 15042
[INFO] [2018-07-23 16:43:39 +0800] basehttp 7748 7860 "GET /blogindex/ HTTP/1.1" 200 11721
[INFO] [2018-07-23 16:43:41 +0800] basehttp 7748 7456 "GET /url/ HTTP/1.1" 200 16693
[INFO] [2018-07-23 16:44:12 +0800] basehttp 7748 6684 "GET /blogindex/ HTTP/1.1" 200 11721
[INFO] [2018-07-23 16:44:22 +0800] basehttp 7748 6212 "GET /post/1/ HTTP/1.1" 200 10252
[INFO] [2018-07-23 16:44:31 +0800] basehttp 7748 652 "GET /archives/2017/9/ HTTP/1.1" 200 10931
[INFO] [2018-07-23 16:44:33 +0800] basehttp 7748 7824 "GET /url/ HTTP/1.1" 200 16693
[INFO] [2018-07-23 16:45:34 +0800] basehttp 7748 6332 "GET /admin/services/server_urls/30/change/ HTTP/1.1" 200 7761
[INFO] [2018-07-23 16:45:34 +0800] basehttp 7748 6684 "GET /admin/jsi18n/ HTTP/1.1" 200 3189
[INFO] [2018-07-23 16:45:39 +0800] basehttp 7748 7220 "POST /admin/services/server_urls/30/change/ HTTP/1.1" 302 0
[INFO] [2018-07-23 16:45:40 +0800] basehttp 7748 232 "GET /admin/services/server_urls/ HTTP/1.1" 200 17985
[INFO] [2018-07-23 16:45:40 +0800] basehttp 7748 3640 "GET /admin/jsi18n/ HTTP/1.1" 200 3189
[INFO] [2018-07-23 16:45:49 +0800] basehttp 7748 5960 "GET / HTTP/1.1" 200 4786
[INFO] [2018-07-23 16:45:58 +0800] basehttp 7748 5108 "GET /url/ HTTP/1.1" 200 16695
