[INFO] [2018-03-23 15:19:08 +0800] basehttp 3676 6868 "GET /admin/ HTTP/1.1" 200 8742
[WARNING] [2018-03-23 15:19:09 +0800] base 3676 300 Not Found: /favicon.ico
[WARNING] [2018-03-23 15:19:09 +0800] basehttp 3676 300 "GET /favicon.ico HTTP/1.1" 404 4411
[INFO] [2018-03-23 15:19:11 +0800] basehttp 3676 2020 "GET /admin/auth/user/ HTTP/1.1" 200 6504
[INFO] [2018-03-23 15:19:12 +0800] basehttp 3676 8112 "GET /admin/jsi18n/ HTTP/1.1" 200 7682
[INFO] [2018-03-23 15:19:13 +0800] basehttp 3676 7540 "GET /admin/auth/user/1/change/ HTTP/1.1" 200 18266
[INFO] [2018-03-23 15:19:13 +0800] basehttp 3676 7596 "GET /admin/jsi18n/ HTTP/1.1" 200 7682
[INFO] [2018-03-23 15:21:19 +0800] basehttp 3676 3004 "GET /admin/ HTTP/1.1" 200 8742
[INFO] [2018-03-23 15:21:25 +0800] basehttp 3676 1236 "GET /admin/services/server_type/ HTTP/1.1" 200 4499
[INFO] [2018-03-23 15:21:25 +0800] basehttp 3676 7772 "GET /admin/jsi18n/ HTTP/1.1" 200 7682
[INFO] [2018-03-23 15:21:27 +0800] basehttp 3676 7252 "GET /admin/ HTTP/1.1" 200 8742
[INFO] [2018-03-23 15:21:30 +0800] basehttp 3676 7420 "GET /admin/services/server_urls/ HTTP/1.1" 200 5949
[INFO] [2018-03-23 15:21:30 +0800] basehttp 3676 7452 "GET /admin/jsi18n/ HTTP/1.1" 200 7682
[INFO] [2018-03-23 15:21:33 +0800] basehttp 3676 520 "GET /admin/services/server_urls/?o=-4 HTTP/1.1" 200 6060
[INFO] [2018-03-23 15:21:33 +0800] basehttp 3676 1064 "GET /admin/jsi18n/ HTTP/1.1" 200 7682
[INFO] [2018-03-23 15:21:35 +0800] basehttp 3676 7652 "GET /admin/services/server_urls/?o=4 HTTP/1.1" 200 6053
[INFO] [2018-03-23 15:21:35 +0800] basehttp 3676 7840 "GET /admin/jsi18n/ HTTP/1.1" 200 7682
[INFO] [2018-03-23 15:21:37 +0800] basehttp 3676 6060 "GET /admin/services/server_urls/?o=-4 HTTP/1.1" 200 6060
[INFO] [2018-03-23 15:36:45 +0800] basehttp 7792 7840 "GET /admin/ HTTP/1.1" 200 8742
[INFO] [2018-03-23 15:36:47 +0800] basehttp 7792 8028 "GET /admin/services/server_urls/ HTTP/1.1" 200 5949
[INFO] [2018-03-23 15:36:47 +0800] basehttp 7792 4968 "GET /admin/jsi18n/ HTTP/1.1" 200 7682
[INFO] [2018-03-23 15:36:58 +0800] basehttp 7792 4960 "GET /admin/ HTTP/1.1" 200 8742
[INFO] [2018-03-23 15:37:01 +0800] basehttp 7792 6996 "GET /admin/auth/user/ HTTP/1.1" 200 6504
[INFO] [2018-03-23 15:37:01 +0800] basehttp 7792 7176 "GET /admin/jsi18n/ HTTP/1.1" 200 7682
[INFO] [2018-03-23 15:37:02 +0800] basehttp 7792 7512 "GET /admin/auth/user/1/change/ HTTP/1.1" 200 18169
[INFO] [2018-03-23 15:37:02 +0800] basehttp 7792 7684 "GET /admin/jsi18n/ HTTP/1.1" 200 7682
[INFO] [2018-03-23 15:37:45 +0800] basehttp 7772 7680 "GET /admin/auth/user/1/change/ HTTP/1.1" 200 18266
[INFO] [2018-03-23 15:37:45 +0800] basehttp 7772 8096 "GET /admin/jsi18n/ HTTP/1.1" 200 7682
[INFO] [2018-03-23 15:37:54 +0800] basehttp 7772 7752 "GET /admin/auth/user/1/change/ HTTP/1.1" 200 18266
[INFO] [2018-03-23 15:37:54 +0800] basehttp 7772 6444 "GET /admin/jsi18n/ HTTP/1.1" 200 7682
[INFO] [2018-03-23 15:37:54 +0800] basehttp 7772 1068 "GET /static/admin/css/base.css HTTP/1.1" 200 16066
[INFO] [2018-03-23 15:37:54 +0800] basehttp 7772 7808 "GET /static/admin/css/forms.css HTTP/1.1" 200 8173
[INFO] [2018-03-23 15:37:54 +0800] basehttp 7772 308 "GET /static/admin/js/core.js HTTP/1.1" 200 7976
[INFO] [2018-03-23 15:37:54 +0800] basehttp 7772 7020 "GET /static/admin/js/vendor/jquery/jquery.js HTTP/1.1" 200 258648
[INFO] [2018-03-23 15:37:54 +0800] basehttp 7772 7844 "GET /static/admin/js/jquery.init.js HTTP/1.1" 200 363
[INFO] [2018-03-23 15:37:54 +0800] basehttp 7772 7024 "GET /static/admin/js/admin/RelatedObjectLookups.js HTTP/1.1" 200 6591
[INFO] [2018-03-23 15:37:54 +0800] basehttp 7772 7824 "GET /static/admin/js/prepopulate.js HTTP/1.1" 200 1538
[INFO] [2018-03-23 15:37:54 +0800] basehttp 7772 4872 "GET /static/admin/css/widgets.css HTTP/1.1" 200 10340
[INFO] [2018-03-23 15:37:54 +0800] basehttp 7772 7188 "GET /static/admin/js/SelectBox.js HTTP/1.1" 200 5755
[INFO] [2018-03-23 15:37:54 +0800] basehttp 7772 7488 "GET /static/admin/js/urlify.js HTTP/1.1" 200 8186
[INFO] [2018-03-23 15:37:54 +0800] basehttp 7772 4916 "GET /static/admin/js/vendor/xregexp/xregexp.js HTTP/1.1" 200 128820
[INFO] [2018-03-23 15:37:54 +0800] basehttp 7772 1236 "GET /static/admin/js/actions.js HTTP/1.1" 200 6501
[INFO] [2018-03-23 15:37:54 +0800] basehttp 7772 6332 "GET /static/admin/css/fonts.css HTTP/1.1" 200 423
[INFO] [2018-03-23 15:37:54 +0800] basehttp 7772 5268 "GET /static/admin/js/SelectFilter2.js HTTP/1.1" 200 12389
[INFO] [2018-03-23 15:37:54 +0800] basehttp 7772 2992 "GET /static/admin/js/calendar.js HTTP/1.1" 200 7790
[INFO] [2018-03-23 15:37:54 +0800] basehttp 7772 5240 "GET /static/admin/js/admin/DateTimeShortcuts.js HTTP/1.1" 200 20529
[INFO] [2018-03-23 15:37:54 +0800] basehttp 7772 6156 "GET /static/admin/js/inlines.js HTTP/1.1" 200 13665
[INFO] [2018-03-23 15:37:54 +0800] basehttp 7772 1308 "GET /static/admin/js/change_form.js HTTP/1.1" 200 712
[INFO] [2018-03-23 15:37:54 +0800] basehttp 7772 6784 "GET /static/admin/js/prepopulate_init.js HTTP/1.1" 200 495
[INFO] [2018-03-23 15:37:54 +0800] basehttp 7772 5076 "GET /static/admin/img/icon-addlink.svg HTTP/1.1" 200 331
[INFO] [2018-03-23 15:37:54 +0800] basehttp 7772 7728 "GET /static/admin/fonts/Roboto-Light-webfont.woff HTTP/1.1" 200 81348
[INFO] [2018-03-23 15:37:54 +0800] basehttp 7772 3004 "GET /static/admin/fonts/Roboto-Regular-webfont.woff HTTP/1.1" 200 80304
[INFO] [2018-03-23 15:37:54 +0800] basehttp 7772 296 "GET /static/admin/fonts/Roboto-Bold-webfont.woff HTTP/1.1" 200 82564
[INFO] [2018-03-23 15:37:54 +0800] basehttp 7772 6196 "GET /static/admin/img/icon-unknown.svg HTTP/1.1" 200 655
[INFO] [2018-03-23 15:37:54 +0800] basehttp 7772 7692 "GET /static/admin/img/search.svg HTTP/1.1" 200 458
[INFO] [2018-03-23 15:37:54 +0800] basehttp 7772 2348 "GET /static/admin/img/selector-icons.svg HTTP/1.1" 200 3291
[INFO] [2018-03-23 15:37:54 +0800] basehttp 7772 5228 "GET /static/admin/img/icon-unknown-alt.svg HTTP/1.1" 200 655
[INFO] [2018-03-23 15:37:54 +0800] basehttp 7772 7044 "GET /static/admin/img/icon-calendar.svg HTTP/1.1" 200 1086
[INFO] [2018-03-23 15:37:54 +0800] basehttp 7772 7048 "GET /static/admin/img/icon-clock.svg HTTP/1.1" 200 677
[WARNING] [2018-03-23 15:37:54 +0800] base 7772 7852 Not Found: /favicon.ico
[WARNING] [2018-03-23 15:37:54 +0800] basehttp 7772 7852 "GET /favicon.ico HTTP/1.1" 404 4411
[INFO] [2018-03-23 15:39:43 +0800] basehttp 7772 6792 "GET /admin/ HTTP/1.1" 200 8742
[INFO] [2018-03-23 15:39:44 +0800] basehttp 7772 7908 "GET /admin/auth/user/ HTTP/1.1" 200 6504
[INFO] [2018-03-23 15:39:44 +0800] basehttp 7772 4000 "GET /admin/jsi18n/ HTTP/1.1" 200 7682
[INFO] [2018-03-23 15:39:46 +0800] basehttp 7772 7848 "GET /admin/auth/user/1/change/ HTTP/1.1" 200 18266
[INFO] [2018-03-23 15:39:46 +0800] basehttp 7772 7116 "GET /admin/jsi18n/ HTTP/1.1" 200 7682
[INFO] [2018-03-23 15:40:25 +0800] basehttp 7772 7544 "GET /admin/auth/user/ HTTP/1.1" 200 6504
[INFO] [2018-03-23 15:40:27 +0800] basehttp 7772 4064 "GET /admin/ HTTP/1.1" 200 8742
[INFO] [2018-03-23 15:40:32 +0800] basehttp 7772 7204 "GET /admin/services/server_type/ HTTP/1.1" 200 4499
[INFO] [2018-03-23 15:40:32 +0800] basehttp 7772 7308 "GET /admin/jsi18n/ HTTP/1.1" 200 7682
[INFO] [2018-03-23 15:40:34 +0800] basehttp 7772 6800 "GET /admin/ HTTP/1.1" 200 8742
[INFO] [2018-03-23 15:40:35 +0800] basehttp 7772 7264 "GET /admin/services/server_urls/ HTTP/1.1" 200 5949
[INFO] [2018-03-23 15:40:35 +0800] basehttp 7772 1700 "GET /admin/jsi18n/ HTTP/1.1" 200 7682
[INFO] [2018-03-23 15:40:41 +0800] basehttp 7772 7684 "GET /admin/ HTTP/1.1" 200 8742
[INFO] [2018-03-23 15:40:43 +0800] basehttp 7772 6716 "GET /admin/myapp/article_blog/ HTTP/1.1" 200 6039
[INFO] [2018-03-23 15:40:43 +0800] basehttp 7772 7200 "GET /admin/jsi18n/ HTTP/1.1" 200 7682
[INFO] [2018-03-23 15:40:46 +0800] basehttp 7772 520 "GET /admin/ HTTP/1.1" 200 8742
[INFO] [2018-03-23 15:40:47 +0800] basehttp 7772 7208 "GET /admin/myapp/category/ HTTP/1.1" 200 4439
[INFO] [2018-03-23 15:40:47 +0800] basehttp 7772 7960 "GET /admin/jsi18n/ HTTP/1.1" 200 7682
[INFO] [2018-03-23 15:40:49 +0800] basehttp 7772 7000 "GET /admin/ HTTP/1.1" 200 8742
[INFO] [2018-03-23 15:40:50 +0800] basehttp 7772 3184 "GET /admin/myapp/tag/ HTTP/1.1" 200 4160
[INFO] [2018-03-23 15:40:50 +0800] basehttp 7772 7368 "GET /admin/jsi18n/ HTTP/1.1" 200 7682
[INFO] [2018-03-23 15:40:52 +0800] basehttp 7772 5112 "GET /admin/ HTTP/1.1" 200 8742
[INFO] [2018-03-23 15:40:53 +0800] basehttp 7772 1120 "GET /admin/myapp/userinfo/ HTTP/1.1" 200 4875
[INFO] [2018-03-23 15:40:53 +0800] basehttp 7772 7976 "GET /admin/jsi18n/ HTTP/1.1" 200 7682
[INFO] [2018-03-23 15:40:57 +0800] basehttp 7772 1352 "GET /admin/ HTTP/1.1" 200 8742
[INFO] [2018-03-23 15:41:02 +0800] basehttp 7772 3908 "GET /admin/myapp/userinfo/ HTTP/1.1" 200 4875
[INFO] [2018-03-23 15:41:02 +0800] basehttp 7772 6804 "GET /admin/jsi18n/ HTTP/1.1" 200 7682
[INFO] [2018-03-23 15:41:03 +0800] basehttp 7772 544 "GET /admin/ HTTP/1.1" 200 8742
[INFO] [2018-03-23 15:41:05 +0800] basehttp 7772 7240 "GET /admin/auth/user/ HTTP/1.1" 200 6504
[INFO] [2018-03-23 15:41:05 +0800] basehttp 7772 7040 "GET /admin/jsi18n/ HTTP/1.1" 200 7682
[INFO] [2018-03-23 15:44:12 +0800] basehttp 7772 8064 "GET /admin/auth/user/1/change/ HTTP/1.1" 200 18266
[INFO] [2018-03-23 15:44:13 +0800] basehttp 7772 1988 "GET /admin/jsi18n/ HTTP/1.1" 200 7682
[INFO] [2018-03-23 15:44:25 +0800] basehttp 3308 2584 "GET /admin/auth/user/ HTTP/1.1" 200 6504
[INFO] [2018-03-23 15:44:25 +0800] basehttp 3308 4932 "GET /admin/jsi18n/ HTTP/1.1" 200 7682
[INFO] [2018-03-23 15:44:27 +0800] basehttp 3308 7920 "GET /admin/auth/user/1/change/ HTTP/1.1" 200 18455
[INFO] [2018-03-23 15:44:27 +0800] basehttp 3308 4152 "GET /admin/jsi18n/ HTTP/1.1" 200 7682
[INFO] [2018-03-23 15:45:09 +0800] basehttp 3308 2604 "GET /admin/auth/user/ HTTP/1.1" 200 6504
[INFO] [2018-03-23 15:49:19 +0800] basehttp 5600 8064 "GET /admin/auth/user/1/change/ HTTP/1.1" 200 18169
[INFO] [2018-03-23 15:49:19 +0800] basehttp 5600 7440 "GET /admin/jsi18n/ HTTP/1.1" 200 7682
