[INFO] [2018-08-30 13:37:58 +0800] [django.server] [basehttp.py] basehttp 4692 8084 "GET / HTTP/1.1" 200 5133
[INFO] [2018-08-30 13:37:58 +0800] [django.server] [basehttp.py] basehttp 4692 6696 "GET /static/bootstrap-3.3.7/css/bootstrap.min.css HTTP/1.1" 304 0
[INFO] [2018-08-30 13:37:58 +0800] [django.server] [basehttp.py] basehttp 4692 8080 "GET /static/bootstrap-3.3.7/css/signin.css HTTP/1.1" 304 0
[INFO] [2018-08-30 13:38:06 +0800] [django.server] [basehttp.py] basehttp 4692 5736 "GET /url/ HTTP/1.1" 200 13084
[INFO] [2018-08-30 13:38:10 +0800] [django.server] [basehttp.py] basehttp 4692 3080 "GET /admin/ HTTP/1.1" 200 9273
[WARNING] [2018-08-30 13:38:10 +0800] [django.request] [base.py] base 4692 3904 Not Found: /favicon.ico
[WARNING] [2018-08-30 13:38:10 +0800] [django.server] [basehttp.py] basehttp 4692 3904 "GET /favicon.ico HTTP/1.1" 404 4968
[INFO] [2018-08-30 13:38:34 +0800] [django.server] [basehttp.py] basehttp 4692 4972 "GET /admin/services/server_urls/ HTTP/1.1" 200 18570
[INFO] [2018-08-30 13:38:34 +0800] [django.server] [basehttp.py] basehttp 4692 3584 "GET /admin/jsi18n/ HTTP/1.1" 200 3189
[INFO] [2018-08-30 13:38:47 +0800] [django.server] [basehttp.py] basehttp 4692 8172 "GET /admin/services/server_urls/6/change/ HTTP/1.1" 200 10143
[INFO] [2018-08-30 13:38:47 +0800] [django.server] [basehttp.py] basehttp 4692 7720 "GET /admin/jsi18n/ HTTP/1.1" 200 3189
[INFO] [2018-08-30 13:40:40 +0800] [django.server] [basehttp.py] basehttp 4692 552 "POST /admin/services/server_urls/6/change/ HTTP/1.1" 302 0
[INFO] [2018-08-30 13:40:40 +0800] [django.server] [basehttp.py] basehttp 4692 7832 "GET /admin/services/server_urls/ HTTP/1.1" 200 18759
[INFO] [2018-08-30 13:40:40 +0800] [django.server] [basehttp.py] basehttp 4692 4248 "GET /admin/jsi18n/ HTTP/1.1" 200 3189
[INFO] [2018-08-30 13:40:40 +0800] [django.server] [basehttp.py] basehttp 4692 1152 "GET /static/admin/img/icon-yes.svg HTTP/1.1" 304 0
[INFO] [2018-08-30 13:40:46 +0800] [django.server] [basehttp.py] basehttp 4692 7620 "GET /admin/services/server_urls/6/change/ HTTP/1.1" 200 10164
[INFO] [2018-08-30 13:40:46 +0800] [django.server] [basehttp.py] basehttp 4692 4484 "GET /admin/jsi18n/ HTTP/1.1" 200 3189
[INFO] [2018-08-30 13:40:58 +0800] [django.server] [basehttp.py] basehttp 4692 7524 "POST /admin/services/server_urls/6/change/ HTTP/1.1" 302 0
[INFO] [2018-08-30 13:40:58 +0800] [django.server] [basehttp.py] basehttp 4692 8092 "GET /admin/services/server_urls/ HTTP/1.1" 200 18759
[INFO] [2018-08-30 13:40:58 +0800] [django.server] [basehttp.py] basehttp 4692 3412 "GET /admin/jsi18n/ HTTP/1.1" 200 3189
[INFO] [2018-08-30 13:41:01 +0800] [django.server] [basehttp.py] basehttp 4692 5796 "GET /admin/services/server_urls/10/change/ HTTP/1.1" 200 10146
[INFO] [2018-08-30 13:41:01 +0800] [django.server] [basehttp.py] basehttp 4692 1824 "GET /admin/jsi18n/ HTTP/1.1" 200 3189
[INFO] [2018-08-30 13:41:13 +0800] [django.server] [basehttp.py] basehttp 4692 7984 "POST /admin/services/server_urls/10/change/ HTTP/1.1" 302 0
[INFO] [2018-08-30 13:41:13 +0800] [django.server] [basehttp.py] basehttp 4692 6232 "GET /admin/services/server_urls/ HTTP/1.1" 200 18760
[INFO] [2018-08-30 13:41:13 +0800] [django.server] [basehttp.py] basehttp 4692 8068 "GET /admin/jsi18n/ HTTP/1.1" 200 3189
[INFO] [2018-08-30 13:43:10 +0800] [django.server] [basehttp.py] basehttp 4692 7688 "GET /admin/services/server_urls/6/change/ HTTP/1.1" 200 10164
[INFO] [2018-08-30 13:43:10 +0800] [django.server] [basehttp.py] basehttp 4692 3524 "GET /admin/jsi18n/ HTTP/1.1" 200 3189
[INFO] [2018-08-30 13:43:27 +0800] [django.server] [basehttp.py] basehttp 4692 7868 "GET /admin/services/server_urls/ HTTP/1.1" 200 18570
[INFO] [2018-08-30 14:32:25 +0800] [django.server] [basehttp.py] basehttp 4692 7564 "GET /admin/services/server_urls/19/change/ HTTP/1.1" 200 8987
[INFO] [2018-08-30 14:32:25 +0800] [django.server] [basehttp.py] basehttp 4692 8160 "GET /admin/jsi18n/ HTTP/1.1" 200 3189
[INFO] [2018-08-30 14:33:16 +0800] [django.server] [basehttp.py] basehttp 4692 1408 "GET /admin/services/server_urls/ HTTP/1.1" 200 18570
[INFO] [2018-08-30 14:33:40 +0800] [django.server] [basehttp.py] basehttp 4692 7492 "GET /elasticsearchinfo/ HTTP/1.1" 200 22538
