[INFO] [2018-07-26 09:50:37 +0800] basehttp 4580 868 "GET /admin/ HTTP/1.1" 200 8801
[WARNING] [2018-07-26 09:50:38 +0800] base 4580 168 Not Found: /favicon.ico
[WARNING] [2018-07-26 09:50:38 +0800] basehttp 4580 168 "GET /favicon.ico HTTP/1.1" 404 4604
[INFO] [2018-07-26 09:50:41 +0800] basehttp 4580 3252 "GET /admin/services/server_urls/ HTTP/1.1" 200 18125
[INFO] [2018-07-26 09:50:41 +0800] basehttp 4580 4148 "GET /admin/jsi18n/ HTTP/1.1" 200 3189
[INFO] [2018-07-26 09:50:50 +0800] basehttp 4580 2780 "GET /admin/services/server_urls/19/change/ HTTP/1.1" 200 8699
[INFO] [2018-07-26 09:50:50 +0800] basehttp 4580 3892 "GET /admin/jsi18n/ HTTP/1.1" 200 3189
[INFO] [2018-07-26 09:53:22 +0800] basehttp 4580 4356 "POST /admin/services/server_urls/19/change/ HTTP/1.1" 302 0
[INFO] [2018-07-26 09:53:22 +0800] basehttp 4580 5736 "GET /admin/services/server_urls/ HTTP/1.1" 200 18329
[INFO] [2018-07-26 09:53:22 +0800] basehttp 4580 4524 "GET /admin/jsi18n/ HTTP/1.1" 200 3189
[INFO] [2018-07-26 09:53:27 +0800] basehttp 4580 3588 "GET / HTTP/1.1" 200 4786
[INFO] [2018-07-26 09:53:29 +0800] basehttp 4580 2476 "GET /url/ HTTP/1.1" 200 11736
[INFO] [2018-07-26 09:53:32 +0800] basehttp 4580 5216 "GET /url/19/ HTTP/1.1" 200 7343
[INFO] [2018-07-26 09:53:53 +0800] basehttp 4580 6976 "GET /admin/services/server_urls/20/change/ HTTP/1.1" 200 8699
[INFO] [2018-07-26 09:53:53 +0800] basehttp 4580 1864 "GET /admin/jsi18n/ HTTP/1.1" 200 3189
[INFO] [2018-07-26 09:54:13 +0800] basehttp 4580 6920 "POST /admin/services/server_urls/20/change/ HTTP/1.1" 302 0
[INFO] [2018-07-26 09:54:14 +0800] basehttp 4580 4152 "GET /admin/services/server_urls/ HTTP/1.1" 200 18329
[INFO] [2018-07-26 09:54:14 +0800] basehttp 4580 1496 "GET /admin/jsi18n/ HTTP/1.1" 200 3189
[INFO] [2018-07-26 09:54:24 +0800] basehttp 4580 2084 "GET /url/ HTTP/1.1" 200 11736
[INFO] [2018-07-26 09:54:30 +0800] basehttp 4580 6740 "GET /url/19/ HTTP/1.1" 200 7343
[INFO] [2018-07-26 15:18:41 +0800] basehttp 8008 772 "GET / HTTP/1.1" 200 4786
[INFO] [2018-07-26 15:18:43 +0800] basehttp 8008 2844 "GET /url/ HTTP/1.1" 200 11736
[INFO] [2018-07-26 15:18:45 +0800] basehttp 8008 6372 "GET /url/3/ HTTP/1.1" 200 5937
[INFO] [2018-07-26 15:18:48 +0800] basehttp 8008 7932 "GET /url/28/ HTTP/1.1" 200 5937
[INFO] [2018-07-26 15:18:50 +0800] basehttp 8008 7748 "GET /url/ HTTP/1.1" 200 11736
[INFO] [2018-07-26 15:19:02 +0800] basehttp 8008 7388 "GET /url/25/ HTTP/1.1" 200 5937
[INFO] [2018-07-26 15:19:06 +0800] basehttp 8008 8052 "GET /url/3/ HTTP/1.1" 200 5937
[INFO] [2018-07-26 15:19:47 +0800] basehttp 7580 8132 "GET /url/ HTTP/1.1" 200 11736
[INFO] [2018-07-26 15:19:48 +0800] basehttp 7580 1716 "GET /static/icon/favicon.ico HTTP/1.1" 200 5430
[INFO] [2018-07-26 15:19:49 +0800] basehttp 7580 4872 "GET /url/25/ HTTP/1.1" 200 5937
[INFO] [2018-07-26 15:20:07 +0800] basehttp 7580 7216 "GET /url/26/ HTTP/1.1" 200 5937
[INFO] [2018-07-26 15:23:05 +0800] basehttp 8084 6792 "GET /url/26/ HTTP/1.1" 200 5937
[INFO] [2018-07-26 15:23:06 +0800] basehttp 8084 4652 "GET /static/icon/favicon.ico HTTP/1.1" 200 5430
[INFO] [2018-07-26 15:23:07 +0800] basehttp 8084 7956 "GET /url/ HTTP/1.1" 200 11736
[INFO] [2018-07-26 15:23:10 +0800] basehttp 8084 3996 "GET /url/23/ HTTP/1.1" 200 5937
[INFO] [2018-07-26 15:23:28 +0800] basehttp 4404 8100 "GET /url/23/ HTTP/1.1" 200 5953
[INFO] [2018-07-26 15:23:28 +0800] basehttp 4404 7724 "GET /static/icon/favicon.ico HTTP/1.1" 200 5430
[INFO] [2018-07-26 15:23:30 +0800] basehttp 4404 1128 "GET /url/23/ HTTP/1.1" 200 5953
[INFO] [2018-07-26 15:23:30 +0800] basehttp 4404 5064 "GET /static/icon/favicon.ico HTTP/1.1" 200 5430
[INFO] [2018-07-26 15:23:31 +0800] basehttp 4404 6592 "GET /url/ HTTP/1.1" 200 11736
[INFO] [2018-07-26 15:23:33 +0800] basehttp 4404 7632 "GET /url/25/ HTTP/1.1" 200 5953
[INFO] [2018-07-26 15:24:27 +0800] basehttp 4404 6740 "GET /url/ HTTP/1.1" 200 11736
[INFO] [2018-07-26 15:24:29 +0800] basehttp 4404 1820 "GET /url/25/ HTTP/1.1" 200 5953
[INFO] [2018-07-26 15:25:30 +0800] basehttp 3576 7712 "GET /url/ HTTP/1.1" 200 11736
[INFO] [2018-07-26 15:25:35 +0800] basehttp 3576 6276 "GET /url/25/ HTTP/1.1" 200 6592
[INFO] [2018-07-26 15:25:44 +0800] basehttp 3576 8028 "GET /url/ HTTP/1.1" 200 11736
[INFO] [2018-07-26 15:25:49 +0800] basehttp 3576 6524 "GET /url/?page=2 HTTP/1.1" 200 11569
[INFO] [2018-07-26 15:25:55 +0800] basehttp 3576 5688 "GET /url/?page=1 HTTP/1.1" 200 11736
[INFO] [2018-07-26 15:25:57 +0800] basehttp 3576 7824 "GET /url/19/ HTTP/1.1" 200 7343
[INFO] [2018-07-26 15:26:45 +0800] basehttp 7388 8052 "GET /url/ HTTP/1.1" 200 11736
[INFO] [2018-07-26 15:26:48 +0800] basehttp 7388 4836 "GET /url/19/ HTTP/1.1" 200 5953
[INFO] [2018-07-26 15:28:14 +0800] basehttp 8084 4240 "GET /url/19/ HTTP/1.1" 200 7341
[INFO] [2018-07-26 15:28:14 +0800] basehttp 8084 7412 "GET /static/icon/favicon.ico HTTP/1.1" 200 5430
[INFO] [2018-07-26 15:28:29 +0800] basehttp 8084 8176 "GET /url/ HTTP/1.1" 200 11736
[INFO] [2018-07-26 15:28:34 +0800] basehttp 8084 552 "GET /url/23/ HTTP/1.1" 200 6584
[INFO] [2018-07-26 15:28:49 +0800] basehttp 8084 8136 "GET /url/25/ HTTP/1.1" 200 6590
[INFO] [2018-07-26 15:29:51 +0800] basehttp 6376 8140 "GET /url/ HTTP/1.1" 200 11736
[INFO] [2018-07-26 15:29:53 +0800] basehttp 6376 2952 "GET /url/23/ HTTP/1.1" 200 6586
[INFO] [2018-07-26 15:30:51 +0800] basehttp 6376 4736 "GET /url/ HTTP/1.1" 200 11736
[INFO] [2018-07-26 15:31:21 +0800] basehttp 6376 3304 "GET /url/25/ HTTP/1.1" 200 6592
[INFO] [2018-07-26 15:31:25 +0800] basehttp 6376 4988 "GET /userauth/logout/ HTTP/1.1" 200 3814
[INFO] [2018-07-26 15:31:29 +0800] basehttp 6376 8136 "GET /url/25/ HTTP/1.1" 302 0
[INFO] [2018-07-26 15:31:29 +0800] basehttp 6376 3180 "GET /userauth/login/?next=/url/25/ HTTP/1.1" 200 6610
[INFO] [2018-07-26 15:31:42 +0800] basehttp 884 7812 "GET /url/25/ HTTP/1.1" 200 5683
[INFO] [2018-07-26 15:31:49 +0800] basehttp 756 7380 "GET /url/25/ HTTP/1.1" 302 0
[INFO] [2018-07-26 15:31:49 +0800] basehttp 756 4880 "GET /userauth/login/?next=/url/25/ HTTP/1.1" 200 6610
[INFO] [2018-07-26 15:31:51 +0800] basehttp 756 2088 "POST /userauth/login/ HTTP/1.1" 302 0
[INFO] [2018-07-26 15:31:51 +0800] basehttp 756 7708 "GET /url/25/ HTTP/1.1" 200 6592
[INFO] [2018-07-26 15:31:53 +0800] basehttp 756 3216 "GET /url/ HTTP/1.1" 200 11736
[INFO] [2018-07-26 16:53:26 +0800] basehttp 7240 7084 "GET /url/ HTTP/1.1" 200 11736
[INFO] [2018-07-26 16:53:26 +0800] basehttp 7240 7708 "GET /static/icon/favicon.ico HTTP/1.1" 200 5430
[INFO] [2018-07-26 16:53:27 +0800] basehttp 7240 3464 "GET /url/28/ HTTP/1.1" 200 6960
[INFO] [2018-07-26 16:53:29 +0800] basehttp 7240 7420 "GET /url/ HTTP/1.1" 200 11736
