[INFO] [2018-08-31 09:27:32 +0800] [django.server] [basehttp.py] basehttp 7868 3844 "GET / HTTP/1.1" 200 5133
[INFO] [2018-08-31 09:27:32 +0800] [django.server] [basehttp.py] basehttp 7868 548 "GET /static/bootstrap-3.3.7/css/starter-template.css HTTP/1.1" 304 0
[INFO] [2018-08-31 09:27:32 +0800] [django.server] [basehttp.py] basehttp 7868 6684 "GET /static/bootstrap-3.3.7/css/ie10-viewport-bug-workaround.css HTTP/1.1" 304 0
[INFO] [2018-08-31 09:27:38 +0800] [django.server] [basehttp.py] basehttp 7868 4952 "GET /url/ HTTP/1.1" 200 13084
[INFO] [2018-08-31 09:27:42 +0800] [django.server] [basehttp.py] basehttp 7868 8080 "GET /url/?page=2 HTTP/1.1" 200 13056
[INFO] [2018-08-31 09:27:45 +0800] [django.server] [basehttp.py] basehttp 7868 7368 "GET /url/?page=3 HTTP/1.1" 200 7557
[INFO] [2018-08-31 09:27:47 +0800] [django.server] [basehttp.py] basehttp 7868 7612 "GET /url/?page=1 HTTP/1.1" 200 13084
[INFO] [2018-08-31 09:27:52 +0800] [django.server] [basehttp.py] basehttp 7868 7344 "GET /elasticsearchinfo/ HTTP/1.1" 200 22543
[INFO] [2018-08-31 09:28:09 +0800] [django.server] [basehttp.py] basehttp 7868 7480 "GET /admin/ HTTP/1.1" 200 9287
[WARNING] [2018-08-31 09:28:09 +0800] [django.request] [base.py] base 7868 7404 Not Found: /favicon.ico
[WARNING] [2018-08-31 09:28:09 +0800] [django.server] [basehttp.py] basehttp 7868 7404 "GET /favicon.ico HTTP/1.1" 404 4968
[INFO] [2018-08-31 09:29:25 +0800] [django.server] [basehttp.py] basehttp 7868 7264 "GET /admin/services/server_urls/ HTTP/1.1" 200 18570
[INFO] [2018-08-31 09:29:25 +0800] [django.server] [basehttp.py] basehttp 7868 7256 "GET /admin/jsi18n/ HTTP/1.1" 200 3189
[INFO] [2018-08-31 09:29:39 +0800] [django.server] [basehttp.py] basehttp 7868 7472 "GET /admin/services/server_urls/27/change/ HTTP/1.1" 200 8688
[INFO] [2018-08-31 09:29:39 +0800] [django.server] [basehttp.py] basehttp 7868 7220 "GET /admin/jsi18n/ HTTP/1.1" 200 3189
[INFO] [2018-08-31 09:30:15 +0800] [django.server] [basehttp.py] basehttp 7868 4884 "GET /admin/services/server_urls/ HTTP/1.1" 200 18570
[INFO] [2018-08-31 09:30:16 +0800] [django.server] [basehttp.py] basehttp 7868 7892 "GET /admin/services/server_urls/add/ HTTP/1.1" 200 7372
[INFO] [2018-08-31 09:30:16 +0800] [django.server] [basehttp.py] basehttp 7868 8120 "GET /admin/jsi18n/ HTTP/1.1" 200 3189
[INFO] [2018-08-31 09:35:30 +0800] [django.server] [basehttp.py] basehttp 7868 7276 "POST /admin/services/server_urls/add/ HTTP/1.1" 302 0
[INFO] [2018-08-31 09:35:30 +0800] [django.server] [basehttp.py] basehttp 7868 7988 "GET /admin/services/server_urls/ HTTP/1.1" 200 19222
[INFO] [2018-08-31 09:35:30 +0800] [django.server] [basehttp.py] basehttp 7868 3836 "GET /admin/jsi18n/ HTTP/1.1" 200 3189
[INFO] [2018-08-31 09:35:37 +0800] [django.server] [basehttp.py] basehttp 7868 6576 "GET /admin/services/server_urls/27/change/ HTTP/1.1" 200 8688
[INFO] [2018-08-31 09:35:37 +0800] [django.server] [basehttp.py] basehttp 7868 7828 "GET /admin/jsi18n/ HTTP/1.1" 200 3189
[INFO] [2018-08-31 09:35:54 +0800] [django.server] [basehttp.py] basehttp 7868 7888 "GET /admin/services/server_urls/ HTTP/1.1" 200 19021
[INFO] [2018-08-31 09:35:58 +0800] [django.server] [basehttp.py] basehttp 7868 3516 "GET /admin/services/server_urls/32/change/ HTTP/1.1" 200 7934
[INFO] [2018-08-31 09:35:58 +0800] [django.server] [basehttp.py] basehttp 7868 6464 "GET /admin/jsi18n/ HTTP/1.1" 200 3189
[INFO] [2018-08-31 09:43:10 +0800] [django.server] [basehttp.py] basehttp 7868 7968 "POST /admin/services/server_urls/32/change/ HTTP/1.1" 302 0
[INFO] [2018-08-31 09:43:10 +0800] [django.server] [basehttp.py] basehttp 7868 6436 "GET /admin/services/server_urls/ HTTP/1.1" 200 19224
[INFO] [2018-08-31 09:43:10 +0800] [django.server] [basehttp.py] basehttp 7868 2668 "GET /admin/jsi18n/ HTTP/1.1" 200 3189
[INFO] [2018-08-31 09:43:14 +0800] [django.server] [basehttp.py] basehttp 7868 7576 "GET /url/environment/3/ HTTP/1.1" 200 13163
[INFO] [2018-08-31 09:43:18 +0800] [django.server] [basehttp.py] basehttp 7868 5988 "GET /url/32/ HTTP/1.1" 200 7342
[INFO] [2018-08-31 11:13:47 +0800] [django.server] [basehttp.py] basehttp 7868 7880 "GET /url/environment/3/?page=2 HTTP/1.1" 200 11359
[INFO] [2018-08-31 11:13:48 +0800] [django.server] [basehttp.py] basehttp 7868 6676 "GET /url/environment/3/?page=1 HTTP/1.1" 200 13163
