[INFO] [2018-07-25 10:40:43 +0800] basehttp 7000 2516 "GET / HTTP/1.1" 200 4786
[INFO] [2018-07-25 10:40:43 +0800] basehttp 7000 4480 "GET /static/bootstrap-3.3.7/css/starter-template.css HTTP/1.1" 304 0
[INFO] [2018-07-25 10:40:43 +0800] basehttp 7000 6552 "GET /static/bootstrap-3.3.7/css/ie10-viewport-bug-workaround.css HTTP/1.1" 304 0
[INFO] [2018-07-25 10:40:44 +0800] basehttp 7000 5472 "GET /url/ HTTP/1.1" 200 11643
[INFO] [2018-07-25 10:52:38 +0800] basehttp 2640 4580 "GET /url/ HTTP/1.1" 200 11643
[INFO] [2018-07-25 10:52:39 +0800] basehttp 2640 3024 "GET /url/environment/3/ HTTP/1.1" 200 11724
[INFO] [2018-07-25 10:52:41 +0800] basehttp 2640 3756 "GET /url/ HTTP/1.1" 200 11643
[INFO] [2018-07-25 11:00:23 +0800] basehttp 3424 2692 "GET /url/environment/3/ HTTP/1.1" 200 11476
[INFO] [2018-07-25 11:00:26 +0800] basehttp 3424 3376 "GET /url/ HTTP/1.1" 200 11643
[INFO] [2018-07-25 11:00:28 +0800] basehttp 3424 5772 "GET /url/environment/3/ HTTP/1.1" 200 11476
[INFO] [2018-07-25 11:00:29 +0800] basehttp 3424 5764 "GET /url/environment/2/ HTTP/1.1" 200 6342
[INFO] [2018-07-25 11:00:31 +0800] basehttp 3424 5368 "GET /url/environment/1/ HTTP/1.1" 200 7291
[INFO] [2018-07-25 11:00:33 +0800] basehttp 3424 6628 "GET /url/environment/3/ HTTP/1.1" 200 11476
[INFO] [2018-07-25 11:00:43 +0800] basehttp 6156 5480 "GET /url/environment/3/ HTTP/1.1" 200 11724
[INFO] [2018-07-25 11:00:43 +0800] basehttp 6156 2548 "GET /static/icon/favicon.ico HTTP/1.1" 200 5430
[INFO] [2018-07-25 11:02:13 +0800] basehttp 6156 3024 "GET /url/environment/3/ HTTP/1.1" 200 11724
[INFO] [2018-07-25 11:02:15 +0800] basehttp 6156 6444 "GET /url/ HTTP/1.1" 200 11643
[INFO] [2018-07-25 11:02:17 +0800] basehttp 6156 5040 "GET /url/environment/1/ HTTP/1.1" 200 7291
[INFO] [2018-07-25 11:02:18 +0800] basehttp 6156 6224 "GET /url/environment/3/ HTTP/1.1" 200 11724
[INFO] [2018-07-25 11:02:20 +0800] basehttp 6156 5468 "GET /url/ HTTP/1.1" 200 11643
[WARNING] [2018-07-25 11:06:37 +0800] base 6156 5900 Not Found: /new_add
[WARNING] [2018-07-25 11:06:37 +0800] basehttp 6156 5900 "GET /new_add HTTP/1.1" 404 4592
[WARNING] [2018-07-25 11:06:38 +0800] base 6156 6672 Not Found: /favicon.ico
[WARNING] [2018-07-25 11:06:38 +0800] basehttp 6156 6672 "GET /favicon.ico HTTP/1.1" 404 4604
[WARNING] [2018-07-25 11:06:44 +0800] base 6156 3984 Not Found: /add
[WARNING] [2018-07-25 11:06:44 +0800] basehttp 6156 3984 "GET /add HTTP/1.1" 404 4580
[INFO] [2018-07-25 11:07:52 +0800] basehttp 6156 1032 "GET /new_add/1/1 HTTP/1.1" 301 0
[INFO] [2018-07-25 11:07:52 +0800] basehttp 6156 4908 "GET /new_add/1/1/ HTTP/1.1" 200 1
[INFO] [2018-07-25 11:16:15 +0800] basehttp 6156 6632 "GET /blogindex/ HTTP/1.1" 200 11721
[INFO] [2018-07-25 11:16:17 +0800] basehttp 6156 7164 "GET /post/3/ HTTP/1.1" 200 10670
[INFO] [2018-07-25 11:16:19 +0800] basehttp 6156 1072 "GET /blogindex/ HTTP/1.1" 200 11721
[INFO] [2018-07-25 11:16:51 +0800] basehttp 6156 1320 "GET /url/ HTTP/1.1" 200 11643
[INFO] [2018-07-25 11:19:17 +0800] basehttp 6156 1480 "GET /url/ HTTP/1.1" 200 11668
[INFO] [2018-07-25 11:19:17 +0800] basehttp 6156 6628 "GET /static/icon/favicon.ico HTTP/1.1" 200 5430
[INFO] [2018-07-25 11:19:21 +0800] basehttp 6156 4480 "GET /blogindex/ HTTP/1.1" 200 11746
[INFO] [2018-07-25 11:19:22 +0800] basehttp 6156 356 "GET /url/ HTTP/1.1" 200 11668
[INFO] [2018-07-25 11:19:24 +0800] basehttp 6156 4616 "GET /url/?page=2 HTTP/1.1" 200 11501
[INFO] [2018-07-25 11:19:25 +0800] basehttp 6156 4180 "GET /url/?page=1 HTTP/1.1" 200 11668
[INFO] [2018-07-25 11:19:42 +0800] basehttp 6972 2548 "GET /url/?page=1 HTTP/1.1" 200 16727
[INFO] [2018-07-25 11:19:43 +0800] basehttp 6972 5792 "GET /static/icon/favicon.ico HTTP/1.1" 200 5430
[INFO] [2018-07-25 11:22:51 +0800] basehttp 2868 3772 "GET /url/ HTTP/1.1" 200 11655
[INFO] [2018-07-25 11:23:07 +0800] basehttp 2868 6184 "GET /url/ HTTP/1.1" 200 11643
[INFO] [2018-07-25 11:23:08 +0800] basehttp 2868 4580 "GET /static/icon/favicon.ico HTTP/1.1" 200 5430
[INFO] [2018-07-25 11:23:32 +0800] basehttp 2868 3364 "GET /url/ HTTP/1.1" 200 11708
[INFO] [2018-07-25 11:23:32 +0800] basehttp 2868 6680 "GET /static/icon/favicon.ico HTTP/1.1" 200 5430
[INFO] [2018-07-25 11:23:46 +0800] basehttp 2868 6028 "GET /url/ HTTP/1.1" 200 11708
[INFO] [2018-07-25 11:23:46 +0800] basehttp 2868 2576 "GET /static/icon/favicon.ico HTTP/1.1" 200 5430
[INFO] [2018-07-25 11:24:06 +0800] basehttp 2868 1768 "GET /url/ HTTP/1.1" 200 11708
[INFO] [2018-07-25 11:24:06 +0800] basehttp 2868 5376 "GET /static/icon/favicon.ico HTTP/1.1" 200 5430
[INFO] [2018-07-25 11:24:23 +0800] basehttp 2868 4372 "GET /url/ HTTP/1.1" 200 11727
[INFO] [2018-07-25 11:24:23 +0800] basehttp 2868 4660 "GET /static/icon/favicon.ico HTTP/1.1" 200 5430
[INFO] [2018-07-25 11:24:30 +0800] basehttp 2868 4032 "GET /url/ HTTP/1.1" 200 11727
[INFO] [2018-07-25 11:24:31 +0800] basehttp 2868 6352 "GET /static/icon/favicon.ico HTTP/1.1" 200 5430
[INFO] [2018-07-25 11:50:29 +0800] basehttp 2868 4376 "GET /url/ HTTP/1.1" 200 11736
[INFO] [2018-07-25 11:50:29 +0800] basehttp 2868 3548 "GET /static/icon/favicon.ico HTTP/1.1" 200 5430
[INFO] [2018-07-25 11:50:53 +0800] basehttp 2868 3424 "GET /url/25/ HTTP/1.1" 200 6592
[INFO] [2018-07-25 11:59:24 +0800] basehttp 2868 2684 "GET /url/?page=2 HTTP/1.1" 200 11569
[INFO] [2018-07-25 11:59:25 +0800] basehttp 2868 5660 "GET /url/?page=1 HTTP/1.1" 200 11736
[INFO] [2018-07-25 11:59:39 +0800] basehttp 2868 6448 "GET /url/?page=2 HTTP/1.1" 200 11569
[INFO] [2018-07-25 11:59:40 +0800] basehttp 2868 7088 "GET /url/?page=1 HTTP/1.1" 200 11736
